#INFO: **** input file is /global/scratch/users/vaibhavvaiyakarnam/bdp_tddft/nbd_variants_bundle_plus_grid_basis/nbd_lambdascan_cam_b3lyp.py ****
import numpy
from pyscf import gto, scf, tdscf
import qed  # Your custom QED module

# ==========================================
# 1. MOLECULE SETUP: NBD-Amine
# ==========================================
mol = gto.Mole()
mol.verbose = 4
mol.atom = '''
C          -2.99554846        1.49184713        0.06984285
C          -3.08915556        0.07862534        0.10145860
C          -1.79815582        2.17809899        0.05826152
C          -0.58983022        1.41049177        0.07966505
C          -1.95291341       -0.72591027        0.12325400
C          -0.69349421       -0.02259677        0.11170980
N          -1.78904308        3.63135873        0.02520691
N          -1.95150461       -2.07986412        0.15360125
N           0.69806302        1.72629785        0.07703127
N           0.51633005       -0.54566576        0.12780684
O           1.35157792        0.52020757        0.10665545
O          -2.87356420        4.21273120        0.00856359
O          -0.69243507        4.18038272        0.01590057
H          -3.90624208        2.09109650        0.05328804
H          -4.07782349       -0.38361936        0.10860611
H          -2.81569835       -2.60270478        0.16240987
H          -1.07520465       -2.58348058        0.16777606
'''
mol.basis = '6-31+G**'
mol.build()

# ==========================================
# 2. GROUND STATE SCF (PMMA Matrix)
# ==========================================
print("\n--- Starting Ground State SCF ---")

# OPTIMIZATION 1: Density Fitting applied here
mf = scf.RKS(mol).density_fit() 
mf.xc = "cam-b3lyp"  # range-separated hybrid functional
mf = mf.ddCOSMO()            
mf.with_solvent.eps = 3.0    
mf.kernel()

# ==========================================
# 3. PRE-SCAN: STANDARD TD-DFT
# ==========================================
print("\n--- Running Standard TD-DFT to find Resonance and Dipole ---")
td_std = tdscf.TDA(mf)

# OPTIMIZATION 2: Reduced roots
td_std.nroots = 5  
td_std.kernel()

# Extract the S1 Energy (in atomic units/Hartrees)
s1_energy_au = td_std.e[0]
s1_energy_ev = s1_energy_au * 27.2114

# Extract the S1 Transition Dipole Moment vector (X, Y, Z)
tdm_vector = td_std.transition_dipole()[0]

# Normalize the TDM vector to get a pure unit direction vector
tdm_magnitude = numpy.linalg.norm(tdm_vector)
tdm_direction = tdm_vector / tdm_magnitude

print(f"\n>> AUTO-TUNING RESULTS <<")
print(f"Resonant Cavity Freq : {s1_energy_au:.6f} a.u. ({s1_energy_ev:.3f} eV)")
print(f"TDM Vector (Raw)     : [{tdm_vector[0]:.4f}, {tdm_vector[1]:.4f}, {tdm_vector[2]:.4f}]")
print(f"TDM Direction (Unit) : [{tdm_direction[0]:.4f}, {tdm_direction[1]:.4f}, {tdm_direction[2]:.4f}]")

# Set the QED cavity frequency dynamically
cavity_freq = numpy.asarray([s1_energy_au])

# ==========================================
# 4. QED CAVITY LAMBDA SCAN
# ==========================================
print("\n--- Starting QED Lambda Scan ---")

# Scan over coupling strengths 0 to 0.01 in increments of 0.001
for coupling in numpy.linspace(0.0, 0.01, 11):
    print(f"\n========================================")
    print(f" RUNNING COUPLING STRENGTH: {coupling:.3f}")
    print(f"========================================")
    
    # Scale the pure direction vector by the current coupling strength
    scaled_cavity_mode = coupling * tdm_direction
    cavity_mode = numpy.asarray([scaled_cavity_mode])

    # TDA-JC Setup using dynamic frequency and mode
    cav_model = qed.JC(mf, cavity_mode=cavity_mode, cavity_freq=cavity_freq)
    td_qed    = qed.TDA(mf, cav_obj=cav_model)
    
    # OPTIMIZATION 3: Reduced roots in the loop
    td_qed.nroots = 5  
    
    # Run the QED TD-DFT calculation
    td_qed.kernel()#INFO: ******************** input file end ********************


System: uname_result(system='Linux', node='n0041.mhg0', release='4.18.0-553.58.1.el8_10.x86_64', version='#1 SMP Thu Jun 26 15:50:39 UTC 2025', machine='x86_64')  Threads 8
Python 3.10.20 (main, Mar 11 2026, 17:46:40) [GCC 14.3.0]
numpy 2.2.6  scipy 1.15.3  h5py 3.16.0
Date: Sun May 10 00:36:55 2026
PySCF version 2.13.0
PySCF path  /global/home/users/vaibhavvaiyakarnam/.local/lib/python3.10/site-packages/pyscf

[CONFIG] conf_file None
[INPUT] verbose = 4
[INPUT] num. atoms = 17
[INPUT] num. electrons = 92
[INPUT] charge = 0
[INPUT] spin (= nelec alpha-beta = 2S) = 0
[INPUT] symmetry False subgroup None
[INPUT] Mole.unit = angstrom
[INPUT] Symbol           X                Y                Z      unit          X                Y                Z       unit  Magmom
[INPUT]  1 C     -2.995548460000   1.491847130000   0.069842850000 AA   -5.660766182263   2.819182495418   0.131983858259 Bohr   0.0
[INPUT]  2 C     -3.089155560000   0.078625340000   0.101458600000 AA   -5.837657964577   0.148580359051   0.191728966982 Bohr   0.0
[INPUT]  3 C     -1.798155820000   2.178098990000   0.058261520000 AA   -3.398022029093   4.116010563292   0.110098316401 Bohr   0.0
[INPUT]  4 C     -0.589830220000   1.410491770000   0.079665050000 AA   -1.114617575792   2.665443146253   0.150545126200 Bohr   0.0
[INPUT]  5 C     -1.952913410000  -0.725910270000   0.123254000000 AA   -3.690471489890  -1.371771601309   0.232916303757 Bohr   0.0
[INPUT]  6 C     -0.693494210000  -0.022596770000   0.111709800000 AA   -1.310514125872  -0.042701706600   0.211100927430 Bohr   0.0
[INPUT]  7 N     -1.789043080000   3.631358730000   0.025206910000 AA   -3.380801446248   6.862273459748   0.047634156347 Bohr   0.0
[INPUT]  8 N     -1.951504610000  -2.079864120000   0.153601250000 AA   -3.687809243726  -3.930373563110   0.290264294891 Bohr   0.0
[INPUT]  9 N      0.698063020000   1.726297850000   0.077031270000 AA    1.319147925487   3.262230145925   0.145568003327 Bohr   0.0
[INPUT] 10 N      0.516330050000  -0.545665760000   0.127806840000 AA    0.975722384383  -1.031158841953   0.241519924446 Bohr   0.0
[INPUT] 11 O      1.351577920000   0.520207570000   0.106655450000 AA    2.554112104809   0.983049835226   0.201549590192 Bohr   0.0
[INPUT] 12 O     -2.873564200000   4.212731200000   0.008563590000 AA   -5.430249339355   7.960908204410   0.016182839743 Bohr   0.0
[INPUT] 13 O     -0.692435070000   4.180382720000   0.015900570000 AA   -1.308512641344   7.899778436664   0.030047722524 Bohr   0.0
[INPUT] 14 H     -3.906242080000   2.091096500000   0.053288040000 AA   -7.381727707451   3.951599685037   0.100699801315 Bohr   0.0
[INPUT] 15 H     -4.077823490000  -0.383619360000   0.108606110000 AA   -7.705969580418  -0.724935526481   0.205235803354 Bohr   0.0
[INPUT] 16 H     -2.815698350000  -2.602704780000   0.162409870000 AA   -5.320898730890  -4.918399217296   0.306910174226 Bohr   0.0
[INPUT] 17 H     -1.075204650000  -2.583480580000   0.167776060000 AA   -2.031842316359  -4.882070744332   0.317050803659 Bohr   0.0

nuclear repulsion = 770.123852130282
number of shells = 116
number of NR pGTOs = 431
number of NR cGTOs = 254
basis = 6-31+G**
ecp = {}
CPU time:         2.46

--- Starting Ground State SCF ---


******** <class 'pyscf.solvent._attach_solvent.ddCOSMODFRKS'> ********
method = ddCOSMODFRKS
initial guess = minao
damping factor = 0
level_shift factor = 0
DIIS = <class 'pyscf.scf.diis.CDIIS'>
diis_start_cycle = 1
diis_space = 8
diis_damp = 0
SCF conv_tol = 1e-09
SCF conv_tol_grad = None
SCF max_cycles = 50
direct_scf = False
chkfile to save SCF result = /tmp/tmpjn206wit
max_memory 4000 MB (current use 107 MB)
XC library pyscf.dft.libxc version 7.0.0
    S. Lehtola, C. Steigemann, M. J.T. Oliveira, and M. A.L. Marques.,  SoftwareX 7, 1–5 (2018)
XC functionals = cam-b3lyp
    T. Yanai, D. P. Tew, and N. C. Handy.,  Chem. Phys. Lett. 393, 51 (2004)
radial grids: 
    Treutler-Ahlrichs [JCP 102, 346 (1995); DOI:10.1063/1.469408] (M4) radial grids
    
becke partition: Becke, JCP 88, 2547 (1988); DOI:10.1063/1.454033
pruning grids: <function nwchem_prune at 0x1496641b8040>
grids dens level: 3
symmetrized grids: False
atomic radii adjust function: <function treutler_atomic_radii_adjust at 0x14966416e9e0>
small_rho_cutoff = 0
******** <class 'pyscf.solvent.ddcosmo.ddCOSMO'> ********
lebedev_order = 17 (110 grids per sphere)
lmax = 6
eta = 0.1
eps = 3.0
frozen = False
equilibrium_solvation = False
radial grids: 
    Treutler-Ahlrichs [JCP 102, 346 (1995); DOI:10.1063/1.469408] (M4) radial grids
    
becke partition: Becke, JCP 88, 2547 (1988); DOI:10.1063/1.454033
pruning grids: <function nwchem_prune at 0x1496641b8040>
grids dens level: 3
symmetrized grids: False
atomic radii adjust function: <function treutler_atomic_radii_adjust at 0x14966416e9e0>
Set gradient conv threshold to 3.16228e-05
Initial guess from minao.
tot grids = 221800
******** <class 'pyscf.df.df.DF'> ********
auxbasis = None
max_memory = 4000
Default auxbasis heavy-aug-cc-pvdz-jkfit is used for O 6-31+G**
Default auxbasis heavy-aug-cc-pvdz-jkfit is used for C 6-31+G**
Default auxbasis heavy-aug-cc-pvdz-jkfit is used for H 6-31+G**
Default auxbasis heavy-aug-cc-pvdz-jkfit is used for N 6-31+G**
Create RSH-DF object <pyscf.df.df.DF object at 0x14965fe68400> for omega=0.33
******** <class 'pyscf.df.df.DF'> ********
auxbasis = auxmol.basis = {'O': 'heavy-aug-cc-pvdz-jkfit', 'C': 'heavy-aug-cc-pvdz-jkfit', 'H': 'heavy-aug-cc-pvdz-jkfit', 'N': 'heavy-aug-cc-pvdz-jkfit'}
max_memory = 4000
Default auxbasis heavy-aug-cc-pvdz-jkfit is used for O 6-31+G**
Default auxbasis heavy-aug-cc-pvdz-jkfit is used for C 6-31+G**
Default auxbasis heavy-aug-cc-pvdz-jkfit is used for H 6-31+G**
Default auxbasis heavy-aug-cc-pvdz-jkfit is used for N 6-31+G**
tot grids = 221794
ddCOSMO E_diel = -8.75808953186257e-05
Solvent Energy = -8.75808953186257e-05
init E= -678.370908902748

WARN: 2 small eigenvectors of overlap matrix removed because of linear dependency between AOs.


  HOMO = -0.222124722040859  LUMO = -0.121473611903339
ddCOSMO E_diel = -0.0344249856842272
Solvent Energy = -0.0344249856842272
cycle= 1 E= -674.973732099143  delta_E=  3.4  |g|= 1.23  |ddm|= 65.4
  HOMO = -0.254431642984125  LUMO = -0.10905753170365
ddCOSMO E_diel = -0.0120366277539928
Solvent Energy = -0.0120366277539928
cycle= 2 E= -674.666245406987  delta_E= 0.307  |g|= 1.88  |ddm|= 8.75
  HOMO = -0.290572136343707  LUMO = -0.0863109626107335
ddCOSMO E_diel = -0.0153981869914416
Solvent Energy = -0.0153981869914416
cycle= 3 E= -675.274635344523  delta_E= -0.608  |g|= 0.112  |ddm|=  3.8
  HOMO = -0.293645232262338  LUMO = -0.0791434805402367
ddCOSMO E_diel = -0.014789518093783
Solvent Energy = -0.014789518093783
cycle= 4 E= -675.27641235686  delta_E= -0.00178  |g|= 0.0812  |ddm|= 0.631
  HOMO = -0.291300443633334  LUMO = -0.0788574662535244
ddCOSMO E_diel = -0.0148679619797473
Solvent Energy = -0.0148679619797473
cycle= 5 E= -675.277907147297  delta_E= -0.00149  |g|= 0.0231  |ddm|= 0.232
  HOMO = -0.29184978786254  LUMO = -0.0787032455186423
ddCOSMO E_diel = -0.0146008219781135
Solvent Energy = -0.0146008219781135
cycle= 6 E= -675.278026719272  delta_E= -0.00012  |g|= 0.00984  |ddm|= 0.087
  HOMO = -0.291953155916101  LUMO = -0.0784668772136219
ddCOSMO E_diel = -0.0145774556407072
Solvent Energy = -0.0145774556407072
cycle= 7 E= -675.27805658661  delta_E= -2.99e-05  |g|= 0.00288  |ddm|= 0.0494
  HOMO = -0.291915154314741  LUMO = -0.0783065694699068
ddCOSMO E_diel = -0.0145135326644561
Solvent Energy = -0.0145135326644561
cycle= 8 E= -675.278062185645  delta_E= -5.6e-06  |g|= 0.0019  |ddm|= 0.0169
  HOMO = -0.291902578737851  LUMO = -0.0782666529357607
ddCOSMO E_diel = -0.0144835058472899
Solvent Energy = -0.0144835058472899
cycle= 9 E= -675.278063662803  delta_E= -1.48e-06  |g|= 0.000775  |ddm|= 0.00967
  HOMO = -0.291915694868387  LUMO = -0.0782700513029764
ddCOSMO E_diel = -0.0144809735000444
Solvent Energy = -0.0144809735000444
cycle= 10 E= -675.278063871797  delta_E= -2.09e-07  |g|= 0.000486  |ddm|= 0.00411
  HOMO = -0.291925757566904  LUMO = -0.0782675496206129
ddCOSMO E_diel = -0.0144705815385041
Solvent Energy = -0.0144705815385041
cycle= 11 E= -675.278063963206  delta_E= -9.14e-08  |g|= 0.000145  |ddm|= 0.00271
  HOMO = -0.291917570114291  LUMO = -0.0782583190580821
ddCOSMO E_diel = -0.014469185289466
Solvent Energy = -0.014469185289466
cycle= 12 E= -675.278063971317  delta_E= -8.11e-09  |g|= 6.73e-05  |ddm|= 0.000801
  HOMO = -0.291917128658123  LUMO = -0.0782589082468674
ddCOSMO E_diel = -0.014468202271782
Solvent Energy = -0.014468202271782
cycle= 13 E= -675.278063973243  delta_E= -1.93e-09  |g|= 3.63e-05  |ddm|= 0.00049
  HOMO = -0.291918594798233  LUMO = -0.0782610756080744
ddCOSMO E_diel = -0.0144683646184284
Solvent Energy = -0.0144683646184284
cycle= 14 E= -675.278063973543  delta_E= -3e-10  |g|= 1.35e-05  |ddm|= 0.000149
  HOMO = -0.291918749435423  LUMO = -0.0782611783144582
ddCOSMO E_diel = -0.0144681441356022
Solvent Energy = -0.0144681441356022
Extra cycle  E= -675.278063973557  delta_E= -1.41e-11  |g|= 1.84e-05  |ddm|= 7.52e-05
converged SCF energy = -675.278063973557

--- Running Standard TD-DFT to find Resonance and Dipole ---


******** <class 'pyscf.solvent._attach_solvent.ddCOSMOTDA'> for <class 'pyscf.solvent._attach_solvent.ddCOSMODFRKS'> ********
nstates = 5 singlet
deg_eia_thresh = 1.000e-03
wfnsym = None
conv_tol = 1e-05
eigh lindep = 1e-12
eigh level_shift = 0
eigh max_cycle = 100
chkfile = /tmp/tmpjn206wit
max_memory 4000 MB (current use 788 MB)


Solvent model for TDDFT:
******** <class 'pyscf.solvent.ddcosmo.ddCOSMO'> ********
lebedev_order = 17 (110 grids per sphere)
lmax = 6
eta = 0.1
eps = 1.78
frozen = False
equilibrium_solvation = None
radial grids: 
    Treutler-Ahlrichs [JCP 102, 346 (1995); DOI:10.1063/1.469408] (M4) radial grids
    
becke partition: Becke, JCP 88, 2547 (1988); DOI:10.1063/1.454033
pruning grids: <function nwchem_prune at 0x1496641b8040>
grids dens level: 3
symmetrized grids: False
atomic radii adjust function: <function treutler_atomic_radii_adjust at 0x14966416e9e0>
TDDFT non-equilibrium solvation with eps=1.78
Excitation energies (eV)
[3.4928045  4.06850713 4.56828398 4.60056769 5.2218545 ]

>> AUTO-TUNING RESULTS <<
Resonant Cavity Freq : 0.128358 a.u. (3.493 eV)
TDM Vector (Raw)     : [0.0910, 2.3988, -0.0539]
TDM Direction (Unit) : [0.0379, 0.9990, -0.0225]

--- Starting QED Lambda Scan ---

========================================
 RUNNING COUPLING STRENGTH: 0.000
========================================


******** <class 'qed.tdscf.rhf.TDASym'> from <class 'pyscf.solvent._attach_solvent.ddCOSMOTDA'>-<class 'qed.cavity.rhf.RestrictedJaynesCummings'>-<class 'pyscf.solvent._attach_solvent.ddCOSMODFRKS'> ********
cQED-TDDFT:          Yang, et. al. J. Chem. Phys. 155, 064107 (2021) https://doi.org/10.1063/5.0057542
Analytical Gradient: Yang, et. al. J. Chem. Phys. 156, 124104 (2022) https://doi.org/10.1063/5.0082386
nov              = 9476
nstates          = 5 singlet
1 cavity mode in the calculation:
Cavity    1: freq =  0.1284, mode = ( 0.0000,  0.0000, -0.0000)
wfnsym           = None
conv_tol         = 1e-09
eigh lindep      = 1e-12
eigh level_shift = 0
eigh max_space   = 50
eigh max_cycle   = 100
chkfile          = /tmp/tmpjn206wit
max_memory 4000 MB (current use 836 MB)


TDDFT non-equilibrium solvation with eps=1.78
istate =    0, norms2_elec =  0.0000, norms2_ph =  1.0000
istate =    1, norms2_elec =  1.0000, norms2_ph =  0.0000
istate =    2, norms2_elec =  1.0000, norms2_ph =  0.0000
istate =    3, norms2_elec =  1.0000, norms2_ph =  0.0000
istate =    4, norms2_elec =  1.0000, norms2_ph =  0.0000
Excited State energies (eV)
[3.4928045  3.4928045  4.06850713 4.56828398 4.60056769]

========================================
 RUNNING COUPLING STRENGTH: 0.001
========================================


******** <class 'qed.tdscf.rhf.TDASym'> from <class 'pyscf.solvent._attach_solvent.ddCOSMOTDA'>-<class 'qed.cavity.rhf.RestrictedJaynesCummings'>-<class 'pyscf.solvent._attach_solvent.ddCOSMODFRKS'> ********
cQED-TDDFT:          Yang, et. al. J. Chem. Phys. 155, 064107 (2021) https://doi.org/10.1063/5.0057542
Analytical Gradient: Yang, et. al. J. Chem. Phys. 156, 124104 (2022) https://doi.org/10.1063/5.0082386
nov              = 9476
nstates          = 5 singlet
1 cavity mode in the calculation:
Cavity    1: freq =  0.1284, mode = ( 0.0000,  0.0010, -0.0000)
wfnsym           = None
conv_tol         = 1e-09
eigh lindep      = 1e-12
eigh level_shift = 0
eigh max_space   = 50
eigh max_cycle   = 100
chkfile          = /tmp/tmpjn206wit
max_memory 4000 MB (current use 867 MB)


TDDFT non-equilibrium solvation with eps=1.78
istate =    0, norms2_elec =  0.4965, norms2_ph =  0.5035
istate =    1, norms2_elec =  0.5036, norms2_ph =  0.4964
istate =    2, norms2_elec =  1.0000, norms2_ph =  0.0000
istate =    3, norms2_elec =  1.0000, norms2_ph =  0.0000
istate =    4, norms2_elec =  0.9999, norms2_ph =  0.0001
Excited State energies (eV)
[3.47613505 3.50924015 4.06850713 4.56828399 4.60063277]

========================================
 RUNNING COUPLING STRENGTH: 0.002
========================================


******** <class 'qed.tdscf.rhf.TDASym'> from <class 'pyscf.solvent._attach_solvent.ddCOSMOTDA'>-<class 'qed.cavity.rhf.RestrictedJaynesCummings'>-<class 'pyscf.solvent._attach_solvent.ddCOSMODFRKS'> ********
cQED-TDDFT:          Yang, et. al. J. Chem. Phys. 155, 064107 (2021) https://doi.org/10.1063/5.0057542
Analytical Gradient: Yang, et. al. J. Chem. Phys. 156, 124104 (2022) https://doi.org/10.1063/5.0082386
nov              = 9476
nstates          = 5 singlet
1 cavity mode in the calculation:
Cavity    1: freq =  0.1284, mode = ( 0.0001,  0.0020, -0.0000)
wfnsym           = None
conv_tol         = 1e-09
eigh lindep      = 1e-12
eigh level_shift = 0
eigh max_space   = 50
eigh max_cycle   = 100
chkfile          = /tmp/tmpjn206wit
max_memory 4000 MB (current use 878 MB)


TDDFT non-equilibrium solvation with eps=1.78
istate =    0, norms2_elec =  0.4931, norms2_ph =  0.5069
istate =    1, norms2_elec =  0.5072, norms2_ph =  0.4928
istate =    2, norms2_elec =  1.0000, norms2_ph =  0.0000
istate =    3, norms2_elec =  1.0000, norms2_ph =  0.0000
istate =    4, norms2_elec =  0.9998, norms2_ph =  0.0002
Excited State energies (eV)
[3.45923331 3.52544054 4.06850713 4.56828399 4.600828  ]

========================================
 RUNNING COUPLING STRENGTH: 0.003
========================================


******** <class 'qed.tdscf.rhf.TDASym'> from <class 'pyscf.solvent._attach_solvent.ddCOSMOTDA'>-<class 'qed.cavity.rhf.RestrictedJaynesCummings'>-<class 'pyscf.solvent._attach_solvent.ddCOSMODFRKS'> ********
cQED-TDDFT:          Yang, et. al. J. Chem. Phys. 155, 064107 (2021) https://doi.org/10.1063/5.0057542
Analytical Gradient: Yang, et. al. J. Chem. Phys. 156, 124104 (2022) https://doi.org/10.1063/5.0082386
nov              = 9476
nstates          = 5 singlet
1 cavity mode in the calculation:
Cavity    1: freq =  0.1284, mode = ( 0.0001,  0.0030, -0.0001)
wfnsym           = None
conv_tol         = 1e-09
eigh lindep      = 1e-12
eigh level_shift = 0
eigh max_space   = 50
eigh max_cycle   = 100
chkfile          = /tmp/tmpjn206wit
max_memory 4000 MB (current use 878 MB)


TDDFT non-equilibrium solvation with eps=1.78
istate =    0, norms2_elec =  0.4898, norms2_ph =  0.5102
istate =    1, norms2_elec =  0.5110, norms2_ph =  0.4890
istate =    2, norms2_elec =  1.0000, norms2_ph =  0.0000
istate =    3, norms2_elec =  1.0000, norms2_ph =  0.0000
istate =    4, norms2_elec =  0.9995, norms2_ph =  0.0005
Excited State energies (eV)
[3.44210081 3.54140423 4.06850713 4.56828399 4.60115335]

========================================
 RUNNING COUPLING STRENGTH: 0.004
========================================


******** <class 'qed.tdscf.rhf.TDASym'> from <class 'pyscf.solvent._attach_solvent.ddCOSMOTDA'>-<class 'qed.cavity.rhf.RestrictedJaynesCummings'>-<class 'pyscf.solvent._attach_solvent.ddCOSMODFRKS'> ********
cQED-TDDFT:          Yang, et. al. J. Chem. Phys. 155, 064107 (2021) https://doi.org/10.1063/5.0057542
Analytical Gradient: Yang, et. al. J. Chem. Phys. 156, 124104 (2022) https://doi.org/10.1063/5.0082386
nov              = 9476
nstates          = 5 singlet
1 cavity mode in the calculation:
Cavity    1: freq =  0.1284, mode = ( 0.0002,  0.0040, -0.0001)
wfnsym           = None
conv_tol         = 1e-09
eigh lindep      = 1e-12
eigh level_shift = 0
eigh max_space   = 50
eigh max_cycle   = 100
chkfile          = /tmp/tmpjn206wit
max_memory 4000 MB (current use 890 MB)


TDDFT non-equilibrium solvation with eps=1.78
istate =    0, norms2_elec =  0.4865, norms2_ph =  0.5135
istate =    1, norms2_elec =  0.5148, norms2_ph =  0.4852
istate =    2, norms2_elec =  1.0000, norms2_ph =  0.0000
istate =    3, norms2_elec =  1.0000, norms2_ph =  0.0000
istate =    4, norms2_elec =  0.9991, norms2_ph =  0.0009
Excited State energies (eV)
[3.42473912 3.55712985 4.06850713 4.56828399 4.60160875]

========================================
 RUNNING COUPLING STRENGTH: 0.005
========================================


******** <class 'qed.tdscf.rhf.TDASym'> from <class 'pyscf.solvent._attach_solvent.ddCOSMOTDA'>-<class 'qed.cavity.rhf.RestrictedJaynesCummings'>-<class 'pyscf.solvent._attach_solvent.ddCOSMODFRKS'> ********
cQED-TDDFT:          Yang, et. al. J. Chem. Phys. 155, 064107 (2021) https://doi.org/10.1063/5.0057542
Analytical Gradient: Yang, et. al. J. Chem. Phys. 156, 124104 (2022) https://doi.org/10.1063/5.0082386
nov              = 9476
nstates          = 5 singlet
1 cavity mode in the calculation:
Cavity    1: freq =  0.1284, mode = ( 0.0002,  0.0050, -0.0001)
wfnsym           = None
conv_tol         = 1e-09
eigh lindep      = 1e-12
eigh level_shift = 0
eigh max_space   = 50
eigh max_cycle   = 100
chkfile          = /tmp/tmpjn206wit
max_memory 4000 MB (current use 884 MB)


TDDFT non-equilibrium solvation with eps=1.78
istate =    0, norms2_elec =  0.4833, norms2_ph =  0.5167
istate =    1, norms2_elec =  0.5187, norms2_ph =  0.4813
istate =    2, norms2_elec =  1.0000, norms2_ph =  0.0000
istate =    3, norms2_elec =  1.0000, norms2_ph =  0.0000
istate =    4, norms2_elec =  0.9985, norms2_ph =  0.0015
Excited State energies (eV)
[3.40714983 3.57261608 4.06850713 4.56828399 4.60219411]

========================================
 RUNNING COUPLING STRENGTH: 0.006
========================================


******** <class 'qed.tdscf.rhf.TDASym'> from <class 'pyscf.solvent._attach_solvent.ddCOSMOTDA'>-<class 'qed.cavity.rhf.RestrictedJaynesCummings'>-<class 'pyscf.solvent._attach_solvent.ddCOSMODFRKS'> ********
cQED-TDDFT:          Yang, et. al. J. Chem. Phys. 155, 064107 (2021) https://doi.org/10.1063/5.0057542
Analytical Gradient: Yang, et. al. J. Chem. Phys. 156, 124104 (2022) https://doi.org/10.1063/5.0082386
nov              = 9476
nstates          = 5 singlet
1 cavity mode in the calculation:
Cavity    1: freq =  0.1284, mode = ( 0.0002,  0.0060, -0.0001)
wfnsym           = None
conv_tol         = 1e-09
eigh lindep      = 1e-12
eigh level_shift = 0
eigh max_space   = 50
eigh max_cycle   = 100
chkfile          = /tmp/tmpjn206wit
max_memory 4000 MB (current use 890 MB)


TDDFT non-equilibrium solvation with eps=1.78
istate =    0, norms2_elec =  0.4802, norms2_ph =  0.5198
istate =    1, norms2_elec =  0.5227, norms2_ph =  0.4773
istate =    2, norms2_elec =  1.0000, norms2_ph =  0.0000
istate =    3, norms2_elec =  1.0000, norms2_ph =  0.0000
istate =    4, norms2_elec =  0.9979, norms2_ph =  0.0021
Excited State energies (eV)
[3.38933454 3.58786165 4.06850713 4.568284   4.60290933]

========================================
 RUNNING COUPLING STRENGTH: 0.007
========================================


******** <class 'qed.tdscf.rhf.TDASym'> from <class 'pyscf.solvent._attach_solvent.ddCOSMOTDA'>-<class 'qed.cavity.rhf.RestrictedJaynesCummings'>-<class 'pyscf.solvent._attach_solvent.ddCOSMODFRKS'> ********
cQED-TDDFT:          Yang, et. al. J. Chem. Phys. 155, 064107 (2021) https://doi.org/10.1063/5.0057542
Analytical Gradient: Yang, et. al. J. Chem. Phys. 156, 124104 (2022) https://doi.org/10.1063/5.0082386
nov              = 9476
nstates          = 5 singlet
1 cavity mode in the calculation:
Cavity    1: freq =  0.1284, mode = ( 0.0003,  0.0070, -0.0002)
wfnsym           = None
conv_tol         = 1e-09
eigh lindep      = 1e-12
eigh level_shift = 0
eigh max_space   = 50
eigh max_cycle   = 100
chkfile          = /tmp/tmpjn206wit
max_memory 4000 MB (current use 891 MB)


TDDFT non-equilibrium solvation with eps=1.78
istate =    0, norms2_elec =  0.4772, norms2_ph =  0.5228
istate =    1, norms2_elec =  0.5267, norms2_ph =  0.4733
istate =    2, norms2_elec =  1.0000, norms2_ph =  0.0000
istate =    3, norms2_elec =  1.0000, norms2_ph =  0.0000
istate =    4, norms2_elec =  0.9971, norms2_ph =  0.0029
Excited State energies (eV)
[3.3712949  3.60286534 4.06850713 4.568284   4.60375426]

========================================
 RUNNING COUPLING STRENGTH: 0.008
========================================


******** <class 'qed.tdscf.rhf.TDASym'> from <class 'pyscf.solvent._attach_solvent.ddCOSMOTDA'>-<class 'qed.cavity.rhf.RestrictedJaynesCummings'>-<class 'pyscf.solvent._attach_solvent.ddCOSMODFRKS'> ********
cQED-TDDFT:          Yang, et. al. J. Chem. Phys. 155, 064107 (2021) https://doi.org/10.1063/5.0057542
Analytical Gradient: Yang, et. al. J. Chem. Phys. 156, 124104 (2022) https://doi.org/10.1063/5.0082386
nov              = 9476
nstates          = 5 singlet
1 cavity mode in the calculation:
Cavity    1: freq =  0.1284, mode = ( 0.0003,  0.0080, -0.0002)
wfnsym           = None
conv_tol         = 1e-09
eigh lindep      = 1e-12
eigh level_shift = 0
eigh max_space   = 50
eigh max_cycle   = 100
chkfile          = /tmp/tmpjn206wit
max_memory 4000 MB (current use 891 MB)


TDDFT non-equilibrium solvation with eps=1.78
istate =    0, norms2_elec =  0.4742, norms2_ph =  0.5258
istate =    1, norms2_elec =  0.5309, norms2_ph =  0.4691
istate =    2, norms2_elec =  1.0000, norms2_ph =  0.0000
istate =    3, norms2_elec =  1.0000, norms2_ph =  0.0000
istate =    4, norms2_elec =  0.9963, norms2_ph =  0.0037
Excited State energies (eV)
[3.35303253 3.61762605 4.06850713 4.568284   4.60472871]

========================================
 RUNNING COUPLING STRENGTH: 0.009
========================================


******** <class 'qed.tdscf.rhf.TDASym'> from <class 'pyscf.solvent._attach_solvent.ddCOSMOTDA'>-<class 'qed.cavity.rhf.RestrictedJaynesCummings'>-<class 'pyscf.solvent._attach_solvent.ddCOSMODFRKS'> ********
cQED-TDDFT:          Yang, et. al. J. Chem. Phys. 155, 064107 (2021) https://doi.org/10.1063/5.0057542
Analytical Gradient: Yang, et. al. J. Chem. Phys. 156, 124104 (2022) https://doi.org/10.1063/5.0082386
nov              = 9476
nstates          = 5 singlet
1 cavity mode in the calculation:
Cavity    1: freq =  0.1284, mode = ( 0.0003,  0.0090, -0.0002)
wfnsym           = None
conv_tol         = 1e-09
eigh lindep      = 1e-12
eigh level_shift = 0
eigh max_space   = 50
eigh max_cycle   = 100
chkfile          = /tmp/tmpjn206wit
max_memory 4000 MB (current use 887 MB)


TDDFT non-equilibrium solvation with eps=1.78
istate =    0, norms2_elec =  0.4713, norms2_ph =  0.5287
istate =    1, norms2_elec =  0.5351, norms2_ph =  0.4649
istate =    2, norms2_elec =  1.0000, norms2_ph =  0.0000
istate =    3, norms2_elec =  1.0000, norms2_ph =  0.0000
istate =    4, norms2_elec =  0.9953, norms2_ph =  0.0047
Excited State energies (eV)
[3.33454909 3.6321427  4.06850713 4.56828401 4.60583246]

========================================
 RUNNING COUPLING STRENGTH: 0.010
========================================


******** <class 'qed.tdscf.rhf.TDASym'> from <class 'pyscf.solvent._attach_solvent.ddCOSMOTDA'>-<class 'qed.cavity.rhf.RestrictedJaynesCummings'>-<class 'pyscf.solvent._attach_solvent.ddCOSMODFRKS'> ********
cQED-TDDFT:          Yang, et. al. J. Chem. Phys. 155, 064107 (2021) https://doi.org/10.1063/5.0057542
Analytical Gradient: Yang, et. al. J. Chem. Phys. 156, 124104 (2022) https://doi.org/10.1063/5.0082386
nov              = 9476
nstates          = 5 singlet
1 cavity mode in the calculation:
Cavity    1: freq =  0.1284, mode = ( 0.0004,  0.0100, -0.0002)
wfnsym           = None
conv_tol         = 1e-09
eigh lindep      = 1e-12
eigh level_shift = 0
eigh max_space   = 50
eigh max_cycle   = 100
chkfile          = /tmp/tmpjn206wit
max_memory 4000 MB (current use 889 MB)


TDDFT non-equilibrium solvation with eps=1.78
istate =    0, norms2_elec =  0.4685, norms2_ph =  0.5315
istate =    1, norms2_elec =  0.5395, norms2_ph =  0.4605
istate =    2, norms2_elec =  1.0000, norms2_ph =  0.0000
istate =    3, norms2_elec =  1.0000, norms2_ph =  0.0000
istate =    4, norms2_elec =  0.9942, norms2_ph =  0.0058
Excited State energies (eV)
[3.31584625 3.64641432 4.06850713 4.56828401 4.60706526]
