#INFO: **** input file is /global/scratch/users/vaibhavvaiyakarnam/bdp_tddft/nbd_base.py ****
from pyscf import gto, scf, tdscf

# ==========================================
# 1. MOLECULE SETUP (Exact Cycle 20 Coords)
# ==========================================
mol = gto.Mole()
mol.verbose = 4
mol.atom = '''
C          -2.99554846        1.49184713        0.06984285
C          -3.08915556        0.07862534        0.10145860
C          -1.79815582        2.17809899        0.05826152
C          -0.58983022        1.41049177        0.07966505
C          -1.95291341       -0.72591027        0.12325400
C          -0.69349421       -0.02259677        0.11170980
N          -1.78904308        3.63135873        0.02520691
N          -1.95150461       -2.07986412        0.15360125
N           0.69806302        1.72629785        0.07703127
N           0.51633005       -0.54566576        0.12780684
O           1.35157792        0.52020757        0.10665545
O          -2.87356420        4.21273120        0.00856359
O          -0.69243507        4.18038272        0.01590057
H          -3.90624208        2.09109650        0.05328804
H          -4.07782349       -0.38361936        0.10860611
H          -2.81569835       -2.60270478        0.16240987
H          -1.07520465       -2.58348058        0.16777606'''
mol.basis = '6-31+G**'
mol.build()

# ==========================================
# 2. GROUND STATE SCF
# ==========================================
print("\n--- Starting Ground State SCF ---")
mf = scf.RKS(mol)
mf.xc = "b3lyp"
mf.kernel()

# ==========================================
# 3. TD-DFT (Tamm-Dancoff Approximation)
# ==========================================
print("\n--- Starting TD-DFT Calculation (10 Roots) ---")
td = tdscf.TDA(mf)
td.nroots = 10
td.kernel()

# ==========================================
# 4. TRANSITION DIPOLE EXTRACTION
# ==========================================
tdms = td.transition_dipole()

print("\n" + "="*60)
print(f"{'State':<8} {'Energy (eV)':<12} {'X':<10} {'Y':<10} {'Z':<10}")
print("-" * 60)

for i in range(td.nroots):
    tx, ty, tz = tdms[i]
    energy_ev = td.e[i] * 27.2114
    print(f"{i+1:<8} {energy_ev:<12.3f} {tx:<10.4f} {ty:<10.4f} {tz:<10.4f}")
print("="*60)#INFO: ******************** input file end ********************


System: uname_result(system='Linux', node='n0042.mhg0', release='4.18.0-553.58.1.el8_10.x86_64', version='#1 SMP Thu Jun 26 15:50:39 UTC 2025', machine='x86_64')  Threads 8
Python 3.10.20 (main, Mar 11 2026, 17:46:40) [GCC 14.3.0]
numpy 2.2.6  scipy 1.15.3  h5py 3.16.0
Date: Sat May  2 15:23:33 2026
PySCF version 2.13.0
PySCF path  /global/home/users/vaibhavvaiyakarnam/.local/lib/python3.10/site-packages/pyscf

[CONFIG] conf_file None
[INPUT] verbose = 4
[INPUT] num. atoms = 17
[INPUT] num. electrons = 92
[INPUT] charge = 0
[INPUT] spin (= nelec alpha-beta = 2S) = 0
[INPUT] symmetry False subgroup None
[INPUT] Mole.unit = angstrom
[INPUT] Symbol           X                Y                Z      unit          X                Y                Z       unit  Magmom
[INPUT]  1 C     -2.995548460000   1.491847130000   0.069842850000 AA   -5.660766182263   2.819182495418   0.131983858259 Bohr   0.0
[INPUT]  2 C     -3.089155560000   0.078625340000   0.101458600000 AA   -5.837657964577   0.148580359051   0.191728966982 Bohr   0.0
[INPUT]  3 C     -1.798155820000   2.178098990000   0.058261520000 AA   -3.398022029093   4.116010563292   0.110098316401 Bohr   0.0
[INPUT]  4 C     -0.589830220000   1.410491770000   0.079665050000 AA   -1.114617575792   2.665443146253   0.150545126200 Bohr   0.0
[INPUT]  5 C     -1.952913410000  -0.725910270000   0.123254000000 AA   -3.690471489890  -1.371771601309   0.232916303757 Bohr   0.0
[INPUT]  6 C     -0.693494210000  -0.022596770000   0.111709800000 AA   -1.310514125872  -0.042701706600   0.211100927430 Bohr   0.0
[INPUT]  7 N     -1.789043080000   3.631358730000   0.025206910000 AA   -3.380801446248   6.862273459748   0.047634156347 Bohr   0.0
[INPUT]  8 N     -1.951504610000  -2.079864120000   0.153601250000 AA   -3.687809243726  -3.930373563110   0.290264294891 Bohr   0.0
[INPUT]  9 N      0.698063020000   1.726297850000   0.077031270000 AA    1.319147925487   3.262230145925   0.145568003327 Bohr   0.0
[INPUT] 10 N      0.516330050000  -0.545665760000   0.127806840000 AA    0.975722384383  -1.031158841953   0.241519924446 Bohr   0.0
[INPUT] 11 O      1.351577920000   0.520207570000   0.106655450000 AA    2.554112104809   0.983049835226   0.201549590192 Bohr   0.0
[INPUT] 12 O     -2.873564200000   4.212731200000   0.008563590000 AA   -5.430249339355   7.960908204410   0.016182839743 Bohr   0.0
[INPUT] 13 O     -0.692435070000   4.180382720000   0.015900570000 AA   -1.308512641344   7.899778436664   0.030047722524 Bohr   0.0
[INPUT] 14 H     -3.906242080000   2.091096500000   0.053288040000 AA   -7.381727707451   3.951599685037   0.100699801315 Bohr   0.0
[INPUT] 15 H     -4.077823490000  -0.383619360000   0.108606110000 AA   -7.705969580418  -0.724935526481   0.205235803354 Bohr   0.0
[INPUT] 16 H     -2.815698350000  -2.602704780000   0.162409870000 AA   -5.320898730890  -4.918399217296   0.306910174226 Bohr   0.0
[INPUT] 17 H     -1.075204650000  -2.583480580000   0.167776060000 AA   -2.031842316359  -4.882070744332   0.317050803659 Bohr   0.0

nuclear repulsion = 770.123852130282
number of shells = 116
number of NR pGTOs = 431
number of NR cGTOs = 254
basis = 6-31+G**
ecp = {}
CPU time:         2.50

--- Starting Ground State SCF ---


******** <class 'pyscf.dft.rks.RKS'> ********
method = RKS
initial guess = minao
damping factor = 0
level_shift factor = 0
DIIS = <class 'pyscf.scf.diis.CDIIS'>
diis_start_cycle = 1
diis_space = 8
diis_damp = 0
SCF conv_tol = 1e-09
SCF conv_tol_grad = None
SCF max_cycles = 50
direct_scf = True
direct_scf_tol = 1e-13
chkfile to save SCF result = /tmp/tmpfo22ewua
max_memory 4000 MB (current use 96 MB)
XC library pyscf.dft.libxc version 7.0.0
    S. Lehtola, C. Steigemann, M. J.T. Oliveira, and M. A.L. Marques.,  SoftwareX 7, 1–5 (2018)
XC functionals = b3lyp
    P. J. Stephens, F. J. Devlin, C. F. Chabalowski, and M. J. Frisch.,  J. Phys. Chem. 98, 11623 (1994)
radial grids: 
    Treutler-Ahlrichs [JCP 102, 346 (1995); DOI:10.1063/1.469408] (M4) radial grids
    
becke partition: Becke, JCP 88, 2547 (1988); DOI:10.1063/1.454033
pruning grids: <function nwchem_prune at 0x146a68023490>
grids dens level: 3
symmetrized grids: False
atomic radii adjust function: <function treutler_atomic_radii_adjust at 0x146a68021ea0>
small_rho_cutoff = 0
Set gradient conv threshold to 3.16228e-05
Initial guess from minao.
tot grids = 221800
init E= -678.303257328216

WARN: 2 small eigenvectors of overlap matrix removed because of linear dependency between AOs.


  HOMO = -0.239213304759818  LUMO = -0.146508650255711
cycle= 1 E= -675.269895998144  delta_E= 3.03  |g|= 1.21  |ddm|= 65.6
  HOMO = -0.154308975722674  LUMO = -0.140749078192986
cycle= 2 E= -674.537302543851  delta_E= 0.733  |g|= 2.36  |ddm|= 12.8
  HOMO = -0.242346197708937  LUMO = -0.119770934580474
cycle= 3 E= -675.547203569402  delta_E= -1.01  |g|= 0.206  |ddm|= 9.02
  HOMO = -0.258725211480564  LUMO = -0.125363531048574
cycle= 4 E= -675.546963616148  delta_E= 0.00024  |g|= 0.21  |ddm|=  1.4
  HOMO = -0.254354169427259  LUMO = -0.125127780910936
cycle= 5 E= -675.556328529937  delta_E= -0.00936  |g|= 0.0654  |ddm|= 0.633
  HOMO = -0.252473312417462  LUMO = -0.123687492138024
cycle= 6 E= -675.557111692347  delta_E= -0.000783  |g|= 0.027  |ddm|= 0.232
  HOMO = -0.252187858445528  LUMO = -0.122995347352703
cycle= 7 E= -675.557254135676  delta_E= -0.000142  |g|= 0.0096  |ddm|= 0.0816
  HOMO = -0.252318145170561  LUMO = -0.122977671919966
cycle= 8 E= -675.557271734792  delta_E= -1.76e-05  |g|= 0.00255  |ddm|= 0.0323
  HOMO = -0.252478696050643  LUMO = -0.123070001594298
cycle= 9 E= -675.557272994636  delta_E= -1.26e-06  |g|= 0.00107  |ddm|= 0.0206
  HOMO = -0.25246027762245  LUMO = -0.123077109039784
cycle= 10 E= -675.557273247082  delta_E= -2.52e-07  |g|= 0.000477  |ddm|= 0.00557
  HOMO = -0.252441468295701  LUMO = -0.12306025257883
cycle= 11 E= -675.557273291996  delta_E= -4.49e-08  |g|= 0.000246  |ddm|= 0.00192
  HOMO = -0.252440161292979  LUMO = -0.123050660345619
cycle= 12 E= -675.557273302951  delta_E= -1.1e-08  |g|= 0.000112  |ddm|= 0.000871
  HOMO = -0.25243955389777  LUMO = -0.123052886417688
cycle= 13 E= -675.55727330538  delta_E= -2.43e-09  |g|= 3.91e-05  |ddm|= 0.000396
  HOMO = -0.252441313063671  LUMO = -0.123053916745211
cycle= 14 E= -675.557273305672  delta_E= -2.91e-10  |g|= 1.96e-05  |ddm|= 0.000188
  HOMO = -0.252440494299703  LUMO = -0.123053770030118
Extra cycle  E= -675.557273305162  delta_E= 5.1e-10  |g|= 5.26e-05  |ddm|= 0.000182
converged SCF energy = -675.557273305162

--- Starting TD-DFT Calculation (10 Roots) ---


******** <class 'pyscf.tdscf.rks.TDA'> for <class 'pyscf.dft.rks.RKS'> ********
nstates = 10 singlet
deg_eia_thresh = 1.000e-03
wfnsym = None
conv_tol = 1e-05
eigh lindep = 1e-12
eigh level_shift = 0
eigh max_cycle = 100
chkfile = /tmp/tmpfo22ewua
max_memory 4000 MB (current use 244 MB)


Excitation energies (eV)
[3.46217547 3.59621238 4.11294348 4.35141877 4.6372163  4.70878358
 4.96365037 5.02924818 5.20893351 5.26293335]

============================================================
State    Energy (eV)  X          Y          Z         
------------------------------------------------------------
1        3.462        0.0607     1.8101     -0.0407   
2        3.596        0.0001     0.0009     -0.0034   
3        4.113        -0.0002    0.0013     0.0596    
4        4.351        -0.0721    1.5124     -0.0346   
5        4.637        -0.0000    0.0000     -0.0067   
6        4.709        0.0900     -0.0340    0.0012    
7        4.964        0.3673     0.2869     -0.0053   
8        5.029        -0.0001    0.0004     0.0182    
9        5.209        0.0001     -0.0005    -0.0174   
10       5.263        0.0003     -0.0016    -0.0753   
============================================================
