#INFO: **** input file is /global/scratch/users/vaibhavvaiyakarnam/bdp_tddft/nbd_polscan.py ****
import numpy
from pyscf import gto, scf, tdscf
import qed

# ==========================================
# 1. MOLECULE SETUP: NBD-Amine
# ==========================================
mol = gto.Mole()
mol.verbose = 4
mol.atom = '''
C          -2.99554846        1.49184713        0.06984285
C          -3.08915556        0.07862534        0.10145860
C          -1.79815582        2.17809899        0.05826152
C          -0.58983022        1.41049177        0.07966505
C          -1.95291341       -0.72591027        0.12325400
C          -0.69349421       -0.02259677        0.11170980
N          -1.78904308        3.63135873        0.02520691
N          -1.95150461       -2.07986412        0.15360125
N           0.69806302        1.72629785        0.07703127
N           0.51633005       -0.54566576        0.12780684
O           1.35157792        0.52020757        0.10665545
O          -2.87356420        4.21273120        0.00856359
O          -0.69243507        4.18038272        0.01590057
H          -3.90624208        2.09109650        0.05328804
H          -4.07782349       -0.38361936        0.10860611
H          -2.81569835       -2.60270478        0.16240987
H          -1.07520465       -2.58348058        0.16777606
'''
mol.basis = '6-31+G**'
mol.build()

# ==========================================
# 2. GROUND STATE SCF
# ==========================================
print("\n--- Starting Ground State SCF ---")
mf = scf.RKS(mol).density_fit() 
mf.xc = "b3lyp"
mf = mf.ddCOSMO()            
mf.with_solvent.eps = 3.0    
mf.kernel()

# ==========================================
# 3. PRE-SCAN: Find Resonance & Dipole Direction
# ==========================================
print("\n--- Running Standard TD-DFT to find Resonance and Dipole ---")
td_std = tdscf.TDA(mf)
td_std.nroots = 5  
td_std.kernel()

s1_energy_au = td_std.e[0]
tdm_vector = td_std.transition_dipole()[0]
tdm_magnitude = numpy.linalg.norm(tdm_vector)
tdm_direction = tdm_vector / tdm_magnitude

print(f"\n>> ALIGNMENT RESULTS <<")
print(f"Resonant Cavity Freq : {s1_energy_au:.6f} a.u.")
print(f"TDM Direction (Unit) : [{tdm_direction[0]:.4f}, {tdm_direction[1]:.4f}, {tdm_direction[2]:.4f}]")

cavity_freq = numpy.asarray([s1_energy_au])

# ==========================================
# 4. QED POLARIZATION ROTATION SCAN
# ==========================================
print("\n--- Starting QED Polarization Rotation Scan ---")

fixed_coupling = 0.01

# Scan from 0 degrees to 90 degrees in increments of 10
angles_deg = numpy.arange(0, 91, 10)

for angle in angles_deg:
    print(f"\n========================================")
    print(f" RUNNING MISALIGNMENT ANGLE: {angle}°")
    print(f"========================================")
    
    # Convert degrees to radians for the math
    theta = numpy.radians(angle)
    
    # Create a rotation matrix around the Z-axis
    c, s = numpy.cos(theta), numpy.sin(theta)
    rotation_matrix = numpy.array([
        [c, -s, 0],
        [s,  c, 0],
        [0,  0, 1]
    ])
    
    # Rotate the unit vector by theta
    rotated_direction = rotation_matrix.dot(tdm_direction)
    
    # Apply the fixed coupling strength to the newly rotated vector
    scaled_cavity_mode = fixed_coupling * rotated_direction
    cavity_mode = numpy.asarray([scaled_cavity_mode])

    print(f"Rotated Cavity Mode Vector : [{cavity_mode[0][0]:.5f}, {cavity_mode[0][1]:.5f}, {cavity_mode[0][2]:.5f}]")

    # TDA-JC Setup 
    cav_model = qed.JC(mf, cavity_mode=cavity_mode, cavity_freq=cavity_freq)
    td_qed    = qed.TDA(mf, cav_obj=cav_model)
    td_qed.nroots = 5  
    
    # Run QED TD-DFT
    td_qed.kernel()#INFO: ******************** input file end ********************


System: uname_result(system='Linux', node='n0041.mhg0', release='4.18.0-553.58.1.el8_10.x86_64', version='#1 SMP Thu Jun 26 15:50:39 UTC 2025', machine='x86_64')  Threads 8
Python 3.10.20 (main, Mar 11 2026, 17:46:40) [GCC 14.3.0]
numpy 2.2.6  scipy 1.15.3  h5py 3.16.0
Date: Wed May  6 14:05:53 2026
PySCF version 2.13.0
PySCF path  /global/home/users/vaibhavvaiyakarnam/.local/lib/python3.10/site-packages/pyscf

[CONFIG] conf_file None
[INPUT] verbose = 4
[INPUT] num. atoms = 17
[INPUT] num. electrons = 92
[INPUT] charge = 0
[INPUT] spin (= nelec alpha-beta = 2S) = 0
[INPUT] symmetry False subgroup None
[INPUT] Mole.unit = angstrom
[INPUT] Symbol           X                Y                Z      unit          X                Y                Z       unit  Magmom
[INPUT]  1 C     -2.995548460000   1.491847130000   0.069842850000 AA   -5.660766182263   2.819182495418   0.131983858259 Bohr   0.0
[INPUT]  2 C     -3.089155560000   0.078625340000   0.101458600000 AA   -5.837657964577   0.148580359051   0.191728966982 Bohr   0.0
[INPUT]  3 C     -1.798155820000   2.178098990000   0.058261520000 AA   -3.398022029093   4.116010563292   0.110098316401 Bohr   0.0
[INPUT]  4 C     -0.589830220000   1.410491770000   0.079665050000 AA   -1.114617575792   2.665443146253   0.150545126200 Bohr   0.0
[INPUT]  5 C     -1.952913410000  -0.725910270000   0.123254000000 AA   -3.690471489890  -1.371771601309   0.232916303757 Bohr   0.0
[INPUT]  6 C     -0.693494210000  -0.022596770000   0.111709800000 AA   -1.310514125872  -0.042701706600   0.211100927430 Bohr   0.0
[INPUT]  7 N     -1.789043080000   3.631358730000   0.025206910000 AA   -3.380801446248   6.862273459748   0.047634156347 Bohr   0.0
[INPUT]  8 N     -1.951504610000  -2.079864120000   0.153601250000 AA   -3.687809243726  -3.930373563110   0.290264294891 Bohr   0.0
[INPUT]  9 N      0.698063020000   1.726297850000   0.077031270000 AA    1.319147925487   3.262230145925   0.145568003327 Bohr   0.0
[INPUT] 10 N      0.516330050000  -0.545665760000   0.127806840000 AA    0.975722384383  -1.031158841953   0.241519924446 Bohr   0.0
[INPUT] 11 O      1.351577920000   0.520207570000   0.106655450000 AA    2.554112104809   0.983049835226   0.201549590192 Bohr   0.0
[INPUT] 12 O     -2.873564200000   4.212731200000   0.008563590000 AA   -5.430249339355   7.960908204410   0.016182839743 Bohr   0.0
[INPUT] 13 O     -0.692435070000   4.180382720000   0.015900570000 AA   -1.308512641344   7.899778436664   0.030047722524 Bohr   0.0
[INPUT] 14 H     -3.906242080000   2.091096500000   0.053288040000 AA   -7.381727707451   3.951599685037   0.100699801315 Bohr   0.0
[INPUT] 15 H     -4.077823490000  -0.383619360000   0.108606110000 AA   -7.705969580418  -0.724935526481   0.205235803354 Bohr   0.0
[INPUT] 16 H     -2.815698350000  -2.602704780000   0.162409870000 AA   -5.320898730890  -4.918399217296   0.306910174226 Bohr   0.0
[INPUT] 17 H     -1.075204650000  -2.583480580000   0.167776060000 AA   -2.031842316359  -4.882070744332   0.317050803659 Bohr   0.0

nuclear repulsion = 770.123852130282
number of shells = 116
number of NR pGTOs = 431
number of NR cGTOs = 254
basis = 6-31+G**
ecp = {}
CPU time:         2.65

--- Starting Ground State SCF ---


******** <class 'pyscf.solvent._attach_solvent.ddCOSMODFRKS'> ********
method = ddCOSMODFRKS
initial guess = minao
damping factor = 0
level_shift factor = 0
DIIS = <class 'pyscf.scf.diis.CDIIS'>
diis_start_cycle = 1
diis_space = 8
diis_damp = 0
SCF conv_tol = 1e-09
SCF conv_tol_grad = None
SCF max_cycles = 50
direct_scf = False
chkfile to save SCF result = /tmp/tmptaa18jfl
max_memory 4000 MB (current use 107 MB)
XC library pyscf.dft.libxc version 7.0.0
    S. Lehtola, C. Steigemann, M. J.T. Oliveira, and M. A.L. Marques.,  SoftwareX 7, 1–5 (2018)
XC functionals = b3lyp
    P. J. Stephens, F. J. Devlin, C. F. Chabalowski, and M. J. Frisch.,  J. Phys. Chem. 98, 11623 (1994)
radial grids: 
    Treutler-Ahlrichs [JCP 102, 346 (1995); DOI:10.1063/1.469408] (M4) radial grids
    
becke partition: Becke, JCP 88, 2547 (1988); DOI:10.1063/1.454033
pruning grids: <function nwchem_prune at 0x1462d4707eb0>
grids dens level: 3
symmetrized grids: False
atomic radii adjust function: <function treutler_atomic_radii_adjust at 0x1462d47068c0>
small_rho_cutoff = 0
******** <class 'pyscf.solvent.ddcosmo.ddCOSMO'> ********
lebedev_order = 17 (110 grids per sphere)
lmax = 6
eta = 0.1
eps = 3.0
frozen = False
equilibrium_solvation = False
radial grids: 
    Treutler-Ahlrichs [JCP 102, 346 (1995); DOI:10.1063/1.469408] (M4) radial grids
    
becke partition: Becke, JCP 88, 2547 (1988); DOI:10.1063/1.454033
pruning grids: <function nwchem_prune at 0x1462d4707eb0>
grids dens level: 3
symmetrized grids: False
atomic radii adjust function: <function treutler_atomic_radii_adjust at 0x1462d47068c0>
Set gradient conv threshold to 3.16228e-05
Initial guess from minao.
tot grids = 221800
******** <class 'pyscf.df.df.DF'> ********
auxbasis = None
max_memory = 4000
Default auxbasis heavy-aug-cc-pvdz-jkfit is used for H 6-31+G**
Default auxbasis heavy-aug-cc-pvdz-jkfit is used for N 6-31+G**
Default auxbasis heavy-aug-cc-pvdz-jkfit is used for C 6-31+G**
Default auxbasis heavy-aug-cc-pvdz-jkfit is used for O 6-31+G**
tot grids = 221794
ddCOSMO E_diel = -8.75808953186257e-05
Solvent Energy = -8.75808953186257e-05
init E= -678.303186673034

WARN: 2 small eigenvectors of overlap matrix removed because of linear dependency between AOs.


  HOMO = -0.2352129695119  LUMO = -0.142619372710284
ddCOSMO E_diel = -0.0299964207171086
Solvent Energy = -0.0299964207171086
cycle= 1 E= -675.299193587962  delta_E=    3  |g|= 1.19  |ddm|= 65.6
  HOMO = -0.182475114745233  LUMO = -0.128543227001297
ddCOSMO E_diel = -0.0127591238925781
Solvent Energy = -0.0127591238925781
cycle= 2 E= -674.649081503403  delta_E= 0.65  |g|= 2.25  |ddm|= 8.53
  HOMO = -0.235895594081418  LUMO = -0.116933198609786
ddCOSMO E_diel = -0.0150855717184938
Solvent Energy = -0.0150855717184938
cycle= 3 E= -675.56331368471  delta_E= -0.914  |g|= 0.161  |ddm|= 5.55
  HOMO = -0.250166150151673  LUMO = -0.121282622354286
ddCOSMO E_diel = -0.0142923950554553
Solvent Energy = -0.0142923950554553
cycle= 4 E= -675.564089444829  delta_E= -0.000776  |g|= 0.152  |ddm|= 1.05
  HOMO = -0.24601779315859  LUMO = -0.121066268531176
ddCOSMO E_diel = -0.0149324533873399
Solvent Energy = -0.0149324533873399
cycle= 5 E= -675.569377384191  delta_E= -0.00529  |g|= 0.0392  |ddm|= 0.452
  HOMO = -0.244625369635149  LUMO = -0.119888583880743
ddCOSMO E_diel = -0.0146339731221738
Solvent Energy = -0.0146339731221738
cycle= 6 E= -675.569643665952  delta_E= -0.000266  |g|= 0.0145  |ddm|= 0.138
  HOMO = -0.244524895427395  LUMO = -0.119504204395948
ddCOSMO E_diel = -0.0147013935877605
Solvent Energy = -0.0147013935877605
cycle= 7 E= -675.569684236891  delta_E= -4.06e-05  |g|= 0.00548  |ddm|= 0.0766
  HOMO = -0.244672784033847  LUMO = -0.119572547222406
ddCOSMO E_diel = -0.014700553418096
Solvent Energy = -0.014700553418096
cycle= 8 E= -675.569690064603  delta_E= -5.83e-06  |g|= 0.0018  |ddm|= 0.0164
  HOMO = -0.244741704327973  LUMO = -0.119619489701387
ddCOSMO E_diel = -0.0146763253363301
Solvent Energy = -0.0146763253363301
cycle= 9 E= -675.56969060369  delta_E= -5.39e-07  |g|= 0.000816  |ddm|= 0.00852
  HOMO = -0.244724039691934  LUMO = -0.119618832213285
ddCOSMO E_diel = -0.0146892253479097
Solvent Energy = -0.0146892253479097
cycle= 10 E= -675.569690740661  delta_E= -1.37e-07  |g|= 0.00027  |ddm|= 0.00319
  HOMO = -0.244716089378076  LUMO = -0.119606284165469
ddCOSMO E_diel = -0.0146843067296144
Solvent Energy = -0.0146843067296144
cycle= 11 E= -675.569690755575  delta_E= -1.49e-08  |g|= 0.000131  |ddm|= 0.00115
  HOMO = -0.244714450459302  LUMO = -0.119602189191548
ddCOSMO E_diel = -0.0146858458535012
Solvent Energy = -0.0146858458535012
cycle= 12 E= -675.56969075858  delta_E= -3e-09  |g|= 6.48e-05  |ddm|= 0.000435
  HOMO = -0.244714037038444  LUMO = -0.119604026182653
ddCOSMO E_diel = -0.0146854457812235
Solvent Energy = -0.0146854457812235
cycle= 13 E= -675.569690759387  delta_E= -8.07e-10  |g|= 2.62e-05  |ddm|= 0.000238
  HOMO = -0.244716491095284  LUMO = -0.119604315724219
ddCOSMO E_diel = -0.0146855301953938
Solvent Energy = -0.0146855301953938
Extra cycle  E= -675.569690758808  delta_E= 5.78e-10  |g|= 5.66e-05  |ddm|= 0.000236
converged SCF energy = -675.569690758808

--- Running Standard TD-DFT to find Resonance and Dipole ---


******** <class 'pyscf.solvent._attach_solvent.ddCOSMOTDA'> for <class 'pyscf.solvent._attach_solvent.ddCOSMODFRKS'> ********
nstates = 5 singlet
deg_eia_thresh = 1.000e-03
wfnsym = None
conv_tol = 1e-05
eigh lindep = 1e-12
eigh level_shift = 0
eigh max_cycle = 100
chkfile = /tmp/tmptaa18jfl
max_memory 4000 MB (current use 616 MB)


Solvent model for TDDFT:
******** <class 'pyscf.solvent.ddcosmo.ddCOSMO'> ********
lebedev_order = 17 (110 grids per sphere)
lmax = 6
eta = 0.1
eps = 1.78
frozen = False
equilibrium_solvation = None
radial grids: 
    Treutler-Ahlrichs [JCP 102, 346 (1995); DOI:10.1063/1.469408] (M4) radial grids
    
becke partition: Becke, JCP 88, 2547 (1988); DOI:10.1063/1.454033
pruning grids: <function nwchem_prune at 0x1462d4707eb0>
grids dens level: 3
symmetrized grids: False
atomic radii adjust function: <function treutler_atomic_radii_adjust at 0x1462d47068c0>
TDDFT non-equilibrium solvation with eps=1.78
Excitation energies (eV)
[3.25586665 3.79976711 4.07709477 4.30187516 4.7968288 ]

>> ALIGNMENT RESULTS <<
Resonant Cavity Freq : 0.119651 a.u.
TDM Direction (Unit) : [0.0373, 0.9991, -0.0224]

--- Starting QED Polarization Rotation Scan ---

========================================
 RUNNING MISALIGNMENT ANGLE: 0°
========================================
Rotated Cavity Mode Vector : [0.00037, 0.00999, -0.00022]


******** <class 'qed.tdscf.rhf.TDASym'> from <class 'pyscf.solvent._attach_solvent.ddCOSMOTDA'>-<class 'qed.cavity.rhf.RestrictedJaynesCummings'>-<class 'pyscf.solvent._attach_solvent.ddCOSMODFRKS'> ********
cQED-TDDFT:          Yang, et. al. J. Chem. Phys. 155, 064107 (2021) https://doi.org/10.1063/5.0057542
Analytical Gradient: Yang, et. al. J. Chem. Phys. 156, 124104 (2022) https://doi.org/10.1063/5.0082386
nov              = 9476
nstates          = 5 singlet
1 cavity mode in the calculation:
Cavity    1: freq =  0.1197, mode = ( 0.0004,  0.0100, -0.0002)
wfnsym           = None
conv_tol         = 1e-09
eigh lindep      = 1e-12
eigh level_shift = 0
eigh max_space   = 50
eigh max_cycle   = 100
chkfile          = /tmp/tmptaa18jfl
max_memory 4000 MB (current use 664 MB)


TDDFT non-equilibrium solvation with eps=1.78
istate =    0, norms2_elec =  0.4523, norms2_ph =  0.5477
istate =    1, norms2_elec =  0.5684, norms2_ph =  0.4316
istate =    2, norms2_elec =  1.0000, norms2_ph =  0.0000
istate =    3, norms2_elec =  0.9817, norms2_ph =  0.0183
istate =    4, norms2_elec =  1.0000, norms2_ph =  0.0000
Excited State energies (eV)
[3.09779979 3.38123428 3.79976711 4.09264744 4.30187516]

========================================
 RUNNING MISALIGNMENT ANGLE: 10°
========================================
Rotated Cavity Mode Vector : [-0.00137, 0.00990, -0.00022]


******** <class 'qed.tdscf.rhf.TDASym'> from <class 'pyscf.solvent._attach_solvent.ddCOSMOTDA'>-<class 'qed.cavity.rhf.RestrictedJaynesCummings'>-<class 'pyscf.solvent._attach_solvent.ddCOSMODFRKS'> ********
cQED-TDDFT:          Yang, et. al. J. Chem. Phys. 155, 064107 (2021) https://doi.org/10.1063/5.0057542
Analytical Gradient: Yang, et. al. J. Chem. Phys. 156, 124104 (2022) https://doi.org/10.1063/5.0082386
nov              = 9476
nstates          = 5 singlet
1 cavity mode in the calculation:
Cavity    1: freq =  0.1197, mode = (-0.0014,  0.0099, -0.0002)
wfnsym           = None
conv_tol         = 1e-09
eigh lindep      = 1e-12
eigh level_shift = 0
eigh max_space   = 50
eigh max_cycle   = 100
chkfile          = /tmp/tmptaa18jfl
max_memory 4000 MB (current use 691 MB)


TDDFT non-equilibrium solvation with eps=1.78
istate =    0, norms2_elec =  0.4513, norms2_ph =  0.5487
istate =    1, norms2_elec =  0.5694, norms2_ph =  0.4306
istate =    2, norms2_elec =  1.0000, norms2_ph =  0.0000
istate =    3, norms2_elec =  0.9817, norms2_ph =  0.0183
istate =    4, norms2_elec =  1.0000, norms2_ph =  0.0000
Excited State energies (eV)
[3.09987342 3.3790707  3.79976711 4.09267085 4.30187516]

========================================
 RUNNING MISALIGNMENT ANGLE: 20°
========================================
Rotated Cavity Mode Vector : [-0.00307, 0.00952, -0.00022]


******** <class 'qed.tdscf.rhf.TDASym'> from <class 'pyscf.solvent._attach_solvent.ddCOSMOTDA'>-<class 'qed.cavity.rhf.RestrictedJaynesCummings'>-<class 'pyscf.solvent._attach_solvent.ddCOSMODFRKS'> ********
cQED-TDDFT:          Yang, et. al. J. Chem. Phys. 155, 064107 (2021) https://doi.org/10.1063/5.0057542
Analytical Gradient: Yang, et. al. J. Chem. Phys. 156, 124104 (2022) https://doi.org/10.1063/5.0082386
nov              = 9476
nstates          = 5 singlet
1 cavity mode in the calculation:
Cavity    1: freq =  0.1197, mode = (-0.0031,  0.0095, -0.0002)
wfnsym           = None
conv_tol         = 1e-09
eigh lindep      = 1e-12
eigh level_shift = 0
eigh max_space   = 50
eigh max_cycle   = 100
chkfile          = /tmp/tmptaa18jfl
max_memory 4000 MB (current use 696 MB)


TDDFT non-equilibrium solvation with eps=1.78
istate =    0, norms2_elec =  0.4491, norms2_ph =  0.5509
istate =    1, norms2_elec =  0.5706, norms2_ph =  0.4294
istate =    2, norms2_elec =  1.0000, norms2_ph =  0.0000
istate =    3, norms2_elec =  0.9828, norms2_ph =  0.0172
istate =    4, norms2_elec =  1.0000, norms2_ph =  0.0000
Excited State energies (eV)
[3.10638377 3.3730477  3.79976711 4.09174566 4.30187516]

========================================
 RUNNING MISALIGNMENT ANGLE: 30°
========================================
Rotated Cavity Mode Vector : [-0.00467, 0.00884, -0.00022]


******** <class 'qed.tdscf.rhf.TDASym'> from <class 'pyscf.solvent._attach_solvent.ddCOSMOTDA'>-<class 'qed.cavity.rhf.RestrictedJaynesCummings'>-<class 'pyscf.solvent._attach_solvent.ddCOSMODFRKS'> ********
cQED-TDDFT:          Yang, et. al. J. Chem. Phys. 155, 064107 (2021) https://doi.org/10.1063/5.0057542
Analytical Gradient: Yang, et. al. J. Chem. Phys. 156, 124104 (2022) https://doi.org/10.1063/5.0082386
nov              = 9476
nstates          = 5 singlet
1 cavity mode in the calculation:
Cavity    1: freq =  0.1197, mode = (-0.0047,  0.0088, -0.0002)
wfnsym           = None
conv_tol         = 1e-09
eigh lindep      = 1e-12
eigh level_shift = 0
eigh max_space   = 50
eigh max_cycle   = 100
chkfile          = /tmp/tmptaa18jfl
max_memory 4000 MB (current use 692 MB)


TDDFT non-equilibrium solvation with eps=1.78
istate =    0, norms2_elec =  0.4454, norms2_ph =  0.5546
istate =    1, norms2_elec =  0.5725, norms2_ph =  0.4275
istate =    2, norms2_elec =  1.0000, norms2_ph =  0.0000
istate =    3, norms2_elec =  0.9848, norms2_ph =  0.0152
istate =    4, norms2_elec =  1.0000, norms2_ph =  0.0000
Excited State energies (eV)
[3.11712267 3.36330795 3.79976711 4.08999112 4.30187516]

========================================
 RUNNING MISALIGNMENT ANGLE: 40°
========================================
Rotated Cavity Mode Vector : [-0.00614, 0.00789, -0.00022]


******** <class 'qed.tdscf.rhf.TDASym'> from <class 'pyscf.solvent._attach_solvent.ddCOSMOTDA'>-<class 'qed.cavity.rhf.RestrictedJaynesCummings'>-<class 'pyscf.solvent._attach_solvent.ddCOSMODFRKS'> ********
cQED-TDDFT:          Yang, et. al. J. Chem. Phys. 155, 064107 (2021) https://doi.org/10.1063/5.0057542
Analytical Gradient: Yang, et. al. J. Chem. Phys. 156, 124104 (2022) https://doi.org/10.1063/5.0082386
nov              = 9476
nstates          = 5 singlet
1 cavity mode in the calculation:
Cavity    1: freq =  0.1197, mode = (-0.0061,  0.0079, -0.0002)
wfnsym           = None
conv_tol         = 1e-09
eigh lindep      = 1e-12
eigh level_shift = 0
eigh max_space   = 50
eigh max_cycle   = 100
chkfile          = /tmp/tmptaa18jfl
max_memory 4000 MB (current use 704 MB)


TDDFT non-equilibrium solvation with eps=1.78
istate =    0, norms2_elec =  0.4394, norms2_ph =  0.5606
istate =    1, norms2_elec =  0.5760, norms2_ph =  0.4240
istate =    2, norms2_elec =  1.0000, norms2_ph =  0.0000
istate =    3, norms2_elec =  0.9876, norms2_ph =  0.0124
istate =    4, norms2_elec =  1.0000, norms2_ph =  0.0000
Excited State energies (eV)
[3.13173518 3.35007796 3.79976711 4.08762828 4.30187516]

========================================
 RUNNING MISALIGNMENT ANGLE: 50°
========================================
Rotated Cavity Mode Vector : [-0.00741, 0.00671, -0.00022]


******** <class 'qed.tdscf.rhf.TDASym'> from <class 'pyscf.solvent._attach_solvent.ddCOSMOTDA'>-<class 'qed.cavity.rhf.RestrictedJaynesCummings'>-<class 'pyscf.solvent._attach_solvent.ddCOSMODFRKS'> ********
cQED-TDDFT:          Yang, et. al. J. Chem. Phys. 155, 064107 (2021) https://doi.org/10.1063/5.0057542
Analytical Gradient: Yang, et. al. J. Chem. Phys. 156, 124104 (2022) https://doi.org/10.1063/5.0082386
nov              = 9476
nstates          = 5 singlet
1 cavity mode in the calculation:
Cavity    1: freq =  0.1197, mode = (-0.0074,  0.0067, -0.0002)
wfnsym           = None
conv_tol         = 1e-09
eigh lindep      = 1e-12
eigh level_shift = 0
eigh max_space   = 50
eigh max_cycle   = 100
chkfile          = /tmp/tmptaa18jfl
max_memory 4000 MB (current use 703 MB)


TDDFT non-equilibrium solvation with eps=1.78
istate =    0, norms2_elec =  0.4298, norms2_ph =  0.5702
istate =    1, norms2_elec =  0.5829, norms2_ph =  0.4171
istate =    2, norms2_elec =  1.0000, norms2_ph =  0.0000
istate =    3, norms2_elec =  0.9908, norms2_ph =  0.0092
istate =    4, norms2_elec =  1.0000, norms2_ph =  0.0000
Excited State energies (eV)
[3.14972446 3.33368239 3.79976711 4.08494899 4.30187516]

========================================
 RUNNING MISALIGNMENT ANGLE: 60°
========================================
Rotated Cavity Mode Vector : [-0.00847, 0.00532, -0.00022]


******** <class 'qed.tdscf.rhf.TDASym'> from <class 'pyscf.solvent._attach_solvent.ddCOSMOTDA'>-<class 'qed.cavity.rhf.RestrictedJaynesCummings'>-<class 'pyscf.solvent._attach_solvent.ddCOSMODFRKS'> ********
cQED-TDDFT:          Yang, et. al. J. Chem. Phys. 155, 064107 (2021) https://doi.org/10.1063/5.0057542
Analytical Gradient: Yang, et. al. J. Chem. Phys. 156, 124104 (2022) https://doi.org/10.1063/5.0082386
nov              = 9476
nstates          = 5 singlet
1 cavity mode in the calculation:
Cavity    1: freq =  0.1197, mode = (-0.0085,  0.0053, -0.0002)
wfnsym           = None
conv_tol         = 1e-09
eigh lindep      = 1e-12
eigh level_shift = 0
eigh max_space   = 50
eigh max_cycle   = 100
chkfile          = /tmp/tmptaa18jfl
max_memory 4000 MB (current use 711 MB)


TDDFT non-equilibrium solvation with eps=1.78
istate =    0, norms2_elec =  0.4129, norms2_ph =  0.5871
istate =    1, norms2_elec =  0.5970, norms2_ph =  0.4030
istate =    2, norms2_elec =  1.0000, norms2_ph =  0.0000
istate =    3, norms2_elec =  0.9939, norms2_ph =  0.0061
istate =    4, norms2_elec =  1.0000, norms2_ph =  0.0000
Excited State energies (eV)
[3.17045095 3.31456824 3.79976711 4.08227742 4.30187516]

========================================
 RUNNING MISALIGNMENT ANGLE: 70°
========================================
Rotated Cavity Mode Vector : [-0.00926, 0.00377, -0.00022]


******** <class 'qed.tdscf.rhf.TDASym'> from <class 'pyscf.solvent._attach_solvent.ddCOSMOTDA'>-<class 'qed.cavity.rhf.RestrictedJaynesCummings'>-<class 'pyscf.solvent._attach_solvent.ddCOSMODFRKS'> ********
cQED-TDDFT:          Yang, et. al. J. Chem. Phys. 155, 064107 (2021) https://doi.org/10.1063/5.0057542
Analytical Gradient: Yang, et. al. J. Chem. Phys. 156, 124104 (2022) https://doi.org/10.1063/5.0082386
nov              = 9476
nstates          = 5 singlet
1 cavity mode in the calculation:
Cavity    1: freq =  0.1197, mode = (-0.0093,  0.0038, -0.0002)
wfnsym           = None
conv_tol         = 1e-09
eigh lindep      = 1e-12
eigh level_shift = 0
eigh max_space   = 50
eigh max_cycle   = 100
chkfile          = /tmp/tmptaa18jfl
max_memory 4000 MB (current use 705 MB)


TDDFT non-equilibrium solvation with eps=1.78
istate =    0, norms2_elec =  0.3785, norms2_ph =  0.6215
istate =    1, norms2_elec =  0.6289, norms2_ph =  0.3711
istate =    2, norms2_elec =  1.0000, norms2_ph =  0.0000
istate =    3, norms2_elec =  0.9967, norms2_ph =  0.0033
istate =    4, norms2_elec =  1.0000, norms2_ph =  0.0000
Excited State energies (eV)
[3.19309203 3.29336875 3.79976711 4.07993036 4.30187517]

========================================
 RUNNING MISALIGNMENT ANGLE: 80°
========================================
Rotated Cavity Mode Vector : [-0.00977, 0.00210, -0.00022]


******** <class 'qed.tdscf.rhf.TDASym'> from <class 'pyscf.solvent._attach_solvent.ddCOSMOTDA'>-<class 'qed.cavity.rhf.RestrictedJaynesCummings'>-<class 'pyscf.solvent._attach_solvent.ddCOSMODFRKS'> ********
cQED-TDDFT:          Yang, et. al. J. Chem. Phys. 155, 064107 (2021) https://doi.org/10.1063/5.0057542
Analytical Gradient: Yang, et. al. J. Chem. Phys. 156, 124104 (2022) https://doi.org/10.1063/5.0082386
nov              = 9476
nstates          = 5 singlet
1 cavity mode in the calculation:
Cavity    1: freq =  0.1197, mode = (-0.0098,  0.0021, -0.0002)
wfnsym           = None
conv_tol         = 1e-09
eigh lindep      = 1e-12
eigh level_shift = 0
eigh max_space   = 50
eigh max_cycle   = 100
chkfile          = /tmp/tmptaa18jfl
max_memory 4000 MB (current use 713 MB)


TDDFT non-equilibrium solvation with eps=1.78
istate =    0, norms2_elec =  0.2843, norms2_ph =  0.7157
istate =    1, norms2_elec =  0.7214, norms2_ph =  0.2786
istate =    2, norms2_elec =  1.0000, norms2_ph =  0.0000
istate =    3, norms2_elec =  0.9987, norms2_ph =  0.0013
istate =    4, norms2_elec =  1.0000, norms2_ph =  0.0000
Excited State energies (eV)
[3.21629265 3.2712735  3.79976711 4.07818134 4.30187517]

========================================
 RUNNING MISALIGNMENT ANGLE: 90°
========================================
Rotated Cavity Mode Vector : [-0.00999, 0.00037, -0.00022]


******** <class 'qed.tdscf.rhf.TDASym'> from <class 'pyscf.solvent._attach_solvent.ddCOSMOTDA'>-<class 'qed.cavity.rhf.RestrictedJaynesCummings'>-<class 'pyscf.solvent._attach_solvent.ddCOSMODFRKS'> ********
cQED-TDDFT:          Yang, et. al. J. Chem. Phys. 155, 064107 (2021) https://doi.org/10.1063/5.0057542
Analytical Gradient: Yang, et. al. J. Chem. Phys. 156, 124104 (2022) https://doi.org/10.1063/5.0082386
nov              = 9476
nstates          = 5 singlet
1 cavity mode in the calculation:
Cavity    1: freq =  0.1197, mode = (-0.0100,  0.0004, -0.0002)
wfnsym           = None
conv_tol         = 1e-09
eigh lindep      = 1e-12
eigh level_shift = 0
eigh max_space   = 50
eigh max_cycle   = 100
chkfile          = /tmp/tmptaa18jfl
max_memory 4000 MB (current use 707 MB)


TDDFT non-equilibrium solvation with eps=1.78
istate =    0, norms2_elec =  0.0047, norms2_ph =  0.9953
istate =    1, norms2_elec =  1.0000, norms2_ph =  0.0000
istate =    2, norms2_elec =  1.0000, norms2_ph =  0.0000
istate =    3, norms2_elec =  0.9998, norms2_ph =  0.0002
istate =    4, norms2_elec =  1.0000, norms2_ph =  0.0000
Excited State energies (eV)
[3.23234298 3.25586686 3.79976711 4.07723208 4.30187517]
