#INFO: **** input file is /global/scratch/users/vaibhavvaiyakarnam/bdp_tddft/nbd_variants_bundle_plus_grid_basis/nbd_omegascan_cam_b3lyp.py ****
import numpy
from pyscf import gto, scf, tdscf
import qed

# ==========================================
# 1. MOLECULE SETUP: NBD
# ==========================================
mol = gto.Mole()
mol.verbose = 4
mol.atom = '''
C          -2.99554846        1.49184713        0.06984285
C          -3.08915556        0.07862534        0.10145860
C          -1.79815582        2.17809899        0.05826152
C          -0.58983022        1.41049177        0.07966505
C          -1.95291341       -0.72591027        0.12325400
C          -0.69349421       -0.02259677        0.11170980
N          -1.78904308        3.63135873        0.02520691
N          -1.95150461       -2.07986412        0.15360125
N           0.69806302        1.72629785        0.07703127
N           0.51633005       -0.54566576        0.12780684
O           1.35157792        0.52020757        0.10665545
O          -2.87356420        4.21273120        0.00856359
O          -0.69243507        4.18038272        0.01590057
H          -3.90624208        2.09109650        0.05328804
H          -4.07782349       -0.38361936        0.10860611
H          -2.81569835       -2.60270478        0.16240987
H          -1.07520465       -2.58348058        0.16777606
'''
mol.basis = '6-31+G**'
mol.build()

# ==========================================
# 2. GROUND STATE SCF (PMMA Matrix)
# ==========================================
print("\n--- Starting Ground State SCF ---")
mf = scf.RKS(mol).density_fit() 
mf.xc = "cam-b3lyp"  # range-separated hybrid functional
mf = mf.ddCOSMO()            
mf.with_solvent.eps = 3.0    
mf.kernel()

# ==========================================
# 3. PRE-SCAN: STANDARD TD-DFT (For Alignment)
# ==========================================
print("\n--- Running Standard TD-DFT to find Dipole Direction ---")
td_std = tdscf.TDA(mf)
td_std.nroots = 5  
td_std.kernel()

# Extract the S1 Transition Dipole Moment vector
tdm_vector = td_std.transition_dipole()[0]
tdm_magnitude = numpy.linalg.norm(tdm_vector)
tdm_direction = tdm_vector / tdm_magnitude  # Pure unit direction

print(f"\n>> AUTO-TUNING RESULTS <<")
print(f"TDM Direction (Unit) : [{tdm_direction[0]:.4f}, {tdm_direction[1]:.4f}, {tdm_direction[2]:.4f}]")

# ==========================================
# 4. QED CAVITY FREQUENCY SCAN (Detuning)
# ==========================================
print("\n--- Starting QED Frequency Detuning Scan ---")

# Lock the coupling strength to a constant value
fixed_coupling = 0.01

# Scale the pure direction vector by the fixed coupling strength
scaled_cavity_mode = fixed_coupling * tdm_direction
cavity_mode = numpy.asarray([scaled_cavity_mode])

print(f"LOCKED Cavity Mode Vector : [{cavity_mode[0][0]:.5f}, {cavity_mode[0][1]:.5f}, {cavity_mode[0][2]:.5f}]")

# Create 11 frequency points (in eV) centered at 3.256 eV (+/- 0.5 eV)
ev_conversion = 27.2114
freqs_ev = numpy.linspace(2.756, 3.756, 11)

for freq_ev in freqs_ev:
    print(f"\n========================================")
    print(f" RUNNING CAVITY FREQUENCY: {freq_ev:.4f} eV")
    print(f"========================================")
    
    # Convert eV to atomic units (Hartrees) for PySCF
    freq_au = freq_ev / ev_conversion
    cavity_freq = numpy.asarray([freq_au])

    # TDA-JC Setup using scanned frequency and locked mode
    cav_model = qed.JC(mf, cavity_mode=cavity_mode, cavity_freq=cavity_freq)
    td_qed    = qed.TDA(mf, cav_obj=cav_model)
    td_qed.nroots = 5  
    
    # Run the QED TD-DFT calculation
    td_qed.kernel()#INFO: ******************** input file end ********************


System: uname_result(system='Linux', node='n0044.mhg0', release='4.18.0-553.58.1.el8_10.x86_64', version='#1 SMP Thu Jun 26 15:50:39 UTC 2025', machine='x86_64')  Threads 8
Python 3.10.20 (main, Mar 11 2026, 17:46:40) [GCC 14.3.0]
numpy 2.2.6  scipy 1.15.3  h5py 3.16.0
Date: Sun May 10 00:36:59 2026
PySCF version 2.13.0
PySCF path  /global/home/users/vaibhavvaiyakarnam/.local/lib/python3.10/site-packages/pyscf

[CONFIG] conf_file None
[INPUT] verbose = 4
[INPUT] num. atoms = 17
[INPUT] num. electrons = 92
[INPUT] charge = 0
[INPUT] spin (= nelec alpha-beta = 2S) = 0
[INPUT] symmetry False subgroup None
[INPUT] Mole.unit = angstrom
[INPUT] Symbol           X                Y                Z      unit          X                Y                Z       unit  Magmom
[INPUT]  1 C     -2.995548460000   1.491847130000   0.069842850000 AA   -5.660766182263   2.819182495418   0.131983858259 Bohr   0.0
[INPUT]  2 C     -3.089155560000   0.078625340000   0.101458600000 AA   -5.837657964577   0.148580359051   0.191728966982 Bohr   0.0
[INPUT]  3 C     -1.798155820000   2.178098990000   0.058261520000 AA   -3.398022029093   4.116010563292   0.110098316401 Bohr   0.0
[INPUT]  4 C     -0.589830220000   1.410491770000   0.079665050000 AA   -1.114617575792   2.665443146253   0.150545126200 Bohr   0.0
[INPUT]  5 C     -1.952913410000  -0.725910270000   0.123254000000 AA   -3.690471489890  -1.371771601309   0.232916303757 Bohr   0.0
[INPUT]  6 C     -0.693494210000  -0.022596770000   0.111709800000 AA   -1.310514125872  -0.042701706600   0.211100927430 Bohr   0.0
[INPUT]  7 N     -1.789043080000   3.631358730000   0.025206910000 AA   -3.380801446248   6.862273459748   0.047634156347 Bohr   0.0
[INPUT]  8 N     -1.951504610000  -2.079864120000   0.153601250000 AA   -3.687809243726  -3.930373563110   0.290264294891 Bohr   0.0
[INPUT]  9 N      0.698063020000   1.726297850000   0.077031270000 AA    1.319147925487   3.262230145925   0.145568003327 Bohr   0.0
[INPUT] 10 N      0.516330050000  -0.545665760000   0.127806840000 AA    0.975722384383  -1.031158841953   0.241519924446 Bohr   0.0
[INPUT] 11 O      1.351577920000   0.520207570000   0.106655450000 AA    2.554112104809   0.983049835226   0.201549590192 Bohr   0.0
[INPUT] 12 O     -2.873564200000   4.212731200000   0.008563590000 AA   -5.430249339355   7.960908204410   0.016182839743 Bohr   0.0
[INPUT] 13 O     -0.692435070000   4.180382720000   0.015900570000 AA   -1.308512641344   7.899778436664   0.030047722524 Bohr   0.0
[INPUT] 14 H     -3.906242080000   2.091096500000   0.053288040000 AA   -7.381727707451   3.951599685037   0.100699801315 Bohr   0.0
[INPUT] 15 H     -4.077823490000  -0.383619360000   0.108606110000 AA   -7.705969580418  -0.724935526481   0.205235803354 Bohr   0.0
[INPUT] 16 H     -2.815698350000  -2.602704780000   0.162409870000 AA   -5.320898730890  -4.918399217296   0.306910174226 Bohr   0.0
[INPUT] 17 H     -1.075204650000  -2.583480580000   0.167776060000 AA   -2.031842316359  -4.882070744332   0.317050803659 Bohr   0.0

nuclear repulsion = 770.123852130282
number of shells = 116
number of NR pGTOs = 431
number of NR cGTOs = 254
basis = 6-31+G**
ecp = {}
CPU time:         2.60

--- Starting Ground State SCF ---


******** <class 'pyscf.solvent._attach_solvent.ddCOSMODFRKS'> ********
method = ddCOSMODFRKS
initial guess = minao
damping factor = 0
level_shift factor = 0
DIIS = <class 'pyscf.scf.diis.CDIIS'>
diis_start_cycle = 1
diis_space = 8
diis_damp = 0
SCF conv_tol = 1e-09
SCF conv_tol_grad = None
SCF max_cycles = 50
direct_scf = False
chkfile to save SCF result = /tmp/tmp56fcntxu
max_memory 4000 MB (current use 106 MB)
XC library pyscf.dft.libxc version 7.0.0
    S. Lehtola, C. Steigemann, M. J.T. Oliveira, and M. A.L. Marques.,  SoftwareX 7, 1–5 (2018)
XC functionals = cam-b3lyp
    T. Yanai, D. P. Tew, and N. C. Handy.,  Chem. Phys. Lett. 393, 51 (2004)
radial grids: 
    Treutler-Ahlrichs [JCP 102, 346 (1995); DOI:10.1063/1.469408] (M4) radial grids
    
becke partition: Becke, JCP 88, 2547 (1988); DOI:10.1063/1.454033
pruning grids: <function nwchem_prune at 0x14c8211380d0>
grids dens level: 3
symmetrized grids: False
atomic radii adjust function: <function treutler_atomic_radii_adjust at 0x14c8210eea70>
small_rho_cutoff = 0
******** <class 'pyscf.solvent.ddcosmo.ddCOSMO'> ********
lebedev_order = 17 (110 grids per sphere)
lmax = 6
eta = 0.1
eps = 3.0
frozen = False
equilibrium_solvation = False
radial grids: 
    Treutler-Ahlrichs [JCP 102, 346 (1995); DOI:10.1063/1.469408] (M4) radial grids
    
becke partition: Becke, JCP 88, 2547 (1988); DOI:10.1063/1.454033
pruning grids: <function nwchem_prune at 0x14c8211380d0>
grids dens level: 3
symmetrized grids: False
atomic radii adjust function: <function treutler_atomic_radii_adjust at 0x14c8210eea70>
Set gradient conv threshold to 3.16228e-05
Initial guess from minao.
tot grids = 221800
******** <class 'pyscf.df.df.DF'> ********
auxbasis = None
max_memory = 4000
Default auxbasis heavy-aug-cc-pvdz-jkfit is used for H 6-31+G**
Default auxbasis heavy-aug-cc-pvdz-jkfit is used for N 6-31+G**
Default auxbasis heavy-aug-cc-pvdz-jkfit is used for C 6-31+G**
Default auxbasis heavy-aug-cc-pvdz-jkfit is used for O 6-31+G**
Create RSH-DF object <pyscf.df.df.DF object at 0x14c81cde8400> for omega=0.33
******** <class 'pyscf.df.df.DF'> ********
auxbasis = auxmol.basis = {'H': 'heavy-aug-cc-pvdz-jkfit', 'N': 'heavy-aug-cc-pvdz-jkfit', 'C': 'heavy-aug-cc-pvdz-jkfit', 'O': 'heavy-aug-cc-pvdz-jkfit'}
max_memory = 4000
Default auxbasis heavy-aug-cc-pvdz-jkfit is used for H 6-31+G**
Default auxbasis heavy-aug-cc-pvdz-jkfit is used for N 6-31+G**
Default auxbasis heavy-aug-cc-pvdz-jkfit is used for C 6-31+G**
Default auxbasis heavy-aug-cc-pvdz-jkfit is used for O 6-31+G**
tot grids = 221794
ddCOSMO E_diel = -8.75808953186257e-05
Solvent Energy = -8.75808953186257e-05
init E= -678.370908902748

WARN: 2 small eigenvectors of overlap matrix removed because of linear dependency between AOs.


  HOMO = -0.22212472204086  LUMO = -0.12147361190334
ddCOSMO E_diel = -0.0344249856842167
Solvent Energy = -0.0344249856842167
cycle= 1 E= -674.973732099143  delta_E=  3.4  |g|= 1.23  |ddm|= 65.4
  HOMO = -0.254431642984151  LUMO = -0.109057531703634
ddCOSMO E_diel = -0.0120366277540071
Solvent Energy = -0.0120366277540071
cycle= 2 E= -674.666245406985  delta_E= 0.307  |g|= 1.88  |ddm|= 8.75
  HOMO = -0.290572136343699  LUMO = -0.0863109626107361
ddCOSMO E_diel = -0.0153981869914482
Solvent Energy = -0.0153981869914482
cycle= 3 E= -675.274635344521  delta_E= -0.608  |g|= 0.112  |ddm|=  3.8
  HOMO = -0.293645232262354  LUMO = -0.0791434805402425
ddCOSMO E_diel = -0.0147895180937732
Solvent Energy = -0.0147895180937732
cycle= 4 E= -675.27641235686  delta_E= -0.00178  |g|= 0.0812  |ddm|= 0.631
  HOMO = -0.291300443633326  LUMO = -0.0788574662535244
ddCOSMO E_diel = -0.0148679619797343
Solvent Energy = -0.0148679619797343
cycle= 5 E= -675.277907147294  delta_E= -0.00149  |g|= 0.0231  |ddm|= 0.232
  HOMO = -0.291849787862525  LUMO = -0.0787032455186369
ddCOSMO E_diel = -0.0146008219781165
Solvent Energy = -0.0146008219781165
cycle= 6 E= -675.278026719271  delta_E= -0.00012  |g|= 0.00984  |ddm|= 0.087
  HOMO = -0.291953155916095  LUMO = -0.078466877213613
ddCOSMO E_diel = -0.0145774556406907
Solvent Energy = -0.0145774556406907
cycle= 7 E= -675.278056586611  delta_E= -2.99e-05  |g|= 0.00288  |ddm|= 0.0494
  HOMO = -0.291915154314717  LUMO = -0.0783065694698899
ddCOSMO E_diel = -0.014513532664462
Solvent Energy = -0.014513532664462
cycle= 8 E= -675.278062185644  delta_E= -5.6e-06  |g|= 0.0019  |ddm|= 0.0169
  HOMO = -0.291902578737849  LUMO = -0.0782666529357581
ddCOSMO E_diel = -0.0144835058472785
Solvent Energy = -0.0144835058472785
cycle= 9 E= -675.278063662805  delta_E= -1.48e-06  |g|= 0.000775  |ddm|= 0.00967
  HOMO = -0.291915694868384  LUMO = -0.0782700513029875
ddCOSMO E_diel = -0.0144809735000506
Solvent Energy = -0.0144809735000506
cycle= 10 E= -675.278063871796  delta_E= -2.09e-07  |g|= 0.000486  |ddm|= 0.00411
  HOMO = -0.291925757566904  LUMO = -0.0782675496206129
ddCOSMO E_diel = -0.0144705815385194
Solvent Energy = -0.0144705815385194
cycle= 11 E= -675.278063963206  delta_E= -9.14e-08  |g|= 0.000145  |ddm|= 0.00271
  HOMO = -0.291917570114296  LUMO = -0.0782583190580906
ddCOSMO E_diel = -0.0144691852894729
Solvent Energy = -0.0144691852894729
cycle= 12 E= -675.278063971316  delta_E= -8.11e-09  |g|= 6.73e-05  |ddm|= 0.000801
  HOMO = -0.291917128658135  LUMO = -0.0782589082468728
ddCOSMO E_diel = -0.0144682022717867
Solvent Energy = -0.0144682022717867
cycle= 13 E= -675.278063973243  delta_E= -1.93e-09  |g|= 3.63e-05  |ddm|= 0.00049
  HOMO = -0.291918594798263  LUMO = -0.0782610756080944
ddCOSMO E_diel = -0.0144683646184201
Solvent Energy = -0.0144683646184201
cycle= 14 E= -675.278063973542  delta_E= -2.99e-10  |g|= 1.35e-05  |ddm|= 0.000149
  HOMO = -0.291918749435419  LUMO = -0.0782611783144636
ddCOSMO E_diel = -0.0144681441355889
Solvent Energy = -0.0144681441355889
Extra cycle  E= -675.278063973558  delta_E= -1.61e-11  |g|= 1.84e-05  |ddm|= 7.52e-05
converged SCF energy = -675.278063973558

--- Running Standard TD-DFT to find Dipole Direction ---


******** <class 'pyscf.solvent._attach_solvent.ddCOSMOTDA'> for <class 'pyscf.solvent._attach_solvent.ddCOSMODFRKS'> ********
nstates = 5 singlet
deg_eia_thresh = 1.000e-03
wfnsym = None
conv_tol = 1e-05
eigh lindep = 1e-12
eigh level_shift = 0
eigh max_cycle = 100
chkfile = /tmp/tmp56fcntxu
max_memory 4000 MB (current use 771 MB)


Solvent model for TDDFT:
******** <class 'pyscf.solvent.ddcosmo.ddCOSMO'> ********
lebedev_order = 17 (110 grids per sphere)
lmax = 6
eta = 0.1
eps = 1.78
frozen = False
equilibrium_solvation = None
radial grids: 
    Treutler-Ahlrichs [JCP 102, 346 (1995); DOI:10.1063/1.469408] (M4) radial grids
    
becke partition: Becke, JCP 88, 2547 (1988); DOI:10.1063/1.454033
pruning grids: <function nwchem_prune at 0x14c8211380d0>
grids dens level: 3
symmetrized grids: False
atomic radii adjust function: <function treutler_atomic_radii_adjust at 0x14c8210eea70>
TDDFT non-equilibrium solvation with eps=1.78
Excitation energies (eV)
[3.4928045  4.06850713 4.56828398 4.60056769 5.2218545 ]

>> AUTO-TUNING RESULTS <<
TDM Direction (Unit) : [0.0379, 0.9990, -0.0225]

--- Starting QED Frequency Detuning Scan ---
LOCKED Cavity Mode Vector : [0.00038, 0.00999, -0.00022]

========================================
 RUNNING CAVITY FREQUENCY: 2.7560 eV
========================================


******** <class 'qed.tdscf.rhf.TDASym'> from <class 'pyscf.solvent._attach_solvent.ddCOSMOTDA'>-<class 'qed.cavity.rhf.RestrictedJaynesCummings'>-<class 'pyscf.solvent._attach_solvent.ddCOSMODFRKS'> ********
cQED-TDDFT:          Yang, et. al. J. Chem. Phys. 155, 064107 (2021) https://doi.org/10.1063/5.0057542
Analytical Gradient: Yang, et. al. J. Chem. Phys. 156, 124104 (2022) https://doi.org/10.1063/5.0082386
nov              = 9476
nstates          = 5 singlet
1 cavity mode in the calculation:
Cavity    1: freq =  0.1013, mode = ( 0.0004,  0.0100, -0.0002)
wfnsym           = None
conv_tol         = 1e-09
eigh lindep      = 1e-12
eigh level_shift = 0
eigh max_space   = 50
eigh max_cycle   = 100
chkfile          = /tmp/tmp56fcntxu
max_memory 4000 MB (current use 819 MB)


TDDFT non-equilibrium solvation with eps=1.78
istate =    0, norms2_elec =  0.0370, norms2_ph =  0.9630
istate =    1, norms2_elec =  0.9659, norms2_ph =  0.0341
istate =    2, norms2_elec =  1.0000, norms2_ph =  0.0000
istate =    3, norms2_elec =  1.0000, norms2_ph =  0.0000
istate =    4, norms2_elec =  0.9983, norms2_ph =  0.0017
Excited State energies (eV)
[2.71308593 3.52041428 4.06850713 4.568284   4.60365285]

========================================
 RUNNING CAVITY FREQUENCY: 2.8560 eV
========================================


******** <class 'qed.tdscf.rhf.TDASym'> from <class 'pyscf.solvent._attach_solvent.ddCOSMOTDA'>-<class 'qed.cavity.rhf.RestrictedJaynesCummings'>-<class 'pyscf.solvent._attach_solvent.ddCOSMODFRKS'> ********
cQED-TDDFT:          Yang, et. al. J. Chem. Phys. 155, 064107 (2021) https://doi.org/10.1063/5.0057542
Analytical Gradient: Yang, et. al. J. Chem. Phys. 156, 124104 (2022) https://doi.org/10.1063/5.0082386
nov              = 9476
nstates          = 5 singlet
1 cavity mode in the calculation:
Cavity    1: freq =  0.1050, mode = ( 0.0004,  0.0100, -0.0002)
wfnsym           = None
conv_tol         = 1e-09
eigh lindep      = 1e-12
eigh level_shift = 0
eigh max_space   = 50
eigh max_cycle   = 100
chkfile          = /tmp/tmp56fcntxu
max_memory 4000 MB (current use 849 MB)


TDDFT non-equilibrium solvation with eps=1.78
istate =    0, norms2_elec =  0.0484, norms2_ph =  0.9516
istate =    1, norms2_elec =  0.9549, norms2_ph =  0.0451
istate =    2, norms2_elec =  1.0000, norms2_ph =  0.0000
istate =    3, norms2_elec =  1.0000, norms2_ph =  0.0000
istate =    4, norms2_elec =  0.9981, norms2_ph =  0.0019
Excited State energies (eV)
[2.80728814 3.5253367  4.06850713 4.568284   4.6039478 ]

========================================
 RUNNING CAVITY FREQUENCY: 2.9560 eV
========================================


******** <class 'qed.tdscf.rhf.TDASym'> from <class 'pyscf.solvent._attach_solvent.ddCOSMOTDA'>-<class 'qed.cavity.rhf.RestrictedJaynesCummings'>-<class 'pyscf.solvent._attach_solvent.ddCOSMODFRKS'> ********
cQED-TDDFT:          Yang, et. al. J. Chem. Phys. 155, 064107 (2021) https://doi.org/10.1063/5.0057542
Analytical Gradient: Yang, et. al. J. Chem. Phys. 156, 124104 (2022) https://doi.org/10.1063/5.0082386
nov              = 9476
nstates          = 5 singlet
1 cavity mode in the calculation:
Cavity    1: freq =  0.1086, mode = ( 0.0004,  0.0100, -0.0002)
wfnsym           = None
conv_tol         = 1e-09
eigh lindep      = 1e-12
eigh level_shift = 0
eigh max_space   = 50
eigh max_cycle   = 100
chkfile          = /tmp/tmp56fcntxu
max_memory 4000 MB (current use 857 MB)


TDDFT non-equilibrium solvation with eps=1.78
istate =    0, norms2_elec =  0.0650, norms2_ph =  0.9350
istate =    1, norms2_elec =  0.9387, norms2_ph =  0.0613
istate =    2, norms2_elec =  1.0000, norms2_ph =  0.0000
istate =    3, norms2_elec =  1.0000, norms2_ph =  0.0000
istate =    4, norms2_elec =  0.9977, norms2_ph =  0.0023
Excited State energies (eV)
[2.89997441 3.53172547 4.06850713 4.568284   4.60427849]

========================================
 RUNNING CAVITY FREQUENCY: 3.0560 eV
========================================


******** <class 'qed.tdscf.rhf.TDASym'> from <class 'pyscf.solvent._attach_solvent.ddCOSMOTDA'>-<class 'qed.cavity.rhf.RestrictedJaynesCummings'>-<class 'pyscf.solvent._attach_solvent.ddCOSMODFRKS'> ********
cQED-TDDFT:          Yang, et. al. J. Chem. Phys. 155, 064107 (2021) https://doi.org/10.1063/5.0057542
Analytical Gradient: Yang, et. al. J. Chem. Phys. 156, 124104 (2022) https://doi.org/10.1063/5.0082386
nov              = 9476
nstates          = 5 singlet
1 cavity mode in the calculation:
Cavity    1: freq =  0.1123, mode = ( 0.0004,  0.0100, -0.0002)
wfnsym           = None
conv_tol         = 1e-09
eigh lindep      = 1e-12
eigh level_shift = 0
eigh max_space   = 50
eigh max_cycle   = 100
chkfile          = /tmp/tmp56fcntxu
max_memory 4000 MB (current use 855 MB)


TDDFT non-equilibrium solvation with eps=1.78
istate =    0, norms2_elec =  0.0901, norms2_ph =  0.9099
istate =    1, norms2_elec =  0.9142, norms2_ph =  0.0858
istate =    2, norms2_elec =  1.0000, norms2_ph =  0.0000
istate =    3, norms2_elec =  1.0000, norms2_ph =  0.0000
istate =    4, norms2_elec =  0.9974, norms2_ph =  0.0026
Excited State energies (eV)
[2.99044864 3.54026912 4.06850713 4.568284   4.60465181]

========================================
 RUNNING CAVITY FREQUENCY: 3.1560 eV
========================================


******** <class 'qed.tdscf.rhf.TDASym'> from <class 'pyscf.solvent._attach_solvent.ddCOSMOTDA'>-<class 'qed.cavity.rhf.RestrictedJaynesCummings'>-<class 'pyscf.solvent._attach_solvent.ddCOSMODFRKS'> ********
cQED-TDDFT:          Yang, et. al. J. Chem. Phys. 155, 064107 (2021) https://doi.org/10.1063/5.0057542
Analytical Gradient: Yang, et. al. J. Chem. Phys. 156, 124104 (2022) https://doi.org/10.1063/5.0082386
nov              = 9476
nstates          = 5 singlet
1 cavity mode in the calculation:
Cavity    1: freq =  0.1160, mode = ( 0.0004,  0.0100, -0.0002)
wfnsym           = None
conv_tol         = 1e-09
eigh lindep      = 1e-12
eigh level_shift = 0
eigh max_space   = 50
eigh max_cycle   = 100
chkfile          = /tmp/tmp56fcntxu
max_memory 4000 MB (current use 864 MB)


TDDFT non-equilibrium solvation with eps=1.78
istate =    0, norms2_elec =  0.1290, norms2_ph =  0.8710
istate =    1, norms2_elec =  0.8758, norms2_ph =  0.1242
istate =    2, norms2_elec =  1.0000, norms2_ph =  0.0000
istate =    3, norms2_elec =  1.0000, norms2_ph =  0.0000
istate =    4, norms2_elec =  0.9969, norms2_ph =  0.0031
Excited State energies (eV)
[3.07758732 3.55208163 4.06850713 4.568284   4.60507651]

========================================
 RUNNING CAVITY FREQUENCY: 3.2560 eV
========================================


******** <class 'qed.tdscf.rhf.TDASym'> from <class 'pyscf.solvent._attach_solvent.ddCOSMOTDA'>-<class 'qed.cavity.rhf.RestrictedJaynesCummings'>-<class 'pyscf.solvent._attach_solvent.ddCOSMODFRKS'> ********
cQED-TDDFT:          Yang, et. al. J. Chem. Phys. 155, 064107 (2021) https://doi.org/10.1063/5.0057542
Analytical Gradient: Yang, et. al. J. Chem. Phys. 156, 124104 (2022) https://doi.org/10.1063/5.0082386
nov              = 9476
nstates          = 5 singlet
1 cavity mode in the calculation:
Cavity    1: freq =  0.1197, mode = ( 0.0004,  0.0100, -0.0002)
wfnsym           = None
conv_tol         = 1e-09
eigh lindep      = 1e-12
eigh level_shift = 0
eigh max_space   = 50
eigh max_cycle   = 100
chkfile          = /tmp/tmp56fcntxu
max_memory 4000 MB (current use 859 MB)


TDDFT non-equilibrium solvation with eps=1.78
istate =    0, norms2_elec =  0.1903, norms2_ph =  0.8097
istate =    1, norms2_elec =  0.8152, norms2_ph =  0.1848
istate =    2, norms2_elec =  1.0000, norms2_ph =  0.0000
istate =    3, norms2_elec =  1.0000, norms2_ph =  0.0000
istate =    4, norms2_elec =  0.9963, norms2_ph =  0.0037
Excited State energies (eV)
[3.15957489 3.56896642 4.06850713 4.568284   4.60556392]

========================================
 RUNNING CAVITY FREQUENCY: 3.3560 eV
========================================


******** <class 'qed.tdscf.rhf.TDASym'> from <class 'pyscf.solvent._attach_solvent.ddCOSMOTDA'>-<class 'qed.cavity.rhf.RestrictedJaynesCummings'>-<class 'pyscf.solvent._attach_solvent.ddCOSMODFRKS'> ********
cQED-TDDFT:          Yang, et. al. J. Chem. Phys. 155, 064107 (2021) https://doi.org/10.1063/5.0057542
Analytical Gradient: Yang, et. al. J. Chem. Phys. 156, 124104 (2022) https://doi.org/10.1063/5.0082386
nov              = 9476
nstates          = 5 singlet
1 cavity mode in the calculation:
Cavity    1: freq =  0.1233, mode = ( 0.0004,  0.0100, -0.0002)
wfnsym           = None
conv_tol         = 1e-09
eigh lindep      = 1e-12
eigh level_shift = 0
eigh max_space   = 50
eigh max_cycle   = 100
chkfile          = /tmp/tmp56fcntxu
max_memory 4000 MB (current use 871 MB)


TDDFT non-equilibrium solvation with eps=1.78
istate =    0, norms2_elec =  0.2844, norms2_ph =  0.7156
istate =    1, norms2_elec =  0.7219, norms2_ph =  0.2781
istate =    2, norms2_elec =  1.0000, norms2_ph =  0.0000
istate =    3, norms2_elec =  1.0000, norms2_ph =  0.0000
istate =    4, norms2_elec =  0.9956, norms2_ph =  0.0044
Excited State energies (eV)
[3.23363968 3.59367936 4.06850713 4.56828401 4.60612896]

========================================
 RUNNING CAVITY FREQUENCY: 3.4560 eV
========================================


******** <class 'qed.tdscf.rhf.TDASym'> from <class 'pyscf.solvent._attach_solvent.ddCOSMOTDA'>-<class 'qed.cavity.rhf.RestrictedJaynesCummings'>-<class 'pyscf.solvent._attach_solvent.ddCOSMODFRKS'> ********
cQED-TDDFT:          Yang, et. al. J. Chem. Phys. 155, 064107 (2021) https://doi.org/10.1063/5.0057542
Analytical Gradient: Yang, et. al. J. Chem. Phys. 156, 124104 (2022) https://doi.org/10.1063/5.0082386
nov              = 9476
nstates          = 5 singlet
1 cavity mode in the calculation:
Cavity    1: freq =  0.1270, mode = ( 0.0004,  0.0100, -0.0002)
wfnsym           = None
conv_tol         = 1e-09
eigh lindep      = 1e-12
eigh level_shift = 0
eigh max_space   = 50
eigh max_cycle   = 100
chkfile          = /tmp/tmp56fcntxu
max_memory 4000 MB (current use 870 MB)


TDDFT non-equilibrium solvation with eps=1.78
istate =    0, norms2_elec =  0.4146, norms2_ph =  0.5854
istate =    1, norms2_elec =  0.5929, norms2_ph =  0.4071
istate =    2, norms2_elec =  1.0000, norms2_ph =  0.0000
istate =    3, norms2_elec =  1.0000, norms2_ph =  0.0000
istate =    4, norms2_elec =  0.9946, norms2_ph =  0.0054
Excited State energies (eV)
[3.29627969 3.62970148 4.06850713 4.56828401 4.60679163]

========================================
 RUNNING CAVITY FREQUENCY: 3.5560 eV
========================================


******** <class 'qed.tdscf.rhf.TDASym'> from <class 'pyscf.solvent._attach_solvent.ddCOSMOTDA'>-<class 'qed.cavity.rhf.RestrictedJaynesCummings'>-<class 'pyscf.solvent._attach_solvent.ddCOSMODFRKS'> ********
cQED-TDDFT:          Yang, et. al. J. Chem. Phys. 155, 064107 (2021) https://doi.org/10.1063/5.0057542
Analytical Gradient: Yang, et. al. J. Chem. Phys. 156, 124104 (2022) https://doi.org/10.1063/5.0082386
nov              = 9476
nstates          = 5 singlet
1 cavity mode in the calculation:
Cavity    1: freq =  0.1307, mode = ( 0.0004,  0.0100, -0.0002)
wfnsym           = None
conv_tol         = 1e-09
eigh lindep      = 1e-12
eigh level_shift = 0
eigh max_space   = 50
eigh max_cycle   = 100
chkfile          = /tmp/tmp56fcntxu
max_memory 4000 MB (current use 871 MB)


TDDFT non-equilibrium solvation with eps=1.78
istate =    0, norms2_elec =  0.5614, norms2_ph =  0.4386
istate =    1, norms2_elec =  0.4474, norms2_ph =  0.5526
istate =    2, norms2_elec =  1.0000, norms2_ph =  0.0000
istate =    3, norms2_elec =  1.0000, norms2_ph =  0.0000
istate =    4, norms2_elec =  0.9933, norms2_ph =  0.0067
Excited State energies (eV)
[3.34480425 3.67969492 4.06850713 4.56828401 4.60757936]

========================================
 RUNNING CAVITY FREQUENCY: 3.6560 eV
========================================


******** <class 'qed.tdscf.rhf.TDASym'> from <class 'pyscf.solvent._attach_solvent.ddCOSMOTDA'>-<class 'qed.cavity.rhf.RestrictedJaynesCummings'>-<class 'pyscf.solvent._attach_solvent.ddCOSMODFRKS'> ********
cQED-TDDFT:          Yang, et. al. J. Chem. Phys. 155, 064107 (2021) https://doi.org/10.1063/5.0057542
Analytical Gradient: Yang, et. al. J. Chem. Phys. 156, 124104 (2022) https://doi.org/10.1063/5.0082386
nov              = 9476
nstates          = 5 singlet
1 cavity mode in the calculation:
Cavity    1: freq =  0.1344, mode = ( 0.0004,  0.0100, -0.0002)
wfnsym           = None
conv_tol         = 1e-09
eigh lindep      = 1e-12
eigh level_shift = 0
eigh max_space   = 50
eigh max_cycle   = 100
chkfile          = /tmp/tmp56fcntxu
max_memory 4000 MB (current use 870 MB)


TDDFT non-equilibrium solvation with eps=1.78
istate =    0, norms2_elec =  0.6912, norms2_ph =  0.3088
istate =    1, norms2_elec =  0.3194, norms2_ph =  0.6806
istate =    2, norms2_elec =  1.0000, norms2_ph =  0.0000
istate =    3, norms2_elec =  1.0000, norms2_ph =  0.0000
istate =    4, norms2_elec =  0.9917, norms2_ph =  0.0083
Excited State energies (eV)
[3.37943276 3.74340042 4.06850713 4.56828402 4.60853082]

========================================
 RUNNING CAVITY FREQUENCY: 3.7560 eV
========================================


******** <class 'qed.tdscf.rhf.TDASym'> from <class 'pyscf.solvent._attach_solvent.ddCOSMOTDA'>-<class 'qed.cavity.rhf.RestrictedJaynesCummings'>-<class 'pyscf.solvent._attach_solvent.ddCOSMODFRKS'> ********
cQED-TDDFT:          Yang, et. al. J. Chem. Phys. 155, 064107 (2021) https://doi.org/10.1063/5.0057542
Analytical Gradient: Yang, et. al. J. Chem. Phys. 156, 124104 (2022) https://doi.org/10.1063/5.0082386
nov              = 9476
nstates          = 5 singlet
1 cavity mode in the calculation:
Cavity    1: freq =  0.1380, mode = ( 0.0004,  0.0100, -0.0002)
wfnsym           = None
conv_tol         = 1e-09
eigh lindep      = 1e-12
eigh level_shift = 0
eigh max_space   = 50
eigh max_cycle   = 100
chkfile          = /tmp/tmp56fcntxu
max_memory 4000 MB (current use 871 MB)


TDDFT non-equilibrium solvation with eps=1.78
istate =    0, norms2_elec =  0.7858, norms2_ph =  0.2142
istate =    1, norms2_elec =  0.2273, norms2_ph =  0.7727
istate =    2, norms2_elec =  1.0000, norms2_ph =  0.0000
istate =    3, norms2_elec =  1.0000, norms2_ph =  0.0000
istate =    4, norms2_elec =  0.9894, norms2_ph =  0.0106
Excited State energies (eV)
[3.40310485 3.8178208  4.06850713 4.56828402 4.60970221]
