
--- Building the C343 Supermolecule ---
#INFO: **** input file is /global/scratch/users/vaibhavvaiyakarnam/bdp_tddft/nbd_dimer_lambdascan.py ****
import numpy
from pyscf import gto, scf, tdscf
import qed

# ==========================================
# 1. MOLECULE SETUP: NBD-Amine
# ==========================================
print("\n--- Building the C343 Supermolecule ---")

c343_single = '''
C          -2.99554846        1.49184713        0.06984285
C          -3.08915556        0.07862534        0.10145860
C          -1.79815582        2.17809899        0.05826152
C          -0.58983022        1.41049177        0.07966505
C          -1.95291341       -0.72591027        0.12325400
C          -0.69349421       -0.02259677        0.11170980
N          -1.78904308        3.63135873        0.02520691
N          -1.95150461       -2.07986412        0.15360125
N           0.69806302        1.72629785        0.07703127
N           0.51633005       -0.54566576        0.12780684
O           1.35157792        0.52020757        0.10665545
O          -2.87356420        4.21273120        0.00856359
O          -0.69243507        4.18038272        0.01590057
H          -3.90624208        2.09109650        0.05328804
H          -4.07782349       -0.38361936        0.10860611
H          -2.81569835       -2.60270478        0.16240987
H          -1.07520465       -2.58348058        0.16777606
'''

# Automatically generate the second molecule shifted by 20 Å on the Z-axis
c343_dimer = c343_single
for line in c343_single.strip().split('\n'):
    parts = line.split()
    atom = parts[0]
    x = float(parts[1])
    y = float(parts[2])
    z = float(parts[3]) + 20.0
    c343_dimer += f"\n{atom}  {x:.10f}  {y:.10f}  {z:.10f}"

mol = gto.Mole()
mol.verbose = 4
mol.atom = c343_dimer
mol.basis = '6-31+G**'
mol.build()

# ==========================================
# 2. GROUND STATE SCF
# ==========================================
print("\n--- Starting Ground State SCF (Dimer) ---")
# Using density fitting to speed up the double-sized calculation
mf = scf.RKS(mol).density_fit() 
mf.xc = "b3lyp"
mf = mf.ddCOSMO()            
mf.with_solvent.eps = 3.0    
mf.kernel()

# ==========================================
# 3. PRE-SCAN: STANDARD TD-DFT (For Alignment)
# ==========================================
print("\n--- Running Standard TD-DFT to find Collective Resonance ---")
td_std = tdscf.TDA(mf)
# Requesting more roots because the density of states is higher for a dimer
td_std.nroots = 10  
td_std.kernel()

# Grab the energy of the first bright collective state
s1_energy_au = td_std.e[0]
cavity_freq = numpy.asarray([s1_energy_au])

# Extract the collective Transition Dipole Moment vector
tdm_vector = td_std.transition_dipole()[0]
tdm_magnitude = numpy.linalg.norm(tdm_vector)
tdm_direction = tdm_vector / tdm_magnitude

print(f"\n>> ALIGNMENT RESULTS <<")
print(f"Resonant Cavity Freq : {s1_energy_au:.6f} a.u.")
print(f"TDM Direction (Unit) : [{tdm_direction[0]:.4f}, {tdm_direction[1]:.4f}, {tdm_direction[2]:.4f}]")

# ==========================================
# 4. QED LAMBDA SCAN
# ==========================================
print("\n--- Starting QED Lambda Scan (Collective Coupling) ---")

# Scan lambda from 0.00 to 0.02 a.u.
lambda_values = numpy.linspace(0.00, 0.02, 11)

for lam in lambda_values:
    print(f"\n========================================")
    print(f" RUNNING LAMBDA COUPLING: {lam:.4f} a.u.")
    print(f"========================================")
    
    # Scale the cavity mode vector by the current lambda
    scaled_cavity_mode = lam * tdm_direction
    cavity_mode = numpy.asarray([scaled_cavity_mode])

    # TDA-JC Setup using scanned lambda and locked frequency
    cav_model = qed.JC(mf, cavity_mode=cavity_mode, cavity_freq=cavity_freq)
    td_qed    = qed.TDA(mf, cav_obj=cav_model)
    td_qed.nroots = 10  
    
    # Run the QED TD-DFT calculation
    td_qed.kernel()#INFO: ******************** input file end ********************


System: uname_result(system='Linux', node='n0030.mhg0', release='4.18.0-553.58.1.el8_10.x86_64', version='#1 SMP Thu Jun 26 15:50:39 UTC 2025', machine='x86_64')  Threads 8
Python 3.10.20 (main, Mar 11 2026, 17:46:40) [GCC 14.3.0]
numpy 2.2.6  scipy 1.15.3  h5py 3.16.0
Date: Sun May  3 12:05:28 2026
PySCF version 2.13.0
PySCF path  /global/home/users/vaibhavvaiyakarnam/.local/lib/python3.10/site-packages/pyscf

[CONFIG] conf_file None
[INPUT] verbose = 4
[INPUT] num. atoms = 34
[INPUT] num. electrons = 184
[INPUT] charge = 0
[INPUT] spin (= nelec alpha-beta = 2S) = 0
[INPUT] symmetry False subgroup None
[INPUT] Mole.unit = angstrom
[INPUT] Symbol           X                Y                Z      unit          X                Y                Z       unit  Magmom
[INPUT]  1 C     -2.995548460000   1.491847130000   0.069842850000 AA   -5.660766182263   2.819182495418   0.131983858259 Bohr   0.0
[INPUT]  2 C     -3.089155560000   0.078625340000   0.101458600000 AA   -5.837657964577   0.148580359051   0.191728966982 Bohr   0.0
[INPUT]  3 C     -1.798155820000   2.178098990000   0.058261520000 AA   -3.398022029093   4.116010563292   0.110098316401 Bohr   0.0
[INPUT]  4 C     -0.589830220000   1.410491770000   0.079665050000 AA   -1.114617575792   2.665443146253   0.150545126200 Bohr   0.0
[INPUT]  5 C     -1.952913410000  -0.725910270000   0.123254000000 AA   -3.690471489890  -1.371771601309   0.232916303757 Bohr   0.0
[INPUT]  6 C     -0.693494210000  -0.022596770000   0.111709800000 AA   -1.310514125872  -0.042701706600   0.211100927430 Bohr   0.0
[INPUT]  7 N     -1.789043080000   3.631358730000   0.025206910000 AA   -3.380801446248   6.862273459748   0.047634156347 Bohr   0.0
[INPUT]  8 N     -1.951504610000  -2.079864120000   0.153601250000 AA   -3.687809243726  -3.930373563110   0.290264294891 Bohr   0.0
[INPUT]  9 N      0.698063020000   1.726297850000   0.077031270000 AA    1.319147925487   3.262230145925   0.145568003327 Bohr   0.0
[INPUT] 10 N      0.516330050000  -0.545665760000   0.127806840000 AA    0.975722384383  -1.031158841953   0.241519924446 Bohr   0.0
[INPUT] 11 O      1.351577920000   0.520207570000   0.106655450000 AA    2.554112104809   0.983049835226   0.201549590192 Bohr   0.0
[INPUT] 12 O     -2.873564200000   4.212731200000   0.008563590000 AA   -5.430249339355   7.960908204410   0.016182839743 Bohr   0.0
[INPUT] 13 O     -0.692435070000   4.180382720000   0.015900570000 AA   -1.308512641344   7.899778436664   0.030047722524 Bohr   0.0
[INPUT] 14 H     -3.906242080000   2.091096500000   0.053288040000 AA   -7.381727707451   3.951599685037   0.100699801315 Bohr   0.0
[INPUT] 15 H     -4.077823490000  -0.383619360000   0.108606110000 AA   -7.705969580418  -0.724935526481   0.205235803354 Bohr   0.0
[INPUT] 16 H     -2.815698350000  -2.602704780000   0.162409870000 AA   -5.320898730890  -4.918399217296   0.306910174226 Bohr   0.0
[INPUT] 17 H     -1.075204650000  -2.583480580000   0.167776060000 AA   -2.031842316359  -4.882070744332   0.317050803659 Bohr   0.0
[INPUT] 18 C     -2.995548460000   1.491847130000  20.069842850000 AA   -5.660766182263   2.819182495418  37.926506349560 Bohr   0.0
[INPUT] 19 C     -3.089155560000   0.078625340000  20.101458600000 AA   -5.837657964577   0.148580359051  37.986251458283 Bohr   0.0
[INPUT] 20 C     -1.798155820000   2.178098990000  20.058261520000 AA   -3.398022029093   4.116010563292  37.904620807702 Bohr   0.0
[INPUT] 21 C     -0.589830220000   1.410491770000  20.079665050000 AA   -1.114617575792   2.665443146253  37.945067617501 Bohr   0.0
[INPUT] 22 C     -1.952913410000  -0.725910270000  20.123254000000 AA   -3.690471489890  -1.371771601309  38.027438795058 Bohr   0.0
[INPUT] 23 C     -0.693494210000  -0.022596770000  20.111709800000 AA   -1.310514125872  -0.042701706600  38.005623418731 Bohr   0.0
[INPUT] 24 N     -1.789043080000   3.631358730000  20.025206910000 AA   -3.380801446248   6.862273459748  37.842156647648 Bohr   0.0
[INPUT] 25 N     -1.951504610000  -2.079864120000  20.153601250000 AA   -3.687809243726  -3.930373563110  38.084786786192 Bohr   0.0
[INPUT] 26 N      0.698063020000   1.726297850000  20.077031270000 AA    1.319147925487   3.262230145925  37.940090494629 Bohr   0.0
[INPUT] 27 N      0.516330050000  -0.545665760000  20.127806840000 AA    0.975722384383  -1.031158841953  38.036042415747 Bohr   0.0
[INPUT] 28 O      1.351577920000   0.520207570000  20.106655450000 AA    2.554112104809   0.983049835226  37.996072081493 Bohr   0.0
[INPUT] 29 O     -2.873564200000   4.212731200000  20.008563590000 AA   -5.430249339355   7.960908204410  37.810705331044 Bohr   0.0
[INPUT] 30 O     -0.692435070000   4.180382720000  20.015900570000 AA   -1.308512641344   7.899778436664  37.824570213826 Bohr   0.0
[INPUT] 31 H     -3.906242080000   2.091096500000  20.053288040000 AA   -7.381727707451   3.951599685037  37.895222292616 Bohr   0.0
[INPUT] 32 H     -4.077823490000  -0.383619360000  20.108606110000 AA   -7.705969580418  -0.724935526481  37.999758294656 Bohr   0.0
[INPUT] 33 H     -2.815698350000  -2.602704780000  20.162409870000 AA   -5.320898730890  -4.918399217296  38.101432665527 Bohr   0.0
[INPUT] 34 H     -1.075204650000  -2.583480580000  20.167776060000 AA   -2.031842316359  -4.882070744332  38.111573294960 Bohr   0.0

nuclear repulsion = 1760.90899061751
number of shells = 232
number of NR pGTOs = 862
number of NR cGTOs = 508
basis = 6-31+G**
ecp = {}
CPU time:         2.48

--- Starting Ground State SCF (Dimer) ---


******** <class 'pyscf.solvent._attach_solvent.ddCOSMODFRKS'> ********
method = ddCOSMODFRKS
initial guess = minao
damping factor = 0
level_shift factor = 0
DIIS = <class 'pyscf.scf.diis.CDIIS'>
diis_start_cycle = 1
diis_space = 8
diis_damp = 0
SCF conv_tol = 1e-09
SCF conv_tol_grad = None
SCF max_cycles = 50
direct_scf = False
chkfile to save SCF result = /tmp/tmp6y0ydod4
max_memory 4000 MB (current use 108 MB)
XC library pyscf.dft.libxc version 7.0.0
    S. Lehtola, C. Steigemann, M. J.T. Oliveira, and M. A.L. Marques.,  SoftwareX 7, 1–5 (2018)
XC functionals = b3lyp
    P. J. Stephens, F. J. Devlin, C. F. Chabalowski, and M. J. Frisch.,  J. Phys. Chem. 98, 11623 (1994)
radial grids: 
    Treutler-Ahlrichs [JCP 102, 346 (1995); DOI:10.1063/1.469408] (M4) radial grids
    
becke partition: Becke, JCP 88, 2547 (1988); DOI:10.1063/1.454033
pruning grids: <function nwchem_prune at 0x147f3c867e20>
grids dens level: 3
symmetrized grids: False
atomic radii adjust function: <function treutler_atomic_radii_adjust at 0x147f3c866830>
small_rho_cutoff = 0
******** <class 'pyscf.solvent.ddcosmo.ddCOSMO'> ********
lebedev_order = 17 (110 grids per sphere)
lmax = 6
eta = 0.1
eps = 3.0
frozen = False
equilibrium_solvation = False
radial grids: 
    Treutler-Ahlrichs [JCP 102, 346 (1995); DOI:10.1063/1.469408] (M4) radial grids
    
becke partition: Becke, JCP 88, 2547 (1988); DOI:10.1063/1.454033
pruning grids: <function nwchem_prune at 0x147f3c867e20>
grids dens level: 3
symmetrized grids: False
atomic radii adjust function: <function treutler_atomic_radii_adjust at 0x147f3c866830>
Set gradient conv threshold to 3.16228e-05
Initial guess from minao.
tot grids = 443592
******** <class 'pyscf.df.df.DF'> ********
auxbasis = None
max_memory = 4000
Default auxbasis heavy-aug-cc-pvdz-jkfit is used for N 6-31+G**
Default auxbasis heavy-aug-cc-pvdz-jkfit is used for C 6-31+G**
Default auxbasis heavy-aug-cc-pvdz-jkfit is used for O 6-31+G**
Default auxbasis heavy-aug-cc-pvdz-jkfit is used for H 6-31+G**
tot grids = 443588
ddCOSMO E_diel = -0.000186165040926357
Solvent Energy = -0.000186165040926357
init E= -1356.60638028003

WARN: 4 small eigenvectors of overlap matrix removed because of linear dependency between AOs.


  HOMO = -0.23498869345735  LUMO = -0.142396420905323
ddCOSMO E_diel = -0.0603947651907571
Solvent Energy = -0.0603947651907571
cycle= 1 E= -1350.59818925612  delta_E= 6.01  |g|= 1.68  |ddm|= 92.7
  HOMO = -0.182068423597326  LUMO = -0.128376881801953
ddCOSMO E_diel = -0.0255510663975943
Solvent Energy = -0.0255510663975943
cycle= 2 E= -1349.29777107395  delta_E=  1.3  |g|= 3.19  |ddm|= 12.1
  HOMO = -0.23562127035482  LUMO = -0.116672567633257
ddCOSMO E_diel = -0.0303175338649545
Solvent Energy = -0.0303175338649545
cycle= 3 E= -1351.12652737505  delta_E= -1.83  |g|= 0.227  |ddm|= 7.86
  HOMO = -0.249891694524991  LUMO = -0.121016700681875
ddCOSMO E_diel = -0.0287328708868109
Solvent Energy = -0.0287328708868109
cycle= 4 E= -1351.12807826704  delta_E= -0.00155  |g|= 0.215  |ddm|= 1.49
  HOMO = -0.245739149949209  LUMO = -0.120799454334735
ddCOSMO E_diel = -0.0300273510890706
Solvent Energy = -0.0300273510890706
cycle= 5 E= -1351.13865401923  delta_E= -0.0106  |g|= 0.0554  |ddm|= 0.64
  HOMO = -0.24434990531615  LUMO = -0.119622563062553
ddCOSMO E_diel = -0.0294176140097273
Solvent Energy = -0.0294176140097273
cycle= 6 E= -1351.13918615501  delta_E= -0.000532  |g|= 0.0204  |ddm|= 0.195
  HOMO = -0.244250284753774  LUMO = -0.119238597198081
ddCOSMO E_diel = -0.0295596791549128
Solvent Energy = -0.0295596791549128
cycle= 7 E= -1351.13926693141  delta_E= -8.08e-05  |g|= 0.00769  |ddm|= 0.108
  HOMO = -0.24439878504985  LUMO = -0.119307674880434
ddCOSMO E_diel = -0.029554756055402
Solvent Energy = -0.029554756055402
cycle= 8 E= -1351.13927842534  delta_E= -1.15e-05  |g|= 0.00254  |ddm|= 0.0234
  HOMO = -0.244466964577792  LUMO = -0.11935408165072
ddCOSMO E_diel = -0.0295067088048622
Solvent Energy = -0.0295067088048622
cycle= 9 E= -1351.13927949839  delta_E= -1.07e-06  |g|= 0.00116  |ddm|= 0.0119
  HOMO = -0.244449261806973  LUMO = -0.119353357382105
ddCOSMO E_diel = -0.0295327464480004
Solvent Energy = -0.0295327464480004
cycle= 10 E= -1351.1392797734  delta_E= -2.75e-07  |g|= 0.000383  |ddm|= 0.00451
  HOMO = -0.244441305918482  LUMO = -0.119340795929912
ddCOSMO E_diel = -0.0295227720157037
Solvent Energy = -0.0295227720157037
cycle= 11 E= -1351.13927980336  delta_E= -3e-08  |g|= 0.000186  |ddm|= 0.00163
  HOMO = -0.244439673517513  LUMO = -0.119336696362942
ddCOSMO E_diel = -0.0295258964803234
Solvent Energy = -0.0295258964803234
cycle= 12 E= -1351.1392798094  delta_E= -6.04e-09  |g|= 9.18e-05  |ddm|= 0.000616
  HOMO = -0.244439258080131  LUMO = -0.119338533374123
ddCOSMO E_diel = -0.0295250862541025
Solvent Energy = -0.0295250862541025
cycle= 13 E= -1351.13927981102  delta_E= -1.62e-09  |g|= 3.71e-05  |ddm|= 0.000337
  HOMO = -0.244440462340829  LUMO = -0.119338857629801
ddCOSMO E_diel = -0.029524943548671
Solvent Energy = -0.029524943548671
cycle= 14 E= -1351.13927981131  delta_E= -2.91e-10  |g|= 1.47e-05  |ddm|= 0.000149
  HOMO = -0.244439887091159  LUMO = -0.119338781209137
ddCOSMO E_diel = -0.0295253524570711
Solvent Energy = -0.0295253524570711
Extra cycle  E= -1351.13927981114  delta_E= 1.72e-10  |g|= 3.25e-05  |ddm|= 0.000114
converged SCF energy = -1351.13927981114

--- Running Standard TD-DFT to find Collective Resonance ---


******** <class 'pyscf.solvent._attach_solvent.ddCOSMOTDA'> for <class 'pyscf.solvent._attach_solvent.ddCOSMODFRKS'> ********
nstates = 10 singlet
deg_eia_thresh = 1.000e-03
wfnsym = None
conv_tol = 1e-05
eigh lindep = 1e-12
eigh level_shift = 0
eigh max_cycle = 100
chkfile = /tmp/tmp6y0ydod4
max_memory 4000 MB (current use 2936 MB)


Solvent model for TDDFT:
******** <class 'pyscf.solvent.ddcosmo.ddCOSMO'> ********
lebedev_order = 17 (110 grids per sphere)
lmax = 6
eta = 0.1
eps = 1.78
frozen = False
equilibrium_solvation = None
radial grids: 
    Treutler-Ahlrichs [JCP 102, 346 (1995); DOI:10.1063/1.469408] (M4) radial grids
    
becke partition: Becke, JCP 88, 2547 (1988); DOI:10.1063/1.454033
pruning grids: <function nwchem_prune at 0x147f3c867e20>
grids dens level: 3
symmetrized grids: False
atomic radii adjust function: <function treutler_atomic_radii_adjust at 0x147f3c866830>
TDDFT non-equilibrium solvation with eps=1.78
Excitation energies (eV)
[3.25506761 3.25753866 3.26192981 3.26392009 3.79874276 3.7987721
 4.07742943 4.07902316 4.30089844 4.30092951]

>> ALIGNMENT RESULTS <<
Resonant Cavity Freq : 0.119622 a.u.
TDM Direction (Unit) : [0.0386, 0.9992, -0.0104]

--- Starting QED Lambda Scan (Collective Coupling) ---

========================================
 RUNNING LAMBDA COUPLING: 0.0000 a.u.
========================================


******** <class 'qed.tdscf.rhf.TDASym'> from <class 'pyscf.solvent._attach_solvent.ddCOSMOTDA'>-<class 'qed.cavity.rhf.RestrictedJaynesCummings'>-<class 'pyscf.solvent._attach_solvent.ddCOSMODFRKS'> ********
cQED-TDDFT:          Yang, et. al. J. Chem. Phys. 155, 064107 (2021) https://doi.org/10.1063/5.0057542
Analytical Gradient: Yang, et. al. J. Chem. Phys. 156, 124104 (2022) https://doi.org/10.1063/5.0082386
nov              = 37904
nstates          = 10 singlet
1 cavity mode in the calculation:
Cavity    1: freq =  0.1196, mode = ( 0.0000,  0.0000, -0.0000)
wfnsym           = None
conv_tol         = 1e-09
eigh lindep      = 1e-12
eigh level_shift = 0
eigh max_space   = 50
eigh max_cycle   = 100
chkfile          = /tmp/tmp6y0ydod4
max_memory 4000 MB (current use 3006 MB)


TDDFT non-equilibrium solvation with eps=1.78
istate =    0, norms2_elec =  0.0000, norms2_ph =  1.0000
istate =    1, norms2_elec =  1.0000, norms2_ph =  0.0000
istate =    2, norms2_elec =  1.0000, norms2_ph =  0.0000
istate =    3, norms2_elec =  1.0000, norms2_ph =  0.0000
istate =    4, norms2_elec =  1.0000, norms2_ph =  0.0000
istate =    5, norms2_elec =  1.0000, norms2_ph =  0.0000
istate =    6, norms2_elec =  1.0000, norms2_ph =  0.0000
istate =    7, norms2_elec =  1.0000, norms2_ph =  0.0000
istate =    8, norms2_elec =  1.0000, norms2_ph =  0.0000
istate =    9, norms2_elec =  1.0000, norms2_ph =  0.0000
Excited State energies (eV)
[3.25506761 3.25506761 3.25753866 3.26192981 3.26392009 3.79874276
 3.7987721  4.07742943 4.07902316 4.30089869]

========================================
 RUNNING LAMBDA COUPLING: 0.0020 a.u.
========================================


******** <class 'qed.tdscf.rhf.TDASym'> from <class 'pyscf.solvent._attach_solvent.ddCOSMOTDA'>-<class 'qed.cavity.rhf.RestrictedJaynesCummings'>-<class 'pyscf.solvent._attach_solvent.ddCOSMODFRKS'> ********
cQED-TDDFT:          Yang, et. al. J. Chem. Phys. 155, 064107 (2021) https://doi.org/10.1063/5.0057542
Analytical Gradient: Yang, et. al. J. Chem. Phys. 156, 124104 (2022) https://doi.org/10.1063/5.0082386
nov              = 37904
nstates          = 10 singlet
1 cavity mode in the calculation:
Cavity    1: freq =  0.1196, mode = ( 0.0001,  0.0020, -0.0000)
wfnsym           = None
conv_tol         = 1e-09
eigh lindep      = 1e-12
eigh level_shift = 0
eigh max_space   = 50
eigh max_cycle   = 100
chkfile          = /tmp/tmp6y0ydod4
max_memory 4000 MB (current use 3056 MB)


TDDFT non-equilibrium solvation with eps=1.78
istate =    0, norms2_elec =  0.4692, norms2_ph =  0.5308
istate =    1, norms2_elec =  1.0000, norms2_ph =  0.0000
istate =    2, norms2_elec =  1.0000, norms2_ph =  0.0000
istate =    3, norms2_elec =  1.0000, norms2_ph =  0.0000
istate =    4, norms2_elec =  0.5325, norms2_ph =  0.4675
istate =    5, norms2_elec =  1.0000, norms2_ph =  0.0000
istate =    6, norms2_elec =  1.0000, norms2_ph =  0.0000
istate =    7, norms2_elec =  1.0000, norms2_ph =  0.0000
istate =    8, norms2_elec =  0.9985, norms2_ph =  0.0015
istate =    9, norms2_elec =  1.0000, norms2_ph =  0.0000
Excited State energies (eV)
[3.21480013 3.25506761 3.26192981 3.26392009 3.29518015 3.79874276
 3.7987721  4.07742944 4.08027692 4.30089869]

========================================
 RUNNING LAMBDA COUPLING: 0.0040 a.u.
========================================


******** <class 'qed.tdscf.rhf.TDASym'> from <class 'pyscf.solvent._attach_solvent.ddCOSMOTDA'>-<class 'qed.cavity.rhf.RestrictedJaynesCummings'>-<class 'pyscf.solvent._attach_solvent.ddCOSMODFRKS'> ********
cQED-TDDFT:          Yang, et. al. J. Chem. Phys. 155, 064107 (2021) https://doi.org/10.1063/5.0057542
Analytical Gradient: Yang, et. al. J. Chem. Phys. 156, 124104 (2022) https://doi.org/10.1063/5.0082386
nov              = 37904
nstates          = 10 singlet
1 cavity mode in the calculation:
Cavity    1: freq =  0.1196, mode = ( 0.0002,  0.0040, -0.0000)
wfnsym           = None
conv_tol         = 1e-09
eigh lindep      = 1e-12
eigh level_shift = 0
eigh max_space   = 50
eigh max_cycle   = 100
chkfile          = /tmp/tmp6y0ydod4
max_memory 4000 MB (current use 3073 MB)


TDDFT non-equilibrium solvation with eps=1.78
istate =    0, norms2_elec =  0.4630, norms2_ph =  0.5370
istate =    1, norms2_elec =  1.0000, norms2_ph =  0.0000
istate =    2, norms2_elec =  1.0000, norms2_ph =  0.0000
istate =    3, norms2_elec =  1.0000, norms2_ph =  0.0000
istate =    4, norms2_elec =  0.5438, norms2_ph =  0.4562
istate =    5, norms2_elec =  1.0000, norms2_ph =  0.0000
istate =    6, norms2_elec =  1.0000, norms2_ph =  0.0000
istate =    7, norms2_elec =  1.0000, norms2_ph =  0.0000
istate =    8, norms2_elec =  0.9940, norms2_ph =  0.0060
istate =    9, norms2_elec =  1.0000, norms2_ph =  0.0000
Excited State energies (eV)
[3.17078449 3.25506761 3.26192981 3.26392009 3.33133534 3.79874276
 3.7987721  4.07742945 4.08402245 4.30089869]

========================================
 RUNNING LAMBDA COUPLING: 0.0060 a.u.
========================================


******** <class 'qed.tdscf.rhf.TDASym'> from <class 'pyscf.solvent._attach_solvent.ddCOSMOTDA'>-<class 'qed.cavity.rhf.RestrictedJaynesCummings'>-<class 'pyscf.solvent._attach_solvent.ddCOSMODFRKS'> ********
cQED-TDDFT:          Yang, et. al. J. Chem. Phys. 155, 064107 (2021) https://doi.org/10.1063/5.0057542
Analytical Gradient: Yang, et. al. J. Chem. Phys. 156, 124104 (2022) https://doi.org/10.1063/5.0082386
nov              = 37904
nstates          = 10 singlet
1 cavity mode in the calculation:
Cavity    1: freq =  0.1196, mode = ( 0.0002,  0.0060, -0.0001)
wfnsym           = None
conv_tol         = 1e-09
eigh lindep      = 1e-12
eigh level_shift = 0
eigh max_space   = 50
eigh max_cycle   = 100
chkfile          = /tmp/tmp6y0ydod4
max_memory 4000 MB (current use 3055 MB)


TDDFT non-equilibrium solvation with eps=1.78
istate =    0, norms2_elec =  0.4533, norms2_ph =  0.5467
istate =    1, norms2_elec =  1.0000, norms2_ph =  0.0000
istate =    2, norms2_elec =  1.0000, norms2_ph =  0.0000
istate =    3, norms2_elec =  1.0000, norms2_ph =  0.0000
istate =    4, norms2_elec =  0.5617, norms2_ph =  0.4383
istate =    5, norms2_elec =  1.0000, norms2_ph =  0.0000
istate =    6, norms2_elec =  1.0000, norms2_ph =  0.0000
istate =    7, norms2_elec =  1.0000, norms2_ph =  0.0000
istate =    8, norms2_elec =  0.9867, norms2_ph =  0.0133
istate =    9, norms2_elec =  1.0000, norms2_ph =  0.0000
Excited State energies (eV)
[3.12431706 3.25506761 3.26192981 3.26392009 3.36476081 3.79874276
 3.7987721  4.07742945 4.09021189 4.30089869]

========================================
 RUNNING LAMBDA COUPLING: 0.0080 a.u.
========================================


******** <class 'qed.tdscf.rhf.TDASym'> from <class 'pyscf.solvent._attach_solvent.ddCOSMOTDA'>-<class 'qed.cavity.rhf.RestrictedJaynesCummings'>-<class 'pyscf.solvent._attach_solvent.ddCOSMODFRKS'> ********
cQED-TDDFT:          Yang, et. al. J. Chem. Phys. 155, 064107 (2021) https://doi.org/10.1063/5.0057542
Analytical Gradient: Yang, et. al. J. Chem. Phys. 156, 124104 (2022) https://doi.org/10.1063/5.0082386
nov              = 37904
nstates          = 10 singlet
1 cavity mode in the calculation:
Cavity    1: freq =  0.1196, mode = ( 0.0003,  0.0080, -0.0001)
wfnsym           = None
conv_tol         = 1e-09
eigh lindep      = 1e-12
eigh level_shift = 0
eigh max_space   = 50
eigh max_cycle   = 100
chkfile          = /tmp/tmp6y0ydod4
max_memory 4000 MB (current use 3075 MB)


TDDFT non-equilibrium solvation with eps=1.78
istate =    0, norms2_elec =  0.4436, norms2_ph =  0.5564
istate =    1, norms2_elec =  1.0000, norms2_ph =  0.0000
istate =    2, norms2_elec =  1.0000, norms2_ph =  0.0000
istate =    3, norms2_elec =  1.0000, norms2_ph =  0.0000
istate =    4, norms2_elec =  0.5824, norms2_ph =  0.4176
istate =    5, norms2_elec =  1.0000, norms2_ph =  0.0000
istate =    6, norms2_elec =  1.0000, norms2_ph =  0.0000
istate =    7, norms2_elec =  1.0000, norms2_ph =  0.0000
istate =    8, norms2_elec =  0.9770, norms2_ph =  0.0230
istate =    9, norms2_elec =  1.0000, norms2_ph =  0.0000
Excited State energies (eV)
[3.07550349 3.25506761 3.26192981 3.26392009 3.39544064 3.79874276
 3.7987721  4.07742946 4.09876399 4.30089869]

========================================
 RUNNING LAMBDA COUPLING: 0.0100 a.u.
========================================


******** <class 'qed.tdscf.rhf.TDASym'> from <class 'pyscf.solvent._attach_solvent.ddCOSMOTDA'>-<class 'qed.cavity.rhf.RestrictedJaynesCummings'>-<class 'pyscf.solvent._attach_solvent.ddCOSMODFRKS'> ********
cQED-TDDFT:          Yang, et. al. J. Chem. Phys. 155, 064107 (2021) https://doi.org/10.1063/5.0057542
Analytical Gradient: Yang, et. al. J. Chem. Phys. 156, 124104 (2022) https://doi.org/10.1063/5.0082386
nov              = 37904
nstates          = 10 singlet
1 cavity mode in the calculation:
Cavity    1: freq =  0.1196, mode = ( 0.0004,  0.0100, -0.0001)
wfnsym           = None
conv_tol         = 1e-09
eigh lindep      = 1e-12
eigh level_shift = 0
eigh max_space   = 50
eigh max_cycle   = 100
chkfile          = /tmp/tmp6y0ydod4
max_memory 4000 MB (current use 3056 MB)


TDDFT non-equilibrium solvation with eps=1.78
istate =    0, norms2_elec =  0.4347, norms2_ph =  0.5653
istate =    1, norms2_elec =  1.0000, norms2_ph =  0.0000
istate =    2, norms2_elec =  1.0000, norms2_ph =  0.0000
istate =    3, norms2_elec =  1.0000, norms2_ph =  0.0000
istate =    4, norms2_elec =  0.6047, norms2_ph =  0.3953
istate =    5, norms2_elec =  1.0000, norms2_ph =  0.0000
istate =    6, norms2_elec =  1.0000, norms2_ph =  0.0000
istate =    7, norms2_elec =  1.0000, norms2_ph =  0.0000
istate =    8, norms2_elec =  0.9653, norms2_ph =  0.0347
istate =    9, norms2_elec =  1.0000, norms2_ph =  0.0000
Excited State energies (eV)
[3.02444652 3.25506761 3.26192981 3.26392009 3.42339954 3.79874276
 3.7987721  4.07742946 4.10956309 4.30089869]

========================================
 RUNNING LAMBDA COUPLING: 0.0120 a.u.
========================================


******** <class 'qed.tdscf.rhf.TDASym'> from <class 'pyscf.solvent._attach_solvent.ddCOSMOTDA'>-<class 'qed.cavity.rhf.RestrictedJaynesCummings'>-<class 'pyscf.solvent._attach_solvent.ddCOSMODFRKS'> ********
cQED-TDDFT:          Yang, et. al. J. Chem. Phys. 155, 064107 (2021) https://doi.org/10.1063/5.0057542
Analytical Gradient: Yang, et. al. J. Chem. Phys. 156, 124104 (2022) https://doi.org/10.1063/5.0082386
nov              = 37904
nstates          = 10 singlet
1 cavity mode in the calculation:
Cavity    1: freq =  0.1196, mode = ( 0.0005,  0.0120, -0.0001)
wfnsym           = None
conv_tol         = 1e-09
eigh lindep      = 1e-12
eigh level_shift = 0
eigh max_space   = 50
eigh max_cycle   = 100
chkfile          = /tmp/tmp6y0ydod4
max_memory 4000 MB (current use 3077 MB)


TDDFT non-equilibrium solvation with eps=1.78
istate =    0, norms2_elec =  0.4267, norms2_ph =  0.5733
istate =    1, norms2_elec =  1.0000, norms2_ph =  0.0000
istate =    2, norms2_elec =  1.0000, norms2_ph =  0.0000
istate =    3, norms2_elec =  1.0000, norms2_ph =  0.0000
istate =    4, norms2_elec =  0.6281, norms2_ph =  0.3719
istate =    5, norms2_elec =  1.0000, norms2_ph =  0.0000
istate =    6, norms2_elec =  1.0000, norms2_ph =  0.0000
istate =    7, norms2_elec =  1.0000, norms2_ph =  0.0000
istate =    8, norms2_elec =  0.9520, norms2_ph =  0.0480
istate =    9, norms2_elec =  1.0000, norms2_ph =  0.0000
Excited State energies (eV)
[2.97124614 3.25506761 3.26192981 3.26392009 3.44870246 3.79874276
 3.7987721  4.07742946 4.12245936 4.30089868]

========================================
 RUNNING LAMBDA COUPLING: 0.0140 a.u.
========================================


******** <class 'qed.tdscf.rhf.TDASym'> from <class 'pyscf.solvent._attach_solvent.ddCOSMOTDA'>-<class 'qed.cavity.rhf.RestrictedJaynesCummings'>-<class 'pyscf.solvent._attach_solvent.ddCOSMODFRKS'> ********
cQED-TDDFT:          Yang, et. al. J. Chem. Phys. 155, 064107 (2021) https://doi.org/10.1063/5.0057542
Analytical Gradient: Yang, et. al. J. Chem. Phys. 156, 124104 (2022) https://doi.org/10.1063/5.0082386
nov              = 37904
nstates          = 10 singlet
1 cavity mode in the calculation:
Cavity    1: freq =  0.1196, mode = ( 0.0005,  0.0140, -0.0001)
wfnsym           = None
conv_tol         = 1e-09
eigh lindep      = 1e-12
eigh level_shift = 0
eigh max_space   = 50
eigh max_cycle   = 100
chkfile          = /tmp/tmp6y0ydod4
max_memory 4000 MB (current use 3079 MB)


TDDFT non-equilibrium solvation with eps=1.78
istate =    0, norms2_elec =  0.4195, norms2_ph =  0.5805
istate =    1, norms2_elec =  1.0000, norms2_ph =  0.0000
istate =    2, norms2_elec =  1.0000, norms2_ph =  0.0000
istate =    3, norms2_elec =  1.0000, norms2_ph =  0.0000
istate =    4, norms2_elec =  0.6519, norms2_ph =  0.3481
istate =    5, norms2_elec =  1.0000, norms2_ph =  0.0000
istate =    6, norms2_elec =  1.0000, norms2_ph =  0.0000
istate =    7, norms2_elec =  1.0000, norms2_ph =  0.0000
istate =    8, norms2_elec =  0.9377, norms2_ph =  0.0623
istate =    9, norms2_elec =  1.0000, norms2_ph =  0.0000
Excited State energies (eV)
[2.91599804 3.25506761 3.26192981 3.26392009 3.47145332 3.79874276
 3.7987721  4.07742946 4.13727144 4.30089869]

