#INFO: **** input file is /global/scratch/users/vaibhavvaiyakarnam/bdp_tddft/nbd_variants_bundle_plus_grid_basis/nbd_base_functional_sweep.py ****
import csv
import time
import traceback

from pyscf import gto, scf, tdscf

# ============================================================
# NBD-Amine normal TD-DFT/TDA functional sweep.
# This is NOT QED-TDDFT. It is intended to compare functionals
# for conjugated / nitro / possible charge-transfer excitations.
# ============================================================

EV_CONVERSION = 27.2114
BASIS = "6-31+G**"
NROOTS = 10
USE_DENSITY_FITTING = True
USE_DDCOSMO = False       # Set True if you want a PMMA-like matrix.
SOLVENT_EPSILON = 3.0

# Baseline + hybrids + range-separated/high-HF functionals.
# Unsupported aliases in your PySCF build are skipped cleanly.
FUNCTIONALS = [
    ("b3lyp", "baseline global hybrid; useful comparison to your original"),
    ("pbe0", "global hybrid; often robust for local valence excitations"),
    ("cam-b3lyp", "range-separated hybrid; better for charge-transfer/nitro systems"),
    ("wb97x", "range-separated hybrid; useful CT/conjugation comparison"),
    ("wb97x-d", "range-separated hybrid with empirical dispersion"),
    ("lc-wpbe", "long-range-corrected GGA hybrid"),
    ("m06-2x", "high-HF meta-hybrid; strong CT benchmark performer"),
    ("tpssh", "meta-hybrid comparison point with moderate exact exchange"),
]

ATOM_BLOCK = """
C          -2.99554846        1.49184713        0.06984285
C          -3.08915556        0.07862534        0.10145860
C          -1.79815582        2.17809899        0.05826152
C          -0.58983022        1.41049177        0.07966505
C          -1.95291341       -0.72591027        0.12325400
C          -0.69349421       -0.02259677        0.11170980
N          -1.78904308        3.63135873        0.02520691
N          -1.95150461       -2.07986412        0.15360125
N           0.69806302        1.72629785        0.07703127
N           0.51633005       -0.54566576        0.12780684
O           1.35157792        0.52020757        0.10665545
O          -2.87356420        4.21273120        0.00856359
O          -0.69243507        4.18038272        0.01590057
H          -3.90624208        2.09109650        0.05328804
H          -4.07782349       -0.38361936        0.10860611
H          -2.81569835       -2.60270478        0.16240987
H          -1.07520465       -2.58348058        0.16777606
"""


def build_mol():
    mol = gto.Mole()
    mol.verbose = 4
    mol.atom = ATOM_BLOCK
    mol.basis = BASIS
    mol.build()
    return mol


def build_mf(mol, xc_name):
    mf = scf.RKS(mol)
    if USE_DENSITY_FITTING:
        mf = mf.density_fit()
    mf.xc = xc_name
    if USE_DDCOSMO:
        mf = mf.ddCOSMO()
        mf.with_solvent.eps = SOLVENT_EPSILON
    return mf


def run_one_functional(mol, xc_name, notes, writer):
    print("\n" + "=" * 80)
    print(f"FUNCTIONAL: {xc_name} | {notes}")
    print("=" * 80)
    start = time.time()
    try:
        mf = build_mf(mol, xc_name)
        mf.kernel()

        td = tdscf.TDA(mf)
        td.nroots = NROOTS
        td.kernel()
        tdms = td.transition_dipole()
        elapsed = time.time() - start

        for idx in range(td.nroots):
            tx, ty, tz = tdms[idx]
            energy_ev = float(td.e[idx] * EV_CONVERSION)
            writer.writerow([
                xc_name, idx + 1, f"{energy_ev:.10f}",
                f"{tx:.10f}", f"{ty:.10f}", f"{tz:.10f}",
                "ok", f"{elapsed:.2f}", notes
            ])
        print(f"Completed {xc_name} in {elapsed:.1f} s")
    except Exception as exc:
        elapsed = time.time() - start
        print(f"FAILED {xc_name}: {repr(exc)}")
        traceback.print_exc()
        writer.writerow([xc_name, "", "", "", "", "", f"failed: {repr(exc)}", f"{elapsed:.2f}", notes])


def main():
    mol = build_mol()
    csv_name = "nbd_base_functional_sweep.csv"
    with open(csv_name, "w", newline="") as handle:
        writer = csv.writer(handle)
        writer.writerow([
            "functional", "state", "energy_ev", "tdm_x", "tdm_y", "tdm_z",
            "status", "elapsed_seconds", "notes"
        ])
        for xc_name, notes in FUNCTIONALS:
            run_one_functional(mol, xc_name, notes, writer)
            handle.flush()
    print(f"\nDone. Wrote {csv_name}")


if __name__ == "__main__":
    main()
#INFO: ******************** input file end ********************


System: uname_result(system='Linux', node='n0047.mhg0', release='4.18.0-553.58.1.el8_10.x86_64', version='#1 SMP Thu Jun 26 15:50:39 UTC 2025', machine='x86_64')  Threads 8
Python 3.10.20 (main, Mar 11 2026, 17:46:40) [GCC 14.3.0]
numpy 2.2.6  scipy 1.15.3  h5py 3.16.0
Date: Sun May 10 00:36:59 2026
PySCF version 2.13.0
PySCF path  /global/home/users/vaibhavvaiyakarnam/.local/lib/python3.10/site-packages/pyscf

[CONFIG] conf_file None
[INPUT] verbose = 4
[INPUT] num. atoms = 17
[INPUT] num. electrons = 92
[INPUT] charge = 0
[INPUT] spin (= nelec alpha-beta = 2S) = 0
[INPUT] symmetry False subgroup None
[INPUT] Mole.unit = angstrom
[INPUT] Symbol           X                Y                Z      unit          X                Y                Z       unit  Magmom
[INPUT]  1 C     -2.995548460000   1.491847130000   0.069842850000 AA   -5.660766182263   2.819182495418   0.131983858259 Bohr   0.0
[INPUT]  2 C     -3.089155560000   0.078625340000   0.101458600000 AA   -5.837657964577   0.148580359051   0.191728966982 Bohr   0.0
[INPUT]  3 C     -1.798155820000   2.178098990000   0.058261520000 AA   -3.398022029093   4.116010563292   0.110098316401 Bohr   0.0
[INPUT]  4 C     -0.589830220000   1.410491770000   0.079665050000 AA   -1.114617575792   2.665443146253   0.150545126200 Bohr   0.0
[INPUT]  5 C     -1.952913410000  -0.725910270000   0.123254000000 AA   -3.690471489890  -1.371771601309   0.232916303757 Bohr   0.0
[INPUT]  6 C     -0.693494210000  -0.022596770000   0.111709800000 AA   -1.310514125872  -0.042701706600   0.211100927430 Bohr   0.0
[INPUT]  7 N     -1.789043080000   3.631358730000   0.025206910000 AA   -3.380801446248   6.862273459748   0.047634156347 Bohr   0.0
[INPUT]  8 N     -1.951504610000  -2.079864120000   0.153601250000 AA   -3.687809243726  -3.930373563110   0.290264294891 Bohr   0.0
[INPUT]  9 N      0.698063020000   1.726297850000   0.077031270000 AA    1.319147925487   3.262230145925   0.145568003327 Bohr   0.0
[INPUT] 10 N      0.516330050000  -0.545665760000   0.127806840000 AA    0.975722384383  -1.031158841953   0.241519924446 Bohr   0.0
[INPUT] 11 O      1.351577920000   0.520207570000   0.106655450000 AA    2.554112104809   0.983049835226   0.201549590192 Bohr   0.0
[INPUT] 12 O     -2.873564200000   4.212731200000   0.008563590000 AA   -5.430249339355   7.960908204410   0.016182839743 Bohr   0.0
[INPUT] 13 O     -0.692435070000   4.180382720000   0.015900570000 AA   -1.308512641344   7.899778436664   0.030047722524 Bohr   0.0
[INPUT] 14 H     -3.906242080000   2.091096500000   0.053288040000 AA   -7.381727707451   3.951599685037   0.100699801315 Bohr   0.0
[INPUT] 15 H     -4.077823490000  -0.383619360000   0.108606110000 AA   -7.705969580418  -0.724935526481   0.205235803354 Bohr   0.0
[INPUT] 16 H     -2.815698350000  -2.602704780000   0.162409870000 AA   -5.320898730890  -4.918399217296   0.306910174226 Bohr   0.0
[INPUT] 17 H     -1.075204650000  -2.583480580000   0.167776060000 AA   -2.031842316359  -4.882070744332   0.317050803659 Bohr   0.0

nuclear repulsion = 770.123852130282
number of shells = 116
number of NR pGTOs = 431
number of NR cGTOs = 254
basis = 6-31+G**
ecp = {}
CPU time:         2.49

================================================================================
FUNCTIONAL: b3lyp | baseline global hybrid; useful comparison to your original
================================================================================


******** <class 'pyscf.df.df_jk.DFRKS'> ********
method = DFRKS
initial guess = minao
damping factor = 0
level_shift factor = 0
DIIS = <class 'pyscf.scf.diis.CDIIS'>
diis_start_cycle = 1
diis_space = 8
diis_damp = 0
SCF conv_tol = 1e-09
SCF conv_tol_grad = None
SCF max_cycles = 50
direct_scf = False
chkfile to save SCF result = /tmp/tmp16wesiqz
max_memory 4000 MB (current use 96 MB)
XC library pyscf.dft.libxc version 7.0.0
    S. Lehtola, C. Steigemann, M. J.T. Oliveira, and M. A.L. Marques.,  SoftwareX 7, 1–5 (2018)
XC functionals = b3lyp
    P. J. Stephens, F. J. Devlin, C. F. Chabalowski, and M. J. Frisch.,  J. Phys. Chem. 98, 11623 (1994)
radial grids: 
    Treutler-Ahlrichs [JCP 102, 346 (1995); DOI:10.1063/1.469408] (M4) radial grids
    
becke partition: Becke, JCP 88, 2547 (1988); DOI:10.1063/1.454033
pruning grids: <function nwchem_prune at 0x145d948d3760>
grids dens level: 3
symmetrized grids: False
atomic radii adjust function: <function treutler_atomic_radii_adjust at 0x145d948d2170>
small_rho_cutoff = 0
Set gradient conv threshold to 3.16228e-05
Initial guess from minao.
tot grids = 221800
******** <class 'pyscf.df.df.DF'> ********
auxbasis = None
max_memory = 4000
Default auxbasis heavy-aug-cc-pvdz-jkfit is used for N 6-31+G**
Default auxbasis heavy-aug-cc-pvdz-jkfit is used for C 6-31+G**
Default auxbasis heavy-aug-cc-pvdz-jkfit is used for H 6-31+G**
Default auxbasis heavy-aug-cc-pvdz-jkfit is used for O 6-31+G**
init E= -678.303099092138

WARN: 2 small eigenvectors of overlap matrix removed because of linear dependency between AOs.


  HOMO = -0.239205117255069  LUMO = -0.14649900287761
cycle= 1 E= -675.269803320816  delta_E= 3.03  |g|= 1.21  |ddm|= 65.6
  HOMO = -0.154315446737988  LUMO = -0.140755060924538
cycle= 2 E= -674.537244630735  delta_E= 0.733  |g|= 2.36  |ddm|= 12.8
  HOMO = -0.242338495144208  LUMO = -0.119767790217492
cycle= 3 E= -675.54716174124  delta_E= -1.01  |g|= 0.206  |ddm|= 9.02
  HOMO = -0.25872035113203  LUMO = -0.125361712752968
cycle= 4 E= -675.546918633047  delta_E= 0.000243  |g|= 0.21  |ddm|=  1.4
  HOMO = -0.254344401676476  LUMO = -0.12512266581006
cycle= 5 E= -675.55628584599  delta_E= -0.00937  |g|= 0.0654  |ddm|= 0.633
  HOMO = -0.252464710497805  LUMO = -0.123682339416847
cycle= 6 E= -675.557069034622  delta_E= -0.000783  |g|= 0.027  |ddm|= 0.231
  HOMO = -0.252179646311271  LUMO = -0.122990679047249
cycle= 7 E= -675.557211541908  delta_E= -0.000143  |g|= 0.0096  |ddm|= 0.0817
  HOMO = -0.252310178505847  LUMO = -0.122973052370828
cycle= 8 E= -675.557229155058  delta_E= -1.76e-05  |g|= 0.00256  |ddm|= 0.0323
  HOMO = -0.252470859632683  LUMO = -0.123065419208217
cycle= 9 E= -675.557230416164  delta_E= -1.26e-06  |g|= 0.00108  |ddm|= 0.0206
  HOMO = -0.252452270538071  LUMO = -0.123072446997594
cycle= 10 E= -675.557230669579  delta_E= -2.53e-07  |g|= 0.000477  |ddm|= 0.00559
  HOMO = -0.2524334283253  LUMO = -0.123055526700889
cycle= 11 E= -675.557230714689  delta_E= -4.51e-08  |g|= 0.000246  |ddm|= 0.00192
  HOMO = -0.252432122675412  LUMO = -0.123045942439374
cycle= 12 E= -675.557230725631  delta_E= -1.09e-08  |g|= 0.000112  |ddm|= 0.000872
  HOMO = -0.252431519347502  LUMO = -0.123048171118141
cycle= 13 E= -675.557230728062  delta_E= -2.43e-09  |g|= 3.9e-05  |ddm|= 0.000396
  HOMO = -0.252433278007547  LUMO = -0.123049198057943
cycle= 14 E= -675.557230728356  delta_E= -2.94e-10  |g|= 1.98e-05  |ddm|= 0.000188
  HOMO = -0.252432452757193  LUMO = -0.123049051778701
Extra cycle  E= -675.557230727838  delta_E= 5.19e-10  |g|= 5.29e-05  |ddm|= 0.000183
converged SCF energy = -675.557230727838


******** <class 'pyscf.tdscf.rks.TDA'> for <class 'pyscf.df.df_jk.DFRKS'> ********
nstates = 10 singlet
deg_eia_thresh = 1.000e-03
wfnsym = None
conv_tol = 1e-05
eigh lindep = 1e-12
eigh level_shift = 0
eigh max_cycle = 100
chkfile = /tmp/tmp16wesiqz
max_memory 4000 MB (current use 566 MB)


Excitation energies (eV)
[3.46204807 3.59591646 4.11288765 4.35089168 4.63707494 4.70880069
 4.96344357 5.02974437 5.20917388 5.26269366]
Completed b3lyp in 745.9 s

================================================================================
FUNCTIONAL: pbe0 | global hybrid; often robust for local valence excitations
================================================================================


******** <class 'pyscf.df.df_jk.DFRKS'> ********
method = DFRKS
initial guess = minao
damping factor = 0
level_shift factor = 0
DIIS = <class 'pyscf.scf.diis.CDIIS'>
diis_start_cycle = 1
diis_space = 8
diis_damp = 0
SCF conv_tol = 1e-09
SCF conv_tol_grad = None
SCF max_cycles = 50
direct_scf = False
chkfile to save SCF result = /tmp/tmpp_ck7p_z
max_memory 4000 MB (current use 291 MB)
XC library pyscf.dft.libxc version 7.0.0
    S. Lehtola, C. Steigemann, M. J.T. Oliveira, and M. A.L. Marques.,  SoftwareX 7, 1–5 (2018)
XC functionals = pbe0
    C. Adamo and V. Barone.,  J. Chem. Phys. 110, 6158 (1999)
    M. Ernzerhof and G. E. Scuseria.,  J. Chem. Phys. 110, 5029 (1999)
radial grids: 
    Treutler-Ahlrichs [JCP 102, 346 (1995); DOI:10.1063/1.469408] (M4) radial grids
    
becke partition: Becke, JCP 88, 2547 (1988); DOI:10.1063/1.454033
pruning grids: <function nwchem_prune at 0x145d948d3760>
grids dens level: 3
symmetrized grids: False
atomic radii adjust function: <function treutler_atomic_radii_adjust at 0x145d948d2170>
small_rho_cutoff = 0
Set gradient conv threshold to 3.16228e-05
Initial guess from minao.
tot grids = 221800
******** <class 'pyscf.df.df.DF'> ********
auxbasis = None
max_memory = 4000
Default auxbasis heavy-aug-cc-pvdz-jkfit is used for N 6-31+G**
Default auxbasis heavy-aug-cc-pvdz-jkfit is used for C 6-31+G**
Default auxbasis heavy-aug-cc-pvdz-jkfit is used for H 6-31+G**
Default auxbasis heavy-aug-cc-pvdz-jkfit is used for O 6-31+G**
init E= -677.676458357598

WARN: 2 small eigenvectors of overlap matrix removed because of linear dependency between AOs.


  HOMO = -0.237844676640634  LUMO = -0.141606919900394
cycle= 1 E= -674.563707892596  delta_E= 3.11  |g|= 1.17  |ddm|=   66
  HOMO = -0.177038703143523  LUMO = -0.142383260935593
cycle= 2 E= -673.999142117621  delta_E= 0.565  |g|= 2.14  |ddm|= 11.8
  HOMO = -0.252216838137119  LUMO = -0.116697073646223
cycle= 3 E= -674.825877043197  delta_E= -0.827  |g|= 0.172  |ddm|= 7.76
  HOMO = -0.263742032262134  LUMO = -0.118597272823853
cycle= 4 E= -674.826381032472  delta_E= -0.000504  |g|= 0.166  |ddm|= 1.03
  HOMO = -0.259815714729617  LUMO = -0.118030118465292
cycle= 5 E= -674.832417205581  delta_E= -0.00604  |g|= 0.0483  |ddm|= 0.536
  HOMO = -0.258864317843568  LUMO = -0.11723695772137
cycle= 6 E= -674.832838492361  delta_E= -0.000421  |g|= 0.0203  |ddm|= 0.167
  HOMO = -0.25876586172795  LUMO = -0.11682651642657
cycle= 7 E= -674.832919415793  delta_E= -8.09e-05  |g|= 0.00734  |ddm|= 0.0583
  HOMO = -0.25885631732259  LUMO = -0.116798896099938
cycle= 8 E= -674.832930083129  delta_E= -1.07e-05  |g|= 0.0019  |ddm|= 0.0279
  HOMO = -0.258968820558073  LUMO = -0.116842807675637
cycle= 9 E= -674.832930729987  delta_E= -6.47e-07  |g|= 0.000955  |ddm|= 0.0134
  HOMO = -0.258940313049137  LUMO = -0.116840992029247
cycle= 10 E= -674.832930950765  delta_E= -2.21e-07  |g|= 0.000296  |ddm|= 0.00478
  HOMO = -0.258928379417694  LUMO = -0.116827912764676
cycle= 11 E= -674.832930968088  delta_E= -1.73e-08  |g|= 0.00016  |ddm|= 0.00115
  HOMO = -0.258927318758265  LUMO = -0.116822231631121
cycle= 12 E= -674.832930973021  delta_E= -4.93e-09  |g|= 7.51e-05  |ddm|= 0.000634
  HOMO = -0.258927763433067  LUMO = -0.116824580572098
cycle= 13 E= -674.832930974201  delta_E= -1.18e-09  |g|= 2.6e-05  |ddm|= 0.000347
  HOMO = -0.258928942452602  LUMO = -0.116825187290156
cycle= 14 E= -674.832930974333  delta_E= -1.31e-10  |g|= 1.34e-05  |ddm|= 0.000132
  HOMO = -0.258928111225887  LUMO = -0.116824684258443
Extra cycle  E= -674.83293097416  delta_E= 1.73e-10  |g|= 3.16e-05  |ddm|= 0.000129
converged SCF energy = -674.83293097416


******** <class 'pyscf.tdscf.rks.TDA'> for <class 'pyscf.df.df_jk.DFRKS'> ********
nstates = 10 singlet
deg_eia_thresh = 1.000e-03
wfnsym = None
conv_tol = 1e-05
eigh lindep = 1e-12
eigh level_shift = 0
eigh max_cycle = 100
chkfile = /tmp/tmpp_ck7p_z
max_memory 4000 MB (current use 605 MB)


Excitation energies (eV)
[3.56300763 3.7271605  4.24212796 4.51706861 4.84914009 4.91136579
 5.14325982 5.22586515 5.43677875 5.5242482 ]
Completed pbe0 in 812.7 s

================================================================================
FUNCTIONAL: cam-b3lyp | range-separated hybrid; better for charge-transfer/nitro systems
================================================================================


******** <class 'pyscf.df.df_jk.DFRKS'> ********
method = DFRKS
initial guess = minao
damping factor = 0
level_shift factor = 0
DIIS = <class 'pyscf.scf.diis.CDIIS'>
diis_start_cycle = 1
diis_space = 8
diis_damp = 0
SCF conv_tol = 1e-09
SCF conv_tol_grad = None
SCF max_cycles = 50
direct_scf = False
chkfile to save SCF result = /tmp/tmptoomdza0
max_memory 4000 MB (current use 321 MB)
XC library pyscf.dft.libxc version 7.0.0
    S. Lehtola, C. Steigemann, M. J.T. Oliveira, and M. A.L. Marques.,  SoftwareX 7, 1–5 (2018)
XC functionals = cam-b3lyp
    T. Yanai, D. P. Tew, and N. C. Handy.,  Chem. Phys. Lett. 393, 51 (2004)
radial grids: 
    Treutler-Ahlrichs [JCP 102, 346 (1995); DOI:10.1063/1.469408] (M4) radial grids
    
becke partition: Becke, JCP 88, 2547 (1988); DOI:10.1063/1.454033
pruning grids: <function nwchem_prune at 0x145d948d3760>
grids dens level: 3
symmetrized grids: False
atomic radii adjust function: <function treutler_atomic_radii_adjust at 0x145d948d2170>
small_rho_cutoff = 0
Set gradient conv threshold to 3.16228e-05
Initial guess from minao.
tot grids = 221800
******** <class 'pyscf.df.df.DF'> ********
auxbasis = None
max_memory = 4000
Default auxbasis heavy-aug-cc-pvdz-jkfit is used for N 6-31+G**
Default auxbasis heavy-aug-cc-pvdz-jkfit is used for C 6-31+G**
Default auxbasis heavy-aug-cc-pvdz-jkfit is used for H 6-31+G**
Default auxbasis heavy-aug-cc-pvdz-jkfit is used for O 6-31+G**
Create RSH-DF object <pyscf.df.df.DF object at 0x145d90b11fc0> for omega=0.33
******** <class 'pyscf.df.df.DF'> ********
auxbasis = auxmol.basis = {'N': 'heavy-aug-cc-pvdz-jkfit', 'C': 'heavy-aug-cc-pvdz-jkfit', 'H': 'heavy-aug-cc-pvdz-jkfit', 'O': 'heavy-aug-cc-pvdz-jkfit'}
max_memory = 4000
Default auxbasis heavy-aug-cc-pvdz-jkfit is used for N 6-31+G**
Default auxbasis heavy-aug-cc-pvdz-jkfit is used for C 6-31+G**
Default auxbasis heavy-aug-cc-pvdz-jkfit is used for H 6-31+G**
Default auxbasis heavy-aug-cc-pvdz-jkfit is used for O 6-31+G**
init E= -678.370821321853

WARN: 2 small eigenvectors of overlap matrix removed because of linear dependency between AOs.


  HOMO = -0.226117025494964  LUMO = -0.125352945462117
cycle= 1 E= -674.94013585478  delta_E= 3.43  |g|= 1.26  |ddm|= 65.4
  HOMO = -0.225119579790016  LUMO = -0.124883926360161
cycle= 2 E= -674.580305324883  delta_E= 0.36  |g|= 1.98  |ddm|=   11
  HOMO = -0.297574858473817  LUMO = -0.0905967436942001
cycle= 3 E= -675.260694322859  delta_E= -0.68  |g|= 0.138  |ddm|= 5.72
  HOMO = -0.302821571716572  LUMO = -0.0832987944054251
cycle= 4 E= -675.262644251223  delta_E= -0.00195  |g|= 0.113  |ddm|= 0.773
  HOMO = -0.299609554285791  LUMO = -0.0823396114708155
cycle= 5 E= -675.265425080157  delta_E= -0.00278  |g|= 0.0321  |ddm|= 0.32
  HOMO = -0.30003875964011  LUMO = -0.0821558452914846
cycle= 6 E= -675.265625016429  delta_E= -0.0002  |g|= 0.0149  |ddm|= 0.116
  HOMO = -0.300242095134121  LUMO = -0.0818503878146051
cycle= 7 E= -675.265679282288  delta_E= -5.43e-05  |g|= 0.00529  |ddm|= 0.0518
  HOMO = -0.300215534543744  LUMO = -0.0816750301097926
cycle= 8 E= -675.265688168898  delta_E= -8.89e-06  |g|= 0.0029  |ddm|= 0.028
  HOMO = -0.300216164119615  LUMO = -0.0816006601274086
cycle= 9 E= -675.265691135061  delta_E= -2.97e-06  |g|= 0.00113  |ddm|= 0.0152
  HOMO = -0.300198871709812  LUMO = -0.0815947596957067
cycle= 10 E= -675.265691565153  delta_E= -4.3e-07  |g|= 0.00035  |ddm|= 0.00681
  HOMO = -0.300214538853736  LUMO = -0.081591337954233
cycle= 11 E= -675.265691646636  delta_E= -8.15e-08  |g|= 0.000163  |ddm|= 0.00295
  HOMO = -0.300209654654187  LUMO = -0.081583556080524
cycle= 12 E= -675.265691655651  delta_E= -9.01e-09  |g|= 7.12e-05  |ddm|= 0.000905
  HOMO = -0.300208615670584  LUMO = -0.0815831960403548
cycle= 13 E= -675.265691657834  delta_E= -2.18e-09  |g|= 4.24e-05  |ddm|= 0.0006
  HOMO = -0.300209601447594  LUMO = -0.0815847395153724
cycle= 14 E= -675.265691658196  delta_E= -3.63e-10  |g|= 1.74e-05  |ddm|= 0.000172
  HOMO = -0.300210285792901  LUMO = -0.0815852046334218
Extra cycle  E= -675.265691658151  delta_E= 4.57e-11  |g|= 2.82e-05  |ddm|= 0.000114
converged SCF energy = -675.265691658151


******** <class 'pyscf.tdscf.rks.TDA'> for <class 'pyscf.df.df_jk.DFRKS'> ********
nstates = 10 singlet
deg_eia_thresh = 1.000e-03
wfnsym = None
conv_tol = 1e-05
eigh lindep = 1e-12
eigh level_shift = 0
eigh max_cycle = 100
chkfile = /tmp/tmptoomdza0
max_memory 4000 MB (current use 760 MB)


Excitation energies (eV)
[3.74286835 3.92148273 4.43902977 4.89176556 5.25280392 5.25726745
 5.6196223  5.86262719 6.01880076 6.03657247]
Completed cam-b3lyp in 1254.8 s

================================================================================
FUNCTIONAL: wb97x | range-separated hybrid; useful CT/conjugation comparison
================================================================================


******** <class 'pyscf.df.df_jk.DFRKS'> ********
method = DFRKS
initial guess = minao
damping factor = 0
level_shift factor = 0
DIIS = <class 'pyscf.scf.diis.CDIIS'>
diis_start_cycle = 1
diis_space = 8
diis_damp = 0
SCF conv_tol = 1e-09
SCF conv_tol_grad = None
SCF max_cycles = 50
direct_scf = False
chkfile to save SCF result = /tmp/tmpu9hzb0w6
max_memory 4000 MB (current use 300 MB)
XC library pyscf.dft.libxc version 7.0.0
    S. Lehtola, C. Steigemann, M. J.T. Oliveira, and M. A.L. Marques.,  SoftwareX 7, 1–5 (2018)
XC functionals = wb97x
    J.-D. Chai and M. Head-Gordon.,  J. Chem. Phys. 128, 084106 (2008)
radial grids: 
    Treutler-Ahlrichs [JCP 102, 346 (1995); DOI:10.1063/1.469408] (M4) radial grids
    
becke partition: Becke, JCP 88, 2547 (1988); DOI:10.1063/1.454033
pruning grids: <function nwchem_prune at 0x145d948d3760>
grids dens level: 3
symmetrized grids: False
atomic radii adjust function: <function treutler_atomic_radii_adjust at 0x145d948d2170>
small_rho_cutoff = 0
Set gradient conv threshold to 3.16228e-05
Initial guess from minao.
tot grids = 221800
******** <class 'pyscf.df.df.DF'> ********
auxbasis = None
max_memory = 4000
Default auxbasis heavy-aug-cc-pvdz-jkfit is used for N 6-31+G**
Default auxbasis heavy-aug-cc-pvdz-jkfit is used for C 6-31+G**
Default auxbasis heavy-aug-cc-pvdz-jkfit is used for H 6-31+G**
Default auxbasis heavy-aug-cc-pvdz-jkfit is used for O 6-31+G**
Create RSH-DF object <pyscf.df.df.DF object at 0x145d90b12650> for omega=0.3
******** <class 'pyscf.df.df.DF'> ********
auxbasis = auxmol.basis = {'N': 'heavy-aug-cc-pvdz-jkfit', 'C': 'heavy-aug-cc-pvdz-jkfit', 'H': 'heavy-aug-cc-pvdz-jkfit', 'O': 'heavy-aug-cc-pvdz-jkfit'}
max_memory = 4000
Default auxbasis heavy-aug-cc-pvdz-jkfit is used for N 6-31+G**
Default auxbasis heavy-aug-cc-pvdz-jkfit is used for C 6-31+G**
Default auxbasis heavy-aug-cc-pvdz-jkfit is used for H 6-31+G**
Default auxbasis heavy-aug-cc-pvdz-jkfit is used for O 6-31+G**
init E= -678.689749043152

WARN: 2 small eigenvectors of overlap matrix removed because of linear dependency between AOs.


  HOMO = -0.215484580684432  LUMO = -0.10913320827178
cycle= 1 E= -675.032042354538  delta_E= 3.66  |g|= 1.29  |ddm|= 65.3
  HOMO = -0.264452244465429  LUMO = -0.108188981957581
cycle= 2 E= -674.864339661398  delta_E= 0.168  |g|= 1.74  |ddm|= 10.2
  HOMO = -0.332484424347866  LUMO = -0.0637466504565576
cycle= 3 E= -675.386098502622  delta_E= -0.522  |g|= 0.12  |ddm|= 4.62
  HOMO = -0.332114139303967  LUMO = -0.0494566692826188
cycle= 4 E= -675.389126134462  delta_E= -0.00303  |g|= 0.0789  |ddm|= 0.794
  HOMO = -0.330597357320518  LUMO = -0.0487603594790436
cycle= 5 E= -675.390652166826  delta_E= -0.00153  |g|= 0.0283  |ddm|= 0.273
  HOMO = -0.331924495721111  LUMO = -0.0486632866777299
cycle= 6 E= -675.390900196828  delta_E= -0.000248  |g|= 0.0129  |ddm|= 0.114
  HOMO = -0.33201244623775  LUMO = -0.0481111079132046
cycle= 7 E= -675.39097319746  delta_E= -7.3e-05  |g|= 0.00504  |ddm|= 0.0685
  HOMO = -0.331860109689372  LUMO = -0.0477251904213651
cycle= 8 E= -675.390993246632  delta_E= -2e-05  |g|= 0.00346  |ddm|= 0.0402
  HOMO = -0.331888661418766  LUMO = -0.0476436730875709
cycle= 9 E= -675.390998862099  delta_E= -5.62e-06  |g|= 0.00132  |ddm|= 0.0208
  HOMO = -0.331915296107772  LUMO = -0.0476417252621757
cycle= 10 E= -675.390999948762  delta_E= -1.09e-06  |g|= 0.000556  |ddm|= 0.0102
  HOMO = -0.331928551741441  LUMO = -0.0476307778973828
cycle= 11 E= -675.391000182707  delta_E= -2.34e-07  |g|= 0.000206  |ddm|= 0.00472
  HOMO = -0.331914560988557  LUMO = -0.0476186841754487
cycle= 12 E= -675.391000220026  delta_E= -3.73e-08  |g|= 9.28e-05  |ddm|= 0.00185
  HOMO = -0.331918519077456  LUMO = -0.0476260146296701
cycle= 13 E= -675.39100022622  delta_E= -6.19e-09  |g|= 4.89e-05  |ddm|= 0.000646
  HOMO = -0.331920521634581  LUMO = -0.0476277996626644
cycle= 14 E= -675.391000227343  delta_E= -1.12e-09  |g|= 1.84e-05  |ddm|= 0.00033
  HOMO = -0.331919601711514  LUMO = -0.047627338824519
cycle= 15 E= -675.391000227575  delta_E= -2.32e-10  |g|= 9.85e-06  |ddm|= 0.000135
  HOMO = -0.331919389359316  LUMO = -0.0476270539161061
Extra cycle  E= -675.391000227577  delta_E= -1.36e-12  |g|= 1.14e-05  |ddm|= 7.58e-05
converged SCF energy = -675.391000227577


******** <class 'pyscf.tdscf.rks.TDA'> for <class 'pyscf.df.df_jk.DFRKS'> ********
nstates = 10 singlet
deg_eia_thresh = 1.000e-03
wfnsym = None
conv_tol = 1e-05
eigh lindep = 1e-12
eigh level_shift = 0
eigh max_cycle = 100
chkfile = /tmp/tmpu9hzb0w6
max_memory 4000 MB (current use 760 MB)


Excitation energies (eV)
[3.89189443 4.01410149 4.53296577 5.22063076 5.46535483 5.47786726
 6.19345522 6.23195358 6.23745498 6.47986935]
Completed wb97x in 1326.3 s

================================================================================
FUNCTIONAL: wb97x-d | range-separated hybrid with empirical dispersion
================================================================================


******** <class 'pyscf.df.df_jk.DFRKS'> ********
method = DFRKS
initial guess = minao
damping factor = 0
level_shift factor = 0
DIIS = <class 'pyscf.scf.diis.CDIIS'>
diis_start_cycle = 1
diis_space = 8
diis_damp = 0
SCF conv_tol = 1e-09
SCF conv_tol_grad = None
SCF max_cycles = 50
direct_scf = False
chkfile to save SCF result = /tmp/tmpe40ovt76
max_memory 4000 MB (current use 350 MB)
XC library pyscf.dft.libxc version 7.0.0
    S. Lehtola, C. Steigemann, M. J.T. Oliveira, and M. A.L. Marques.,  SoftwareX 7, 1–5 (2018)
XC functionals = wb97x-d
    J.-D. Chai and M. Head-Gordon.,  Phys. Chem. Chem. Phys. 10, 6615-6620 (2008)
radial grids: 
    Treutler-Ahlrichs [JCP 102, 346 (1995); DOI:10.1063/1.469408] (M4) radial grids
    
becke partition: Becke, JCP 88, 2547 (1988); DOI:10.1063/1.454033
pruning grids: <function nwchem_prune at 0x145d948d3760>
grids dens level: 3
symmetrized grids: False
atomic radii adjust function: <function treutler_atomic_radii_adjust at 0x145d948d2170>
FAILED wb97x-d: NotImplementedError('wb97x-d is not supported yet.')

================================================================================
FUNCTIONAL: lc-wpbe | long-range-corrected GGA hybrid
================================================================================


******** <class 'pyscf.df.df_jk.DFRKS'> ********
method = DFRKS
initial guess = minao
damping factor = 0
level_shift factor = 0
DIIS = <class 'pyscf.scf.diis.CDIIS'>
diis_start_cycle = 1
diis_space = 8
diis_damp = 0
SCF conv_tol = 1e-09
SCF conv_tol_grad = None
SCF max_cycles = 50
direct_scf = False
chkfile to save SCF result = /tmp/tmp8ja3bi6t
max_memory 4000 MB (current use 350 MB)
XC library pyscf.dft.libxc version 7.0.0
    S. Lehtola, C. Steigemann, M. J.T. Oliveira, and M. A.L. Marques.,  SoftwareX 7, 1–5 (2018)
XC functionals = lc-wpbe
FAILED lc-wpbe: KeyError("LibXCFunctional: name 'LC' not found.")

================================================================================
FUNCTIONAL: m06-2x | high-HF meta-hybrid; strong CT benchmark performer
================================================================================


******** <class 'pyscf.df.df_jk.DFRKS'> ********
method = DFRKS
initial guess = minao
damping factor = 0
level_shift factor = 0
DIIS = <class 'pyscf.scf.diis.CDIIS'>
diis_start_cycle = 1
diis_space = 8
diis_damp = 0
SCF conv_tol = 1e-09
SCF conv_tol_grad = None
SCF max_cycles = 50
direct_scf = False
chkfile to save SCF result = /tmp/tmpdckni8do
max_memory 4000 MB (current use 350 MB)
XC library pyscf.dft.libxc version 7.0.0
    S. Lehtola, C. Steigemann, M. J.T. Oliveira, and M. A.L. Marques.,  SoftwareX 7, 1–5 (2018)
XC functionals = m06-2x
    Y. Zhao and D. G. Truhlar.,  Theor. Chem. Acc. 120, 215 (2008)
    Y. Zhao and D. G. Truhlar.,  Theor. Chem. Acc. 120, 215 (2008)
radial grids: 
    Treutler-Ahlrichs [JCP 102, 346 (1995); DOI:10.1063/1.469408] (M4) radial grids
    
becke partition: Becke, JCP 88, 2547 (1988); DOI:10.1063/1.454033
pruning grids: <function nwchem_prune at 0x145d948d3760>
grids dens level: 3
symmetrized grids: False
atomic radii adjust function: <function treutler_atomic_radii_adjust at 0x145d948d2170>
small_rho_cutoff = 0
Set gradient conv threshold to 3.16228e-05
Initial guess from minao.
tot grids = 221800
******** <class 'pyscf.df.df.DF'> ********
auxbasis = None
max_memory = 4000
Default auxbasis heavy-aug-cc-pvdz-jkfit is used for N 6-31+G**
Default auxbasis heavy-aug-cc-pvdz-jkfit is used for C 6-31+G**
Default auxbasis heavy-aug-cc-pvdz-jkfit is used for H 6-31+G**
Default auxbasis heavy-aug-cc-pvdz-jkfit is used for O 6-31+G**
init E= -678.632135122659

WARN: 2 small eigenvectors of overlap matrix removed because of linear dependency between AOs.


  HOMO = -0.223836422780962  LUMO = -0.120513092723598
cycle= 1 E= -674.985252619784  delta_E= 3.65  |g|=  1.2  |ddm|= 65.6
  HOMO = -0.258842395578011  LUMO = -0.142082136741534
cycle= 2 E= -674.718090331415  delta_E= 0.267  |g|= 1.79  |ddm|= 11.1
  HOMO = -0.296484479133026  LUMO = -0.100888281128801
cycle= 3 E= -675.282053810505  delta_E= -0.564  |g|= 0.135  |ddm|= 5.76
  HOMO = -0.296616546408553  LUMO = -0.0901332981815948
cycle= 4 E= -675.284055632584  delta_E= -0.002  |g|= 0.107  |ddm|= 0.862
  HOMO = -0.293456575472123  LUMO = -0.0891390090853745
cycle= 5 E= -675.286636232511  delta_E= -0.00258  |g|= 0.0281  |ddm|= 0.359
  HOMO = -0.294691470416198  LUMO = -0.0896551835875119
cycle= 6 E= -675.28680331625  delta_E= -0.000167  |g|= 0.013  |ddm|= 0.113
  HOMO = -0.294793120308079  LUMO = -0.0893900702532102
cycle= 7 E= -675.286843384958  delta_E= -4.01e-05  |g|= 0.00433  |ddm|= 0.0534
  HOMO = -0.294694880387087  LUMO = -0.0891542211127954
cycle= 8 E= -675.286849304271  delta_E= -5.92e-06  |g|= 0.00255  |ddm|= 0.0227
  HOMO = -0.29467612713097  LUMO = -0.0890941634428359
cycle= 9 E= -675.286851124806  delta_E= -1.82e-06  |g|= 0.000956  |ddm|= 0.014
  HOMO = -0.29467280959711  LUMO = -0.0891016716482227
cycle= 10 E= -675.286851399227  delta_E= -2.74e-07  |g|= 0.000354  |ddm|= 0.00586
  HOMO = -0.294695844549929  LUMO = -0.0891007727937243
cycle= 11 E= -675.286851454759  delta_E= -5.55e-08  |g|= 0.000127  |ddm|= 0.00233
  HOMO = -0.294688814179009  LUMO = -0.0890942734943541
cycle= 12 E= -675.286851459639  delta_E= -4.88e-09  |g|= 5.43e-05  |ddm|= 0.00069
  HOMO = -0.294688263464778  LUMO = -0.0890924579874826
cycle= 13 E= -675.286851460702  delta_E= -1.06e-09  |g|= 2.92e-05  |ddm|= 0.000459
  HOMO = -0.294689568474702  LUMO = -0.0890943289948054
cycle= 14 E= -675.286851460911  delta_E= -2.09e-10  |g|= 1.24e-05  |ddm|= 0.000176
  HOMO = -0.294690222988304  LUMO = -0.0890947024131949
Extra cycle  E= -675.286851460885  delta_E= 2.59e-11  |g|= 1.87e-05  |ddm|= 9.46e-05
converged SCF energy = -675.286851460885


******** <class 'pyscf.tdscf.rks.TDA'> for <class 'pyscf.df.df_jk.DFRKS'> ********
nstates = 10 singlet
deg_eia_thresh = 1.000e-03
wfnsym = None
conv_tol = 1e-05
eigh lindep = 1e-12
eigh level_shift = 0
eigh max_cycle = 100
chkfile = /tmp/tmpdckni8do
max_memory 4000 MB (current use 629 MB)


Excitation energies (eV)
[3.79686784 3.90749104 4.40768812 5.02171579 5.25044777 5.35358011
 5.50965189 5.90974419 6.01175194 6.19185519]
Completed m06-2x in 2350.2 s

================================================================================
FUNCTIONAL: tpssh | meta-hybrid comparison point with moderate exact exchange
================================================================================


******** <class 'pyscf.df.df_jk.DFRKS'> ********
method = DFRKS
initial guess = minao
damping factor = 0
level_shift factor = 0
DIIS = <class 'pyscf.scf.diis.CDIIS'>
diis_start_cycle = 1
diis_space = 8
diis_damp = 0
SCF conv_tol = 1e-09
SCF conv_tol_grad = None
SCF max_cycles = 50
direct_scf = False
chkfile to save SCF result = /tmp/tmp39cz0nlx
max_memory 4000 MB (current use 301 MB)
XC library pyscf.dft.libxc version 7.0.0
    S. Lehtola, C. Steigemann, M. J.T. Oliveira, and M. A.L. Marques.,  SoftwareX 7, 1–5 (2018)
XC functionals = tpssh
    V. N. Staroverov, G. E. Scuseria, J. Tao, and J. P. Perdew.,  J. Chem. Phys. 119, 12129 (2003)
radial grids: 
    Treutler-Ahlrichs [JCP 102, 346 (1995); DOI:10.1063/1.469408] (M4) radial grids
    
becke partition: Becke, JCP 88, 2547 (1988); DOI:10.1063/1.454033
pruning grids: <function nwchem_prune at 0x145d948d3760>
grids dens level: 3
symmetrized grids: False
atomic radii adjust function: <function treutler_atomic_radii_adjust at 0x145d948d2170>
small_rho_cutoff = 0
Set gradient conv threshold to 3.16228e-05
Initial guess from minao.
tot grids = 221800
******** <class 'pyscf.df.df.DF'> ********
auxbasis = None
max_memory = 4000
Default auxbasis heavy-aug-cc-pvdz-jkfit is used for N 6-31+G**
Default auxbasis heavy-aug-cc-pvdz-jkfit is used for C 6-31+G**
Default auxbasis heavy-aug-cc-pvdz-jkfit is used for H 6-31+G**
Default auxbasis heavy-aug-cc-pvdz-jkfit is used for O 6-31+G**
init E= -678.20320499667

WARN: 2 small eigenvectors of overlap matrix removed because of linear dependency between AOs.


  HOMO = -0.243046927988205  LUMO = -0.151044098131046
cycle= 1 E= -675.319390329513  delta_E= 2.88  |g|=  1.2  |ddm|= 66.4
  HOMO = -0.139988537083329  LUMO = -0.12662596519483
cycle= 2 E= -672.886286885062  delta_E= 2.43  |g|= 2.98  |ddm|= 10.1
  HOMO = -0.23594304812075  LUMO = -0.16310896176314
cycle= 3 E= -674.852514846073  delta_E= -1.97  |g|= 1.47  |ddm|= 11.4
  HOMO = -0.228351435049335  LUMO = -0.126341182472637
cycle= 4 E= -675.572776945858  delta_E= -0.72  |g|= 0.286  |ddm|= 5.12
  HOMO = -0.229532584177031  LUMO = -0.134179411737257
cycle= 5 E= -675.564621260157  delta_E= 0.00816  |g|= 0.333  |ddm|= 2.24
  HOMO = -0.238496215886778  LUMO = -0.131760071815011
cycle= 6 E= -675.594211708212  delta_E= -0.0296  |g|=  0.1  |ddm|= 1.82
  HOMO = -0.237198676613933  LUMO = -0.126985790196372
cycle= 7 E= -675.59613703591  delta_E= -0.00193  |g|= 0.0537  |ddm|= 0.544
  HOMO = -0.236603280729079  LUMO = -0.127629541331292
cycle= 8 E= -675.596624506305  delta_E= -0.000487  |g|= 0.0322  |ddm|= 0.309
  HOMO = -0.237491823166739  LUMO = -0.128219810324161
cycle= 9 E= -675.596798394925  delta_E= -0.000174  |g|= 0.0173  |ddm|= 0.14
  HOMO = -0.237605022044933  LUMO = -0.12842864207525
cycle= 10 E= -675.59685231448  delta_E= -5.39e-05  |g|= 0.00649  |ddm|= 0.0648
  HOMO = -0.237500735539983  LUMO = -0.128307841726194
cycle= 11 E= -675.596860867254  delta_E= -8.55e-06  |g|= 0.00231  |ddm|= 0.0253
  HOMO = -0.237413881388517  LUMO = -0.128243647358221
cycle= 12 E= -675.596861997863  delta_E= -1.13e-06  |g|= 0.000828  |ddm|= 0.0104
  HOMO = -0.23736910310904  LUMO = -0.128232163681644
cycle= 13 E= -675.596862123246  delta_E= -1.25e-07  |g|= 0.000398  |ddm|= 0.00408
  HOMO = -0.237385846234504  LUMO = -0.128239850072817
cycle= 14 E= -675.596862162478  delta_E= -3.92e-08  |g|= 0.000129  |ddm|= 0.0019
  HOMO = -0.237386391080345  LUMO = -0.128236702072112
cycle= 15 E= -675.596862165058  delta_E= -2.58e-09  |g|= 7.47e-05  |ddm|= 0.000641
  HOMO = -0.237385938895017  LUMO = -0.128236727326566
cycle= 16 E= -675.596862166262  delta_E= -1.2e-09  |g|= 2.06e-05  |ddm|= 0.000248
  HOMO = -0.237385674487175  LUMO = -0.128236810988599
cycle= 17 E= -675.596862166334  delta_E= -7.28e-11  |g|= 8.39e-06  |ddm|= 9.22e-05
  HOMO = -0.237385915529192  LUMO = -0.128237021892815
Extra cycle  E= -675.596862166205  delta_E= 1.3e-10  |g|= 2.42e-05  |ddm|= 8.47e-05
converged SCF energy = -675.596862166205


******** <class 'pyscf.tdscf.rks.TDA'> for <class 'pyscf.df.df_jk.DFRKS'> ********
nstates = 10 singlet
deg_eia_thresh = 1.000e-03
wfnsym = None
conv_tol = 1e-05
eigh lindep = 1e-12
eigh level_shift = 0
eigh max_cycle = 100
chkfile = /tmp/tmp39cz0nlx
max_memory 4000 MB (current use 629 MB)


Excitation energies (eV)
[3.38111101 3.39165805 3.88440975 4.23592341 4.36339387 4.37272342
 4.83330291 4.85067463 4.90228796 5.31765775]
Completed tpssh in 1516.8 s

Done. Wrote nbd_base_functional_sweep.csv
