#INFO: **** input file is /global/scratch/users/vaibhavvaiyakarnam/bdp_tddft/coumarin343_base.py ****
from pyscf import gto, scf, tdscf

# ==========================================
# 1. MOLECULE SETUP (Exact Cycle 20 Coords)
# ==========================================
mol = gto.Mole()
mol.verbose = 4
mol.atom = '''
C  -5.585634936212   2.449611799944  -0.108879421850
C  -6.783460232473   1.586846081547  -0.515400637148
C  -4.295306387782   1.650195044050  -0.034596819912
C  -3.077403775857   2.317183411925   0.042735644801
C  -1.850471879212   1.640828521538   0.118599860258
C  -1.885276849692   0.229925444899   0.111609356109
C  -4.301265651884   0.225391168137  -0.007587868323
C  -3.074870898092  -0.493695488375   0.063321383699
C  -6.746298487741   0.251557680893   0.212727114100
N  -5.508830459103  -0.467567187524  -0.073042510076
C  -5.528480365905  -1.877300709293   0.301621979384
C  -4.360364524784  -2.629461557838  -0.322180994132
C  -3.028912808607  -2.006941737028   0.097386940415
C  -0.569775809633   2.290102704164   0.269113407765
C   0.586007291879   1.590318188058   0.171078504617
C   0.473916344833   0.128710416213  -0.209792459188
O  -0.722046270754  -0.486461880561   0.260182635294
C   1.884577981730   2.301081742180   0.305750034224
O   1.987499794631   3.491732063241   0.493258110712
O   3.019016769256   1.548482530893   0.190269460062
H  -5.780679370150   2.924105424196   0.870145478067
H  -5.460796101992   3.275724099954  -0.828107446884
H  -6.764746928343   1.401071262084  -1.602501243836
H  -7.730099663336   2.100509577133  -0.285765836484
H  -3.072119697350   3.411319787037   0.046433034007
H  -7.582692886718  -0.385707935957  -0.114502080531
H  -6.871049780199   0.408397357128   1.307170776071
H  -6.480254127235  -2.297290952574  -0.060014051477
H  -5.524872528369  -1.999237274547   1.407333011361
H  -4.466488540970  -2.601859593502  -1.420123665609
H  -4.401970754761  -3.685791564498  -0.014625596849
H  -2.213526307804  -2.361423254384  -0.550916933848
H  -2.760131388788  -2.341661613720   1.116514988635
H  -0.521913958251   3.362458487980   0.472863665495
H   1.274113029748  -0.480261905448   0.246490484170
H   0.555198862707   0.000417370408  -1.311885932202
H   2.794749546669   0.610277343832   0.101979889355
'''
mol.basis = '6-31+G**'
mol.build()

# ==========================================
# 2. GROUND STATE SCF
# ==========================================
print("\n--- Starting Ground State SCF ---")
mf = scf.RKS(mol)
mf.xc = "b3lyp"
mf.kernel()

# ==========================================
# 3. TD-DFT (Tamm-Dancoff Approximation)
# ==========================================
print("\n--- Starting TD-DFT Calculation (10 Roots) ---")
td = tdscf.TDA(mf)
td.nroots = 10
td.kernel()

# ==========================================
# 4. TRANSITION DIPOLE EXTRACTION
# ==========================================
tdms = td.transition_dipole()

print("\n" + "="*60)
print(f"{'State':<8} {'Energy (eV)':<12} {'X':<10} {'Y':<10} {'Z':<10}")
print("-" * 60)

for i in range(td.nroots):
    tx, ty, tz = tdms[i]
    energy_ev = td.e[i] * 27.2114
    print(f"{i+1:<8} {energy_ev:<12.3f} {tx:<10.4f} {ty:<10.4f} {tz:<10.4f}")
print("="*60)#INFO: ******************** input file end ********************


System: uname_result(system='Linux', node='n0035.mhg0', release='4.18.0-553.58.1.el8_10.x86_64', version='#1 SMP Thu Jun 26 15:50:39 UTC 2025', machine='x86_64')  Threads 8
Python 3.10.20 (main, Mar 11 2026, 17:46:40) [GCC 14.3.0]
numpy 2.2.6  scipy 1.15.3  h5py 3.16.0
Date: Thu Apr 30 02:31:21 2026
PySCF version 2.13.0
PySCF path  /global/home/users/vaibhavvaiyakarnam/.local/lib/python3.10/site-packages/pyscf

[CONFIG] conf_file None
[INPUT] verbose = 4
[INPUT] num. atoms = 37
[INPUT] num. electrons = 144
[INPUT] charge = 0
[INPUT] spin (= nelec alpha-beta = 2S) = 0
[INPUT] symmetry False subgroup None
[INPUT] Mole.unit = angstrom
[INPUT] Symbol           X                Y                Z      unit          X                Y                Z       unit  Magmom
[INPUT]  1 C     -5.585634936212   2.449611799944  -0.108879421850 AA  -10.555320261243   4.629095413397  -0.205752287897 Bohr   0.0
[INPUT]  2 C     -6.783460232473   1.586846081547  -0.515400637148 AA  -12.818882016252   2.998704495963  -0.973966048636 Bohr   0.0
[INPUT]  3 C     -4.295306387782   1.650195044050  -0.034596819912 AA   -8.116952694003   3.118416685369  -0.065378514415 Bohr   0.0
[INPUT]  4 C     -3.077403775857   2.317183411925   0.042735644801 AA   -5.815450311072   4.378842028923   0.080758664431 Bohr   0.0
[INPUT]  5 C     -1.850471879212   1.640828521538   0.118599860258 AA   -3.496885052920   3.100716523082   0.224121254299 Bohr   0.0
[INPUT]  6 C     -1.885276849692   0.229925444899   0.111609356109 AA   -3.562656914901   0.434496119928   0.210911115985 Bohr   0.0
[INPUT]  7 C     -4.301265651884   0.225391168137  -0.007587868323 AA   -8.128214071060   0.425927578675  -0.014338993000 Bohr   0.0
[INPUT]  8 C     -3.074870898092  -0.493695488375   0.063321383699 AA   -5.810663865789  -0.932949261962   0.119660073020 Bohr   0.0
[INPUT]  9 C     -6.746298487741   0.251557680893   0.212727114100 AA  -12.748656496398   0.475375121419   0.401995984918 Bohr   0.0
[INPUT] 10 N     -5.508830459103  -0.467567187524  -0.073042510076 AA  -10.410180834367  -0.883573929254  -0.138030339494 Bohr   0.0
[INPUT] 11 C     -5.528480365905  -1.877300709293   0.301621979384 AA  -10.447313776596  -3.547584194016   0.569982934185 Bohr   0.0
[INPUT] 12 C     -4.360364524784  -2.629461557838  -0.322180994132 AA   -8.239894755111  -4.968962199386  -0.608833841450 Bohr   0.0
[INPUT] 13 C     -3.028912808607  -2.006941737028   0.097386940415 AA   -5.723815663454  -3.792570230942   0.184034645494 Bohr   0.0
[INPUT] 14 C     -0.569775809633   2.290102704164   0.269113407765 AA   -1.076720232609   4.327666907996   0.508550637124 Bohr   0.0
[INPUT] 15 C      0.586007291879   1.590318188058   0.171078504617 AA    1.107393288649   3.005265826344   0.323291519526 Bohr   0.0
[INPUT] 16 C      0.473916344833   0.128710416213  -0.209792459188 AA    0.895572097689   0.243227436021  -0.396450290864 Bohr   0.0
[INPUT] 17 O     -0.722046270754  -0.486461880561   0.260182635294 AA   -1.364469700989  -0.919279724301   0.491673923073 Bohr   0.0
[INPUT] 18 C      1.884577981730   2.301081742180   0.305750034224 AA    3.561336245855   4.348414282957   0.577783827260 Bohr   0.0
[INPUT] 19 O      1.987499794631   3.491732063241   0.493258110712 AA    3.755830284482   6.598417299888   0.932122737966 Bohr   0.0
[INPUT] 20 O      3.019016769256   1.548482530893   0.190269460062 AA    5.705114859363   2.926207892061   0.359557169386 Bohr   0.0
[INPUT] 21 H     -5.780679370150   2.924105424196   0.870145478067 AA  -10.923900823507   5.525758411086   1.644336642075 Bohr   0.0
[INPUT] 22 H     -5.460796101992   3.275724099954  -0.828107446884 AA  -10.319409054857   6.190221408550  -1.564896276324 Bohr   0.0
[INPUT] 23 H     -6.764746928343   1.401071262084  -1.602501243836 AA  -12.783518996561   2.647640966337  -3.028288465125 Bohr   0.0
[INPUT] 24 H     -7.730099663336   2.100509577133  -0.285765836484 AA  -14.607771279298   3.969387822807  -0.540019166712 Bohr   0.0
[INPUT] 25 H     -3.072119697350   3.411319787037   0.046433034007 AA   -5.805464849873   6.446460120810   0.087745717406 Bohr   0.0
[INPUT] 26 H     -7.582692886718  -0.385707935957  -0.114502080531 AA  -14.329212842585  -0.728882363030  -0.216377572896 Bohr   0.0
[INPUT] 27 H     -6.871049780199   0.408397357128   1.307170776071 AA  -12.984402272829   0.771759154968   2.470194764809 Bohr   0.0
[INPUT] 28 H     -6.480254127235  -2.297290952574  -0.060014051477 AA  -12.245905518057  -4.341250728806  -0.113410120917 Bohr   0.0
[INPUT] 29 H     -5.524872528369  -1.999237274547   1.407333011361 AA  -10.440495951751  -3.778010906916   2.659473957532 Bohr   0.0
[INPUT] 30 H     -4.466488540970  -2.601859593502  -1.420123665609 AA   -8.440440080941  -4.916802046291  -2.683644791014 Bohr   0.0
[INPUT] 31 H     -4.401970754761  -3.685791564498  -0.014625596849 AA   -8.318519134843  -6.965136609133  -0.027638372453 Bohr   0.0
[INPUT] 32 H     -2.213526307804  -2.361423254384  -0.550916933848 AA   -4.182958491269  -4.462443214965  -1.041082122358 Bohr   0.0
[INPUT] 33 H     -2.760131388788  -2.341661613720   1.116514988635 AA   -5.215892392625  -4.425099126338   2.109907542492 Bohr   0.0
[INPUT] 34 H     -0.521913958251   3.362458487980   0.472863665495 AA   -0.986274441682   6.354125647501   0.893582822043 Bohr   0.0
[INPUT] 35 H      1.274113029748  -0.480261905448   0.246490484170 AA    2.407724677964  -0.907563469358   0.465799507393 Bohr   0.0
[INPUT] 36 H      0.555198862707   0.000417370408  -1.311885932202 AA    1.049173795186   0.000788715764  -2.479105118532 Bohr   0.0
[INPUT] 37 H      2.794749546669   0.610277343832   0.101979889355 AA    5.281311229957   1.153257039870   0.192714061094 Bohr   0.0

nuclear repulsion = 1537.08250637724
number of shells = 211
number of NR pGTOs = 739
number of NR cGTOs = 445
basis = 6-31+G**
ecp = {}
CPU time:         2.38

--- Starting Ground State SCF ---


******** <class 'pyscf.dft.rks.RKS'> ********
method = RKS
initial guess = minao
damping factor = 0
level_shift factor = 0
DIIS = <class 'pyscf.scf.diis.CDIIS'>
diis_start_cycle = 1
diis_space = 8
diis_damp = 0
SCF conv_tol = 1e-09
SCF conv_tol_grad = None
SCF max_cycles = 50
direct_scf = True
direct_scf_tol = 1e-13
chkfile to save SCF result = /tmp/tmpjzo4rbw9
max_memory 4000 MB (current use 97 MB)
XC library pyscf.dft.libxc version 7.0.0
    S. Lehtola, C. Steigemann, M. J.T. Oliveira, and M. A.L. Marques.,  SoftwareX 7, 1–5 (2018)
XC functionals = b3lyp
    P. J. Stephens, F. J. Devlin, C. F. Chabalowski, and M. J. Frisch.,  J. Phys. Chem. 98, 11623 (1994)
radial grids: 
    Treutler-Ahlrichs [JCP 102, 346 (1995); DOI:10.1063/1.469408] (M4) radial grids
    
becke partition: Becke, JCP 88, 2547 (1988); DOI:10.1063/1.454033
pruning grids: <function nwchem_prune at 0x1502666bb490>
grids dens level: 3
symmetrized grids: False
atomic radii adjust function: <function treutler_atomic_radii_adjust at 0x1502666b9ea0>
small_rho_cutoff = 0
Set gradient conv threshold to 3.16228e-05
Initial guess from minao.
tot grids = 448776
init E= -903.802385963182

WARN: 5 small eigenvectors of overlap matrix removed because of linear dependency between AOs.


  HOMO = -0.225063837203113  LUMO = -0.133730771104549
cycle= 1 E= -900.129585114609  delta_E= 3.67  |g|= 1.16  |ddm|=  220
  HOMO = -0.0907586624628047  LUMO = -0.034399299642347
cycle= 2 E= -899.370923659504  delta_E= 0.759  |g|= 2.25  |ddm|= 44.1
  HOMO = -0.181803470196482  LUMO = -0.0544482687177297
cycle= 3 E= -900.368914345005  delta_E= -0.998  |g|= 0.447  |ddm|= 31.3
  HOMO = -0.198377903351629  LUMO = -0.0689662597995322
cycle= 4 E= -900.408253231476  delta_E= -0.0393  |g|= 0.143  |ddm|= 5.98
  HOMO = -0.203090119823165  LUMO = -0.0720981876347162
cycle= 5 E= -900.411389915116  delta_E= -0.00314  |g|= 0.0533  |ddm|= 0.845
  HOMO = -0.198399687686869  LUMO = -0.0679846310384269
cycle= 6 E= -900.412026735004  delta_E= -0.000637  |g|= 0.0123  |ddm|= 0.675
  HOMO = -0.198765897479954  LUMO = -0.0679022966060474
cycle= 7 E= -900.412055818819  delta_E= -2.91e-05  |g|= 0.00524  |ddm|= 0.121
  HOMO = -0.198807176389495  LUMO = -0.0681207592641782
cycle= 8 E= -900.412062068025  delta_E= -6.25e-06  |g|= 0.00171  |ddm|= 0.0463
  HOMO = -0.198841643259858  LUMO = -0.0680985826391307
cycle= 9 E= -900.412062758277  delta_E= -6.9e-07  |g|= 0.000643  |ddm|= 0.0176
  HOMO = -0.198808476892485  LUMO = -0.0680952994233719
cycle= 10 E= -900.412062857644  delta_E= -9.94e-08  |g|= 0.000181  |ddm|= 0.00797
  HOMO = -0.198816855306587  LUMO = -0.0680874935426736
cycle= 11 E= -900.412062862583  delta_E= -4.94e-09  |g|= 0.000133  |ddm|= 0.00227
  HOMO = -0.19881475651756  LUMO = -0.0680899521975404
cycle= 12 E= -900.412062866522  delta_E= -3.94e-09  |g|= 1.91e-05  |ddm|= 0.000969
  HOMO = -0.198814595187122  LUMO = -0.0680903913775985
cycle= 13 E= -900.412062866557  delta_E= -3.55e-11  |g|= 1.73e-05  |ddm|= 0.000382
  HOMO = -0.198814584374756  LUMO = -0.0680901079966412
Extra cycle  E= -900.412062866372  delta_E= 1.86e-10  |g|= 3.16e-05  |ddm|= 0.000445
converged SCF energy = -900.412062866372

--- Starting TD-DFT Calculation (10 Roots) ---


******** <class 'pyscf.tdscf.rks.TDA'> for <class 'pyscf.dft.rks.RKS'> ********
nstates = 10 singlet
deg_eia_thresh = 1.000e-03
wfnsym = None
conv_tol = 1e-05
eigh lindep = 1e-12
eigh level_shift = 0
eigh max_cycle = 100
chkfile = /tmp/tmpjzo4rbw9
max_memory 4000 MB (current use 285 MB)


Excitation energies (eV)
[3.47495769 3.81705607 4.39381504 4.43065973 4.47695129 4.63363551
 4.90033469 5.01911236 5.07904305 5.10883429]

============================================================
State    Energy (eV)  X          Y          Z         
------------------------------------------------------------
1        3.475        -2.5479    -0.9828    -0.0064   
2        3.817        -1.0150    -0.2645    -0.0099   
3        4.394        -0.6527    0.3627     0.0247    
4        4.431        0.0556     -0.0221    0.1314    
5        4.477        -0.3023    0.1983     0.0113    
6        4.634        -0.0800    0.1377     -0.1342   
7        4.900        0.0578     0.3285     -0.0539   
8        5.019        0.9915     -0.0407    -0.1338   
9        5.079        -0.3398    -0.1180    -0.1410   
10       5.109        0.2728     -0.1670    0.3964    
============================================================
