#INFO: **** input file is /global/scratch/users/vaibhavvaiyakarnam/bdp_tddft/coumarin343_lambdascan.py ****
import numpy
from pyscf import gto, scf, tdscf
import qed  # Your custom QED module

# ==========================================
# 1. MOLECULE SETUP: Coumarin 343
# ==========================================
mol = gto.Mole()
mol.verbose = 4
mol.atom = '''
C  -5.585634936212   2.449611799944  -0.108879421850
C  -6.783460232473   1.586846081547  -0.515400637148
C  -4.295306387782   1.650195044050  -0.034596819912
C  -3.077403775857   2.317183411925   0.042735644801
C  -1.850471879212   1.640828521538   0.118599860258
C  -1.885276849692   0.229925444899   0.111609356109
C  -4.301265651884   0.225391168137  -0.007587868323
C  -3.074870898092  -0.493695488375   0.063321383699
C  -6.746298487741   0.251557680893   0.212727114100
N  -5.508830459103  -0.467567187524  -0.073042510076
C  -5.528480365905  -1.877300709293   0.301621979384
C  -4.360364524784  -2.629461557838  -0.322180994132
C  -3.028912808607  -2.006941737028   0.097386940415
C  -0.569775809633   2.290102704164   0.269113407765
C   0.586007291879   1.590318188058   0.171078504617
C   0.473916344833   0.128710416213  -0.209792459188
O  -0.722046270754  -0.486461880561   0.260182635294
C   1.884577981730   2.301081742180   0.305750034224
O   1.987499794631   3.491732063241   0.493258110712
O   3.019016769256   1.548482530893   0.190269460062
H  -5.780679370150   2.924105424196   0.870145478067
H  -5.460796101992   3.275724099954  -0.828107446884
H  -6.764746928343   1.401071262084  -1.602501243836
H  -7.730099663336   2.100509577133  -0.285765836484
H  -3.072119697350   3.411319787037   0.046433034007
H  -7.582692886718  -0.385707935957  -0.114502080531
H  -6.871049780199   0.408397357128   1.307170776071
H  -6.480254127235  -2.297290952574  -0.060014051477
H  -5.524872528369  -1.999237274547   1.407333011361
H  -4.466488540970  -2.601859593502  -1.420123665609
H  -4.401970754761  -3.685791564498  -0.014625596849
H  -2.213526307804  -2.361423254384  -0.550916933848
H  -2.760131388788  -2.341661613720   1.116514988635
H  -0.521913958251   3.362458487980   0.472863665495
H   1.274113029748  -0.480261905448   0.246490484170
H   0.555198862707   0.000417370408  -1.311885932202
H   2.794749546669   0.610277343832   0.101979889355
'''
mol.basis = '6-31+G**'
mol.build()

# ==========================================
# 2. GROUND STATE SCF (PMMA Matrix)
# ==========================================
print("\n--- Starting Ground State SCF ---")

# OPTIMIZATION 1: Density Fitting applied here
mf = scf.RKS(mol).density_fit() 
mf.xc = "b3lyp"
mf = mf.ddCOSMO()            
mf.with_solvent.eps = 3.0    
mf.kernel()

# ==========================================
# 3. PRE-SCAN: STANDARD TD-DFT
# ==========================================
print("\n--- Running Standard TD-DFT to find Resonance and Dipole ---")
td_std = tdscf.TDA(mf)

# OPTIMIZATION 2: Reduced roots
td_std.nroots = 5  
td_std.kernel()

# Extract the S1 Energy (in atomic units/Hartrees)
s1_energy_au = td_std.e[0]
s1_energy_ev = s1_energy_au * 27.2114

# Extract the S1 Transition Dipole Moment vector (X, Y, Z)
tdm_vector = td_std.transition_dipole()[0]

# Normalize the TDM vector to get a pure unit direction vector
tdm_magnitude = numpy.linalg.norm(tdm_vector)
tdm_direction = tdm_vector / tdm_magnitude

print(f"\n>> AUTO-TUNING RESULTS <<")
print(f"Resonant Cavity Freq : {s1_energy_au:.6f} a.u. ({s1_energy_ev:.3f} eV)")
print(f"TDM Vector (Raw)     : [{tdm_vector[0]:.4f}, {tdm_vector[1]:.4f}, {tdm_vector[2]:.4f}]")
print(f"TDM Direction (Unit) : [{tdm_direction[0]:.4f}, {tdm_direction[1]:.4f}, {tdm_direction[2]:.4f}]")

# Set the QED cavity frequency dynamically
cavity_freq = numpy.asarray([s1_energy_au])

# ==========================================
# 4. QED CAVITY LAMBDA SCAN
# ==========================================
print("\n--- Starting QED Lambda Scan ---")

# Scan over coupling strengths 0 to 0.01 in increments of 0.001
for coupling in numpy.linspace(0.0, 0.01, 11):
    print(f"\n========================================")
    print(f" RUNNING COUPLING STRENGTH: {coupling:.3f}")
    print(f"========================================")
    
    # Scale the pure direction vector by the current coupling strength
    scaled_cavity_mode = coupling * tdm_direction
    cavity_mode = numpy.asarray([scaled_cavity_mode])

    # TDA-JC Setup using dynamic frequency and mode
    cav_model = qed.JC(mf, cavity_mode=cavity_mode, cavity_freq=cavity_freq)
    td_qed    = qed.TDA(mf, cav_obj=cav_model)
    
    # OPTIMIZATION 3: Reduced roots in the loop
    td_qed.nroots = 5  
    
    # Run the QED TD-DFT calculation
    td_qed.kernel()#INFO: ******************** input file end ********************


System: uname_result(system='Linux', node='n0030.mhg0', release='4.18.0-553.58.1.el8_10.x86_64', version='#1 SMP Thu Jun 26 15:50:39 UTC 2025', machine='x86_64')  Threads 8
Python 3.10.20 (main, Mar 11 2026, 17:46:40) [GCC 14.3.0]
numpy 2.2.6  scipy 1.15.3  h5py 3.16.0
Date: Thu Apr 30 20:57:43 2026
PySCF version 2.13.0
PySCF path  /global/home/users/vaibhavvaiyakarnam/.local/lib/python3.10/site-packages/pyscf

[CONFIG] conf_file None
[INPUT] verbose = 4
[INPUT] num. atoms = 37
[INPUT] num. electrons = 144
[INPUT] charge = 0
[INPUT] spin (= nelec alpha-beta = 2S) = 0
[INPUT] symmetry False subgroup None
[INPUT] Mole.unit = angstrom
[INPUT] Symbol           X                Y                Z      unit          X                Y                Z       unit  Magmom
[INPUT]  1 C     -5.585634936212   2.449611799944  -0.108879421850 AA  -10.555320261243   4.629095413397  -0.205752287897 Bohr   0.0
[INPUT]  2 C     -6.783460232473   1.586846081547  -0.515400637148 AA  -12.818882016252   2.998704495963  -0.973966048636 Bohr   0.0
[INPUT]  3 C     -4.295306387782   1.650195044050  -0.034596819912 AA   -8.116952694003   3.118416685369  -0.065378514415 Bohr   0.0
[INPUT]  4 C     -3.077403775857   2.317183411925   0.042735644801 AA   -5.815450311072   4.378842028923   0.080758664431 Bohr   0.0
[INPUT]  5 C     -1.850471879212   1.640828521538   0.118599860258 AA   -3.496885052920   3.100716523082   0.224121254299 Bohr   0.0
[INPUT]  6 C     -1.885276849692   0.229925444899   0.111609356109 AA   -3.562656914901   0.434496119928   0.210911115985 Bohr   0.0
[INPUT]  7 C     -4.301265651884   0.225391168137  -0.007587868323 AA   -8.128214071060   0.425927578675  -0.014338993000 Bohr   0.0
[INPUT]  8 C     -3.074870898092  -0.493695488375   0.063321383699 AA   -5.810663865789  -0.932949261962   0.119660073020 Bohr   0.0
[INPUT]  9 C     -6.746298487741   0.251557680893   0.212727114100 AA  -12.748656496398   0.475375121419   0.401995984918 Bohr   0.0
[INPUT] 10 N     -5.508830459103  -0.467567187524  -0.073042510076 AA  -10.410180834367  -0.883573929254  -0.138030339494 Bohr   0.0
[INPUT] 11 C     -5.528480365905  -1.877300709293   0.301621979384 AA  -10.447313776596  -3.547584194016   0.569982934185 Bohr   0.0
[INPUT] 12 C     -4.360364524784  -2.629461557838  -0.322180994132 AA   -8.239894755111  -4.968962199386  -0.608833841450 Bohr   0.0
[INPUT] 13 C     -3.028912808607  -2.006941737028   0.097386940415 AA   -5.723815663454  -3.792570230942   0.184034645494 Bohr   0.0
[INPUT] 14 C     -0.569775809633   2.290102704164   0.269113407765 AA   -1.076720232609   4.327666907996   0.508550637124 Bohr   0.0
[INPUT] 15 C      0.586007291879   1.590318188058   0.171078504617 AA    1.107393288649   3.005265826344   0.323291519526 Bohr   0.0
[INPUT] 16 C      0.473916344833   0.128710416213  -0.209792459188 AA    0.895572097689   0.243227436021  -0.396450290864 Bohr   0.0
[INPUT] 17 O     -0.722046270754  -0.486461880561   0.260182635294 AA   -1.364469700989  -0.919279724301   0.491673923073 Bohr   0.0
[INPUT] 18 C      1.884577981730   2.301081742180   0.305750034224 AA    3.561336245855   4.348414282957   0.577783827260 Bohr   0.0
[INPUT] 19 O      1.987499794631   3.491732063241   0.493258110712 AA    3.755830284482   6.598417299888   0.932122737966 Bohr   0.0
[INPUT] 20 O      3.019016769256   1.548482530893   0.190269460062 AA    5.705114859363   2.926207892061   0.359557169386 Bohr   0.0
[INPUT] 21 H     -5.780679370150   2.924105424196   0.870145478067 AA  -10.923900823507   5.525758411086   1.644336642075 Bohr   0.0
[INPUT] 22 H     -5.460796101992   3.275724099954  -0.828107446884 AA  -10.319409054857   6.190221408550  -1.564896276324 Bohr   0.0
[INPUT] 23 H     -6.764746928343   1.401071262084  -1.602501243836 AA  -12.783518996561   2.647640966337  -3.028288465125 Bohr   0.0
[INPUT] 24 H     -7.730099663336   2.100509577133  -0.285765836484 AA  -14.607771279298   3.969387822807  -0.540019166712 Bohr   0.0
[INPUT] 25 H     -3.072119697350   3.411319787037   0.046433034007 AA   -5.805464849873   6.446460120810   0.087745717406 Bohr   0.0
[INPUT] 26 H     -7.582692886718  -0.385707935957  -0.114502080531 AA  -14.329212842585  -0.728882363030  -0.216377572896 Bohr   0.0
[INPUT] 27 H     -6.871049780199   0.408397357128   1.307170776071 AA  -12.984402272829   0.771759154968   2.470194764809 Bohr   0.0
[INPUT] 28 H     -6.480254127235  -2.297290952574  -0.060014051477 AA  -12.245905518057  -4.341250728806  -0.113410120917 Bohr   0.0
[INPUT] 29 H     -5.524872528369  -1.999237274547   1.407333011361 AA  -10.440495951751  -3.778010906916   2.659473957532 Bohr   0.0
[INPUT] 30 H     -4.466488540970  -2.601859593502  -1.420123665609 AA   -8.440440080941  -4.916802046291  -2.683644791014 Bohr   0.0
[INPUT] 31 H     -4.401970754761  -3.685791564498  -0.014625596849 AA   -8.318519134843  -6.965136609133  -0.027638372453 Bohr   0.0
[INPUT] 32 H     -2.213526307804  -2.361423254384  -0.550916933848 AA   -4.182958491269  -4.462443214965  -1.041082122358 Bohr   0.0
[INPUT] 33 H     -2.760131388788  -2.341661613720   1.116514988635 AA   -5.215892392625  -4.425099126338   2.109907542492 Bohr   0.0
[INPUT] 34 H     -0.521913958251   3.362458487980   0.472863665495 AA   -0.986274441682   6.354125647501   0.893582822043 Bohr   0.0
[INPUT] 35 H      1.274113029748  -0.480261905448   0.246490484170 AA    2.407724677964  -0.907563469358   0.465799507393 Bohr   0.0
[INPUT] 36 H      0.555198862707   0.000417370408  -1.311885932202 AA    1.049173795186   0.000788715764  -2.479105118532 Bohr   0.0
[INPUT] 37 H      2.794749546669   0.610277343832   0.101979889355 AA    5.281311229957   1.153257039870   0.192714061094 Bohr   0.0

nuclear repulsion = 1537.08250637724
number of shells = 211
number of NR pGTOs = 739
number of NR cGTOs = 445
basis = 6-31+G**
ecp = {}
CPU time:         2.65

--- Starting Ground State SCF ---


******** <class 'pyscf.solvent._attach_solvent.ddCOSMODFRKS'> ********
method = ddCOSMODFRKS
initial guess = minao
damping factor = 0
level_shift factor = 0
DIIS = <class 'pyscf.scf.diis.CDIIS'>
diis_start_cycle = 1
diis_space = 8
diis_damp = 0
SCF conv_tol = 1e-09
SCF conv_tol_grad = None
SCF max_cycles = 50
direct_scf = False
chkfile to save SCF result = /tmp/tmp5co2zhvl
max_memory 4000 MB (current use 107 MB)
XC library pyscf.dft.libxc version 7.0.0
    S. Lehtola, C. Steigemann, M. J.T. Oliveira, and M. A.L. Marques.,  SoftwareX 7, 1–5 (2018)
XC functionals = b3lyp
    P. J. Stephens, F. J. Devlin, C. F. Chabalowski, and M. J. Frisch.,  J. Phys. Chem. 98, 11623 (1994)
radial grids: 
    Treutler-Ahlrichs [JCP 102, 346 (1995); DOI:10.1063/1.469408] (M4) radial grids
    
becke partition: Becke, JCP 88, 2547 (1988); DOI:10.1063/1.454033
pruning grids: <function nwchem_prune at 0x14ead407fd90>
grids dens level: 3
symmetrized grids: False
atomic radii adjust function: <function treutler_atomic_radii_adjust at 0x14ead407e7a0>
small_rho_cutoff = 0
******** <class 'pyscf.solvent.ddcosmo.ddCOSMO'> ********
lebedev_order = 17 (110 grids per sphere)
lmax = 6
eta = 0.1
eps = 3.0
frozen = False
equilibrium_solvation = False
radial grids: 
    Treutler-Ahlrichs [JCP 102, 346 (1995); DOI:10.1063/1.469408] (M4) radial grids
    
becke partition: Becke, JCP 88, 2547 (1988); DOI:10.1063/1.454033
pruning grids: <function nwchem_prune at 0x14ead407fd90>
grids dens level: 3
symmetrized grids: False
atomic radii adjust function: <function treutler_atomic_radii_adjust at 0x14ead407e7a0>
Set gradient conv threshold to 3.16228e-05
Initial guess from minao.
tot grids = 448776
******** <class 'pyscf.df.df.DF'> ********
auxbasis = None
max_memory = 4000
Default auxbasis heavy-aug-cc-pvdz-jkfit is used for N 6-31+G**
Default auxbasis heavy-aug-cc-pvdz-jkfit is used for O 6-31+G**
Default auxbasis heavy-aug-cc-pvdz-jkfit is used for C 6-31+G**
Default auxbasis heavy-aug-cc-pvdz-jkfit is used for H 6-31+G**
tot grids = 448772
ddCOSMO E_diel = -0.000245424516650902
Solvent Energy = -0.000245424516650902
init E= -903.802508361293

WARN: 5 small eigenvectors of overlap matrix removed because of linear dependency between AOs.


  HOMO = -0.219213742184601  LUMO = -0.128169510773337
ddCOSMO E_diel = -0.0262531409456622
Solvent Energy = -0.0262531409456622
cycle= 1 E= -900.1556288598  delta_E= 3.65  |g|= 1.14  |ddm|=  220
  HOMO = -0.124077505475159  LUMO = -0.0403999697757311
ddCOSMO E_diel = -0.00770720523489909
Solvent Energy = -0.00770720523489909
cycle= 2 E= -899.585316100397  delta_E= 0.57  |g|= 2.05  |ddm|= 25.1
  HOMO = -0.181254962273944  LUMO = -0.0573807048547894
ddCOSMO E_diel = -0.01447223982876
Solvent Energy = -0.01447223982876
cycle= 3 E= -900.39573526471  delta_E= -0.81  |g|= 0.356  |ddm|= 15.9
  HOMO = -0.195521390297799  LUMO = -0.0701729458293854
ddCOSMO E_diel = -0.0118769166485519
Solvent Energy = -0.0118769166485519
cycle= 4 E= -900.420181120782  delta_E= -0.0244  |g|= 0.122  |ddm|= 4.71
  HOMO = -0.198887703554829  LUMO = -0.0724572659695895
ddCOSMO E_diel = -0.0123008403289571
Solvent Energy = -0.0123008403289571
cycle= 5 E= -900.422579598008  delta_E= -0.0024  |g|= 0.0428  |ddm|= 0.675
  HOMO = -0.195570463112732  LUMO = -0.0693248721642448
ddCOSMO E_diel = -0.0121260355602192
Solvent Energy = -0.0121260355602192
cycle= 6 E= -900.422983337701  delta_E= -0.000404  |g|= 0.00956  |ddm|= 0.492
  HOMO = -0.195710607602753  LUMO = -0.0692556366769628
ddCOSMO E_diel = -0.0121103783625039
Solvent Energy = -0.0121103783625039
cycle= 7 E= -900.423001541159  delta_E= -1.82e-05  |g|= 0.00333  |ddm|= 0.079
  HOMO = -0.195803403844189  LUMO = -0.0693817146948699
ddCOSMO E_diel = -0.0121260946929587
Solvent Energy = -0.0121260946929587
cycle= 8 E= -900.423004042275  delta_E= -2.5e-06  |g|= 0.00105  |ddm|= 0.0303
  HOMO = -0.195811425643138  LUMO = -0.0693810583246184
ddCOSMO E_diel = -0.0121272762708378
Solvent Energy = -0.0121272762708378
cycle= 9 E= -900.423004283926  delta_E= -2.42e-07  |g|= 0.000404  |ddm|= 0.0085
  HOMO = -0.195791648393437  LUMO = -0.0693761958755785
ddCOSMO E_diel = -0.0121279664335373
Solvent Energy = -0.0121279664335373
cycle= 10 E= -900.423004321875  delta_E= -3.79e-08  |g|= 0.000137  |ddm|= 0.00501
  HOMO = -0.195798781554649  LUMO = -0.0693702605896553
ddCOSMO E_diel = -0.0121273291146263
Solvent Energy = -0.0121273291146263
cycle= 11 E= -900.423004325887  delta_E= -4.01e-09  |g|= 8.06e-05  |ddm|= 0.00183
  HOMO = -0.195796430665665  LUMO = -0.0693719565350501
ddCOSMO E_diel = -0.0121272604052055
Solvent Energy = -0.0121272604052055
cycle= 12 E= -900.423004327405  delta_E= -1.52e-09  |g|= 1.35e-05  |ddm|= 0.000786
  HOMO = -0.195796697570409  LUMO = -0.0693722157439649
ddCOSMO E_diel = -0.0121271840118798
Solvent Energy = -0.0121271840118798
cycle= 13 E= -900.423004327433  delta_E= -2.77e-11  |g|= 1.15e-05  |ddm|= 0.000203
  HOMO = -0.195796009446339  LUMO = -0.0693719787251386
ddCOSMO E_diel = -0.0121272967447379
Solvent Energy = -0.0121272967447379
Extra cycle  E= -900.42300432737  delta_E= 6.32e-11  |g|= 2.01e-05  |ddm|= 0.000167
converged SCF energy = -900.42300432737

--- Running Standard TD-DFT to find Resonance and Dipole ---


******** <class 'pyscf.solvent._attach_solvent.ddCOSMOTDA'> for <class 'pyscf.solvent._attach_solvent.ddCOSMODFRKS'> ********
nstates = 5 singlet
deg_eia_thresh = 1.000e-03
wfnsym = None
conv_tol = 1e-05
eigh lindep = 1e-12
eigh level_shift = 0
eigh max_cycle = 100
chkfile = /tmp/tmp5co2zhvl
max_memory 4000 MB (current use 2087 MB)


Solvent model for TDDFT:
******** <class 'pyscf.solvent.ddcosmo.ddCOSMO'> ********
lebedev_order = 17 (110 grids per sphere)
lmax = 6
eta = 0.1
eps = 1.78
frozen = False
equilibrium_solvation = None
radial grids: 
    Treutler-Ahlrichs [JCP 102, 346 (1995); DOI:10.1063/1.469408] (M4) radial grids
    
becke partition: Becke, JCP 88, 2547 (1988); DOI:10.1063/1.454033
pruning grids: <function nwchem_prune at 0x14ead407fd90>
grids dens level: 3
symmetrized grids: False
atomic radii adjust function: <function treutler_atomic_radii_adjust at 0x14ead407e7a0>
TDDFT non-equilibrium solvation with eps=1.78
Excitation energies (eV)
[3.27610046 3.70574011 4.37692284 4.53013301 4.69751831]

>> AUTO-TUNING RESULTS <<
Resonant Cavity Freq : 0.120394 a.u. (3.276 eV)
TDM Vector (Raw)     : [-2.9757, -1.1275, -0.0285]
TDM Direction (Unit) : [-0.9351, -0.3543, -0.0090]

--- Starting QED Lambda Scan ---

========================================
 RUNNING COUPLING STRENGTH: 0.000
========================================


******** <class 'qed.tdscf.rhf.TDASym'> from <class 'pyscf.solvent._attach_solvent.ddCOSMOTDA'>-<class 'qed.cavity.rhf.RestrictedJaynesCummings'>-<class 'pyscf.solvent._attach_solvent.ddCOSMODFRKS'> ********
cQED-TDDFT:          Yang, et. al. J. Chem. Phys. 155, 064107 (2021) https://doi.org/10.1063/5.0057542
Analytical Gradient: Yang, et. al. J. Chem. Phys. 156, 124104 (2022) https://doi.org/10.1063/5.0082386
nov              = 26496
nstates          = 5 singlet
1 cavity mode in the calculation:
Cavity    1: freq =  0.1204, mode = (-0.0000, -0.0000, -0.0000)
wfnsym           = None
conv_tol         = 1e-09
eigh lindep      = 1e-12
eigh level_shift = 0
eigh max_space   = 50
eigh max_cycle   = 100
chkfile          = /tmp/tmp5co2zhvl
max_memory 4000 MB (current use 2196 MB)


TDDFT non-equilibrium solvation with eps=1.78
istate =    0, norms2_elec =  1.0000, norms2_ph =  0.0000
istate =    1, norms2_elec =  0.0000, norms2_ph =  1.0000
istate =    2, norms2_elec =  1.0000, norms2_ph =  0.0000
istate =    3, norms2_elec =  1.0000, norms2_ph =  0.0000
istate =    4, norms2_elec =  1.0000, norms2_ph =  0.0000
Excited State energies (eV)
[3.27610046 3.27610046 3.70574011 4.37692284 4.53013301]

========================================
 RUNNING COUPLING STRENGTH: 0.001
========================================


******** <class 'qed.tdscf.rhf.TDASym'> from <class 'pyscf.solvent._attach_solvent.ddCOSMOTDA'>-<class 'qed.cavity.rhf.RestrictedJaynesCummings'>-<class 'pyscf.solvent._attach_solvent.ddCOSMODFRKS'> ********
cQED-TDDFT:          Yang, et. al. J. Chem. Phys. 155, 064107 (2021) https://doi.org/10.1063/5.0057542
Analytical Gradient: Yang, et. al. J. Chem. Phys. 156, 124104 (2022) https://doi.org/10.1063/5.0082386
nov              = 26496
nstates          = 5 singlet
1 cavity mode in the calculation:
Cavity    1: freq =  0.1204, mode = (-0.0009, -0.0004, -0.0000)
wfnsym           = None
conv_tol         = 1e-09
eigh lindep      = 1e-12
eigh level_shift = 0
eigh max_space   = 50
eigh max_cycle   = 100
chkfile          = /tmp/tmp5co2zhvl
max_memory 4000 MB (current use 2222 MB)


TDDFT non-equilibrium solvation with eps=1.78
istate =    0, norms2_elec =  0.4944, norms2_ph =  0.5056
istate =    1, norms2_elec =  0.5059, norms2_ph =  0.4941
istate =    2, norms2_elec =  0.9998, norms2_ph =  0.0002
istate =    3, norms2_elec =  1.0000, norms2_ph =  0.0000
istate =    4, norms2_elec =  1.0000, norms2_ph =  0.0000
Excited State energies (eV)
[3.25461423 3.29710213 3.70582914 4.37693158 4.53013308]

========================================
 RUNNING COUPLING STRENGTH: 0.002
========================================


******** <class 'qed.tdscf.rhf.TDASym'> from <class 'pyscf.solvent._attach_solvent.ddCOSMOTDA'>-<class 'qed.cavity.rhf.RestrictedJaynesCummings'>-<class 'pyscf.solvent._attach_solvent.ddCOSMODFRKS'> ********
cQED-TDDFT:          Yang, et. al. J. Chem. Phys. 155, 064107 (2021) https://doi.org/10.1063/5.0057542
Analytical Gradient: Yang, et. al. J. Chem. Phys. 156, 124104 (2022) https://doi.org/10.1063/5.0082386
nov              = 26496
nstates          = 5 singlet
1 cavity mode in the calculation:
Cavity    1: freq =  0.1204, mode = (-0.0019, -0.0007, -0.0000)
wfnsym           = None
conv_tol         = 1e-09
eigh lindep      = 1e-12
eigh level_shift = 0
eigh max_space   = 50
eigh max_cycle   = 100
chkfile          = /tmp/tmp5co2zhvl
max_memory 4000 MB (current use 2239 MB)


TDDFT non-equilibrium solvation with eps=1.78
istate =    0, norms2_elec =  0.4892, norms2_ph =  0.5108
istate =    1, norms2_elec =  0.5121, norms2_ph =  0.4879
istate =    2, norms2_elec =  0.9992, norms2_ph =  0.0008
istate =    3, norms2_elec =  1.0000, norms2_ph =  0.0000
istate =    4, norms2_elec =  1.0000, norms2_ph =  0.0000
Excited State energies (eV)
[3.23265385 3.31760775 3.70609751 4.3769578  4.53013327]

========================================
 RUNNING COUPLING STRENGTH: 0.003
========================================


******** <class 'qed.tdscf.rhf.TDASym'> from <class 'pyscf.solvent._attach_solvent.ddCOSMOTDA'>-<class 'qed.cavity.rhf.RestrictedJaynesCummings'>-<class 'pyscf.solvent._attach_solvent.ddCOSMODFRKS'> ********
cQED-TDDFT:          Yang, et. al. J. Chem. Phys. 155, 064107 (2021) https://doi.org/10.1063/5.0057542
Analytical Gradient: Yang, et. al. J. Chem. Phys. 156, 124104 (2022) https://doi.org/10.1063/5.0082386
nov              = 26496
nstates          = 5 singlet
1 cavity mode in the calculation:
Cavity    1: freq =  0.1204, mode = (-0.0028, -0.0011, -0.0000)
wfnsym           = None
conv_tol         = 1e-09
eigh lindep      = 1e-12
eigh level_shift = 0
eigh max_space   = 50
eigh max_cycle   = 100
chkfile          = /tmp/tmp5co2zhvl
max_memory 4000 MB (current use 2240 MB)


TDDFT non-equilibrium solvation with eps=1.78
istate =    0, norms2_elec =  0.4841, norms2_ph =  0.5159
istate =    1, norms2_elec =  0.5186, norms2_ph =  0.4814
istate =    2, norms2_elec =  0.9981, norms2_ph =  0.0019
istate =    3, norms2_elec =  0.9999, norms2_ph =  0.0001
istate =    4, norms2_elec =  1.0000, norms2_ph =  0.0000
Excited State energies (eV)
[3.21022882 3.33760457 3.7065491  4.37700147 4.53013359]

========================================
 RUNNING COUPLING STRENGTH: 0.004
========================================


******** <class 'qed.tdscf.rhf.TDASym'> from <class 'pyscf.solvent._attach_solvent.ddCOSMOTDA'>-<class 'qed.cavity.rhf.RestrictedJaynesCummings'>-<class 'pyscf.solvent._attach_solvent.ddCOSMODFRKS'> ********
cQED-TDDFT:          Yang, et. al. J. Chem. Phys. 155, 064107 (2021) https://doi.org/10.1063/5.0057542
Analytical Gradient: Yang, et. al. J. Chem. Phys. 156, 124104 (2022) https://doi.org/10.1063/5.0082386
nov              = 26496
nstates          = 5 singlet
1 cavity mode in the calculation:
Cavity    1: freq =  0.1204, mode = (-0.0037, -0.0014, -0.0000)
wfnsym           = None
conv_tol         = 1e-09
eigh lindep      = 1e-12
eigh level_shift = 0
eigh max_space   = 50
eigh max_cycle   = 100
chkfile          = /tmp/tmp5co2zhvl
max_memory 4000 MB (current use 2241 MB)


TDDFT non-equilibrium solvation with eps=1.78
istate =    0, norms2_elec =  0.4793, norms2_ph =  0.5207
istate =    1, norms2_elec =  0.5256, norms2_ph =  0.4744
istate =    2, norms2_elec =  0.9966, norms2_ph =  0.0034
istate =    3, norms2_elec =  0.9999, norms2_ph =  0.0001
istate =    4, norms2_elec =  1.0000, norms2_ph =  0.0000
Excited State energies (eV)
[3.18734786 3.35707841 3.70719043 4.37706253 4.53013403]

========================================
 RUNNING COUPLING STRENGTH: 0.005
========================================


******** <class 'qed.tdscf.rhf.TDASym'> from <class 'pyscf.solvent._attach_solvent.ddCOSMOTDA'>-<class 'qed.cavity.rhf.RestrictedJaynesCummings'>-<class 'pyscf.solvent._attach_solvent.ddCOSMODFRKS'> ********
cQED-TDDFT:          Yang, et. al. J. Chem. Phys. 155, 064107 (2021) https://doi.org/10.1063/5.0057542
Analytical Gradient: Yang, et. al. J. Chem. Phys. 156, 124104 (2022) https://doi.org/10.1063/5.0082386
nov              = 26496
nstates          = 5 singlet
1 cavity mode in the calculation:
Cavity    1: freq =  0.1204, mode = (-0.0047, -0.0018, -0.0000)
wfnsym           = None
conv_tol         = 1e-09
eigh lindep      = 1e-12
eigh level_shift = 0
eigh max_space   = 50
eigh max_cycle   = 100
chkfile          = /tmp/tmp5co2zhvl
max_memory 4000 MB (current use 2242 MB)


TDDFT non-equilibrium solvation with eps=1.78
istate =    0, norms2_elec =  0.4747, norms2_ph =  0.5253
istate =    1, norms2_elec =  0.5331, norms2_ph =  0.4669
istate =    2, norms2_elec =  0.9945, norms2_ph =  0.0055
istate =    3, norms2_elec =  0.9998, norms2_ph =  0.0002
istate =    4, norms2_elec =  1.0000, norms2_ph =  0.0000
Excited State energies (eV)
[3.16401904 3.3760134  3.70803078 4.3771409  4.53013461]

========================================
 RUNNING COUPLING STRENGTH: 0.006
========================================


******** <class 'qed.tdscf.rhf.TDASym'> from <class 'pyscf.solvent._attach_solvent.ddCOSMOTDA'>-<class 'qed.cavity.rhf.RestrictedJaynesCummings'>-<class 'pyscf.solvent._attach_solvent.ddCOSMODFRKS'> ********
cQED-TDDFT:          Yang, et. al. J. Chem. Phys. 155, 064107 (2021) https://doi.org/10.1063/5.0057542
Analytical Gradient: Yang, et. al. J. Chem. Phys. 156, 124104 (2022) https://doi.org/10.1063/5.0082386
nov              = 26496
nstates          = 5 singlet
1 cavity mode in the calculation:
Cavity    1: freq =  0.1204, mode = (-0.0056, -0.0021, -0.0001)
wfnsym           = None
conv_tol         = 1e-09
eigh lindep      = 1e-12
eigh level_shift = 0
eigh max_space   = 50
eigh max_cycle   = 100
chkfile          = /tmp/tmp5co2zhvl
max_memory 4000 MB (current use 2244 MB)


TDDFT non-equilibrium solvation with eps=1.78
istate =    0, norms2_elec =  0.4703, norms2_ph =  0.5297
istate =    1, norms2_elec =  0.5411, norms2_ph =  0.4589
istate =    2, norms2_elec =  0.9919, norms2_ph =  0.0081
istate =    3, norms2_elec =  0.9997, norms2_ph =  0.0003
istate =    4, norms2_elec =  1.0000, norms2_ph =  0.0000
Excited State energies (eV)
[3.14024987 3.39439181 3.7090823  4.3772365  4.5301353 ]

========================================
 RUNNING COUPLING STRENGTH: 0.007
========================================


******** <class 'qed.tdscf.rhf.TDASym'> from <class 'pyscf.solvent._attach_solvent.ddCOSMOTDA'>-<class 'qed.cavity.rhf.RestrictedJaynesCummings'>-<class 'pyscf.solvent._attach_solvent.ddCOSMODFRKS'> ********
cQED-TDDFT:          Yang, et. al. J. Chem. Phys. 155, 064107 (2021) https://doi.org/10.1063/5.0057542
Analytical Gradient: Yang, et. al. J. Chem. Phys. 156, 124104 (2022) https://doi.org/10.1063/5.0082386
nov              = 26496
nstates          = 5 singlet
1 cavity mode in the calculation:
Cavity    1: freq =  0.1204, mode = (-0.0065, -0.0025, -0.0001)
wfnsym           = None
conv_tol         = 1e-09
eigh lindep      = 1e-12
eigh level_shift = 0
eigh max_space   = 50
eigh max_cycle   = 100
chkfile          = /tmp/tmp5co2zhvl
max_memory 4000 MB (current use 2245 MB)


TDDFT non-equilibrium solvation with eps=1.78
istate =    0, norms2_elec =  0.4661, norms2_ph =  0.5339
istate =    1, norms2_elec =  0.5498, norms2_ph =  0.4502
istate =    2, norms2_elec =  0.9887, norms2_ph =  0.0113
istate =    3, norms2_elec =  0.9996, norms2_ph =  0.0004
istate =    4, norms2_elec =  1.0000, norms2_ph =  0.0000
Excited State energies (eV)
[3.11604738 3.41219377 3.71036011 4.37734921 4.53013612]

========================================
 RUNNING COUPLING STRENGTH: 0.008
========================================


******** <class 'qed.tdscf.rhf.TDASym'> from <class 'pyscf.solvent._attach_solvent.ddCOSMOTDA'>-<class 'qed.cavity.rhf.RestrictedJaynesCummings'>-<class 'pyscf.solvent._attach_solvent.ddCOSMODFRKS'> ********
cQED-TDDFT:          Yang, et. al. J. Chem. Phys. 155, 064107 (2021) https://doi.org/10.1063/5.0057542
Analytical Gradient: Yang, et. al. J. Chem. Phys. 156, 124104 (2022) https://doi.org/10.1063/5.0082386
nov              = 26496
nstates          = 5 singlet
1 cavity mode in the calculation:
Cavity    1: freq =  0.1204, mode = (-0.0075, -0.0028, -0.0001)
wfnsym           = None
conv_tol         = 1e-09
eigh lindep      = 1e-12
eigh level_shift = 0
eigh max_space   = 50
eigh max_cycle   = 100
chkfile          = /tmp/tmp5co2zhvl
max_memory 4000 MB (current use 2247 MB)


TDDFT non-equilibrium solvation with eps=1.78
istate =    0, norms2_elec =  0.4620, norms2_ph =  0.5380
istate =    1, norms2_elec =  0.5591, norms2_ph =  0.4409
istate =    2, norms2_elec =  0.9848, norms2_ph =  0.0152
istate =    3, norms2_elec =  0.9995, norms2_ph =  0.0005
istate =    4, norms2_elec =  1.0000, norms2_ph =  0.0000
Excited State energies (eV)
[3.0914182  3.42939715 3.71188245 4.37747889 4.53013707]

========================================
 RUNNING COUPLING STRENGTH: 0.009
========================================


******** <class 'qed.tdscf.rhf.TDASym'> from <class 'pyscf.solvent._attach_solvent.ddCOSMOTDA'>-<class 'qed.cavity.rhf.RestrictedJaynesCummings'>-<class 'pyscf.solvent._attach_solvent.ddCOSMODFRKS'> ********
cQED-TDDFT:          Yang, et. al. J. Chem. Phys. 155, 064107 (2021) https://doi.org/10.1063/5.0057542
Analytical Gradient: Yang, et. al. J. Chem. Phys. 156, 124104 (2022) https://doi.org/10.1063/5.0082386
nov              = 26496
nstates          = 5 singlet
1 cavity mode in the calculation:
Cavity    1: freq =  0.1204, mode = (-0.0084, -0.0032, -0.0001)
wfnsym           = None
conv_tol         = 1e-09
eigh lindep      = 1e-12
eigh level_shift = 0
eigh max_space   = 50
eigh max_cycle   = 100
chkfile          = /tmp/tmp5co2zhvl
max_memory 4000 MB (current use 2243 MB)


TDDFT non-equilibrium solvation with eps=1.78
istate =    0, norms2_elec =  0.4581, norms2_ph =  0.5419
istate =    1, norms2_elec =  0.5693, norms2_ph =  0.4307
istate =    2, norms2_elec =  0.9802, norms2_ph =  0.0198
istate =    3, norms2_elec =  0.9994, norms2_ph =  0.0006
istate =    4, norms2_elec =  1.0000, norms2_ph =  0.0000
Excited State energies (eV)
[3.06636864 3.44597738 3.71367072 4.37762538 4.53013813]

========================================
 RUNNING COUPLING STRENGTH: 0.010
========================================


******** <class 'qed.tdscf.rhf.TDASym'> from <class 'pyscf.solvent._attach_solvent.ddCOSMOTDA'>-<class 'qed.cavity.rhf.RestrictedJaynesCummings'>-<class 'pyscf.solvent._attach_solvent.ddCOSMODFRKS'> ********
cQED-TDDFT:          Yang, et. al. J. Chem. Phys. 155, 064107 (2021) https://doi.org/10.1063/5.0057542
Analytical Gradient: Yang, et. al. J. Chem. Phys. 156, 124104 (2022) https://doi.org/10.1063/5.0082386
nov              = 26496
nstates          = 5 singlet
1 cavity mode in the calculation:
Cavity    1: freq =  0.1204, mode = (-0.0094, -0.0035, -0.0001)
wfnsym           = None
conv_tol         = 1e-09
eigh lindep      = 1e-12
eigh level_shift = 0
eigh max_space   = 50
eigh max_cycle   = 100
chkfile          = /tmp/tmp5co2zhvl
max_memory 4000 MB (current use 2244 MB)


TDDFT non-equilibrium solvation with eps=1.78
istate =    0, norms2_elec =  0.4543, norms2_ph =  0.5457
istate =    1, norms2_elec =  0.5803, norms2_ph =  0.4197
istate =    2, norms2_elec =  0.9746, norms2_ph =  0.0254
istate =    3, norms2_elec =  0.9992, norms2_ph =  0.0008
istate =    4, norms2_elec =  1.0000, norms2_ph =  0.0000
Excited State energies (eV)
[3.04090472 3.46190752 3.7157494  4.37778852 4.53013932]
